<?xml version="1.0" encoding="UTF-8"?>
<coverage generated="1788548243679" clover="3.2.0">
  <project timestamp="1788548243679" name="All files">
    <metrics statements="461" coveredstatements="461" conditionals="289" coveredconditionals="265" methods="46" coveredmethods="45" elements="796" coveredelements="771" complexity="0" loc="461" ncloc="461" packages="2" files="3" classes="3"/>
    <package name="src">
      <metrics statements="402" coveredstatements="402" conditionals="245" coveredconditionals="223" methods="38" coveredmethods="38"/>
      <file name="index.ts" path="/home/johnattas/GitHub/MaxPinia/.max-code-worktrees/wt-implement-issue-5/src/index.ts">
        <metrics statements="2" coveredstatements="2" conditionals="0" coveredconditionals="0" methods="0" coveredmethods="0"/>
        <line num="1" count="1" type="stmt"/>
        <line num="9" count="1" type="stmt"/>
      </file>
      <file name="plugin.ts" path="/home/johnattas/GitHub/MaxPinia/.max-code-worktrees/wt-implement-issue-5/src/plugin.ts">
        <metrics statements="400" coveredstatements="400" conditionals="245" coveredconditionals="223" methods="38" coveredmethods="38"/>
        <line num="1" count="1" type="stmt"/>
        <line num="3" count="1" type="stmt"/>
        <line num="4" count="1" type="stmt"/>
        <line num="5" count="1" type="stmt"/>
        <line num="8" count="1" type="stmt"/>
        <line num="10" count="1" type="cond" truecount="1" falsecount="0"/>
        <line num="12" count="1" type="cond" truecount="1" falsecount="0"/>
        <line num="13" count="63" type="cond" truecount="4" falsecount="0"/>
        <line num="14" count="6" type="stmt"/>
        <line num="15" count="8" type="cond" truecount="4" falsecount="0"/>
        <line num="16" count="6" type="stmt"/>
        <line num="17" count="63" type="cond" truecount="0" falsecount="1"/>
        <line num="18" count="63" type="stmt"/>
        <line num="42" count="1" type="cond" truecount="1" falsecount="0"/>
        <line num="43" count="57" type="stmt"/>
        <line num="45" count="57" type="cond" truecount="1" falsecount="0"/>
        <line num="46" count="1" type="cond" truecount="0" falsecount="1"/>
        <line num="47" count="1" type="stmt"/>
        <line num="48" count="1" type="stmt"/>
        <line num="49" count="1" type="stmt"/>
        <line num="50" count="1" type="stmt"/>
        <line num="51" count="1" type="cond" truecount="0" falsecount="1"/>
        <line num="52" count="1" type="cond" truecount="0" falsecount="1"/>
        <line num="53" count="1" type="stmt"/>
        <line num="54" count="1" type="stmt"/>
        <line num="55" count="1" type="stmt"/>
        <line num="56" count="1" type="cond" truecount="0" falsecount="1"/>
        <line num="57" count="1" type="stmt"/>
        <line num="58" count="1" type="stmt"/>
        <line num="59" count="1" type="stmt"/>
        <line num="60" count="1" type="stmt"/>
        <line num="62" count="57" type="cond" truecount="1" falsecount="0"/>
        <line num="64" count="57" type="stmt"/>
        <line num="65" count="57" type="stmt"/>
        <line num="66" count="57" type="stmt"/>
        <line num="67" count="57" type="cond" truecount="1" falsecount="0"/>
        <line num="68" count="57" type="cond" truecount="1" falsecount="0"/>
        <line num="69" count="57" type="cond" truecount="1" falsecount="0"/>
        <line num="70" count="57" type="cond" truecount="1" falsecount="0"/>
        <line num="71" count="57" type="cond" truecount="1" falsecount="0"/>
        <line num="72" count="57" type="cond" truecount="2" falsecount="0"/>
        <line num="73" count="57" type="cond" truecount="1" falsecount="0"/>
        <line num="74" count="57" type="stmt"/>
        <line num="75" count="57" type="cond" truecount="2" falsecount="0"/>
        <line num="76" count="57" type="stmt"/>
        <line num="77" count="57" type="stmt"/>
        <line num="78" count="57" type="stmt"/>
        <line num="80" count="57" type="cond" truecount="1" falsecount="0"/>
        <line num="81" count="57" type="stmt"/>
        <line num="82" count="57" type="stmt"/>
        <line num="83" count="57" type="stmt"/>
        <line num="84" count="57" type="stmt"/>
        <line num="85" count="57" type="stmt"/>
        <line num="87" count="57" type="cond" truecount="0" falsecount="2"/>
        <line num="89" count="57" type="stmt"/>
        <line num="90" count="57" type="stmt"/>
        <line num="92" count="57" type="stmt"/>
        <line num="93" count="57" type="stmt"/>
        <line num="95" count="57" type="stmt"/>
        <line num="97" count="57" type="stmt"/>
        <line num="99" count="57" type="cond" truecount="4" falsecount="0"/>
        <line num="100" count="57" type="cond" truecount="4" falsecount="0"/>
        <line num="101" count="57" type="cond" truecount="1" falsecount="0"/>
        <line num="102" count="57" type="cond" truecount="5" falsecount="2"/>
        <line num="103" count="57" type="cond" truecount="5" falsecount="0"/>
        <line num="104" count="57" type="cond" truecount="1" falsecount="0"/>
        <line num="105" count="57" type="cond" truecount="1" falsecount="0"/>
        <line num="106" count="28" type="cond" truecount="1" falsecount="0"/>
        <line num="107" count="28" type="stmt"/>
        <line num="108" count="28" type="cond" truecount="1" falsecount="0"/>
        <line num="109" count="28" type="stmt"/>
        <line num="110" count="28" type="stmt"/>
        <line num="112" count="57" type="cond" truecount="7" falsecount="1"/>
        <line num="114" count="57" type="stmt"/>
        <line num="115" count="57" type="stmt"/>
        <line num="117" count="57" type="stmt"/>
        <line num="118" count="57" type="stmt"/>
        <line num="119" count="57" type="stmt"/>
        <line num="120" count="57" type="stmt"/>
        <line num="121" count="57" type="stmt"/>
        <line num="122" count="57" type="stmt"/>
        <line num="123" count="57" type="stmt"/>
        <line num="124" count="57" type="stmt"/>
        <line num="126" count="57" type="cond" truecount="1" falsecount="0"/>
        <line num="127" count="59" type="cond" truecount="2" falsecount="0"/>
        <line num="128" count="1" type="stmt"/>
        <line num="129" count="57" type="stmt"/>
        <line num="131" count="57" type="stmt"/>
        <line num="132" count="57" type="cond" truecount="1" falsecount="1"/>
        <line num="134" count="57" type="cond" truecount="2" falsecount="0"/>
        <line num="135" count="127" type="stmt"/>
        <line num="136" count="127" type="stmt"/>
        <line num="137" count="127" type="cond" truecount="1" falsecount="0"/>
        <line num="138" count="25" type="stmt"/>
        <line num="139" count="25" type="stmt"/>
        <line num="140" count="127" type="stmt"/>
        <line num="141" count="57" type="stmt"/>
        <line num="143" count="57" type="cond" truecount="2" falsecount="0"/>
        <line num="144" count="131" type="stmt"/>
        <line num="145" count="131" type="stmt"/>
        <line num="146" count="131" type="cond" truecount="1" falsecount="0"/>
        <line num="147" count="26" type="stmt"/>
        <line num="148" count="26" type="stmt"/>
        <line num="149" count="131" type="stmt"/>
        <line num="150" count="57" type="stmt"/>
        <line num="152" count="57" type="cond" truecount="2" falsecount="0"/>
        <line num="153" count="172" type="stmt"/>
        <line num="154" count="172" type="stmt"/>
        <line num="155" count="172" type="cond" truecount="1" falsecount="0"/>
        <line num="156" count="45" type="stmt"/>
        <line num="157" count="45" type="stmt"/>
        <line num="158" count="172" type="stmt"/>
        <line num="159" count="57" type="stmt"/>
        <line num="161" count="57" type="cond" truecount="2" falsecount="0"/>
        <line num="162" count="175" type="stmt"/>
        <line num="163" count="175" type="stmt"/>
        <line num="164" count="175" type="cond" truecount="1" falsecount="0"/>
        <line num="165" count="33" type="stmt"/>
        <line num="166" count="33" type="stmt"/>
        <line num="167" count="175" type="stmt"/>
        <line num="168" count="57" type="stmt"/>
        <line num="170" count="57" type="cond" truecount="3" falsecount="0"/>
        <line num="171" count="1" type="stmt"/>
        <line num="172" count="57" type="stmt"/>
        <line num="174" count="57" type="cond" truecount="1" falsecount="0"/>
        <line num="175" count="1" type="stmt"/>
        <line num="176" count="1" type="cond" truecount="0" falsecount="2"/>
        <line num="177" count="1" type="stmt"/>
        <line num="178" count="1" type="stmt"/>
        <line num="180" count="57" type="cond" truecount="1" falsecount="0"/>
        <line num="181" count="84" type="cond" truecount="0" falsecount="1"/>
        <line num="182" count="84" type="cond" truecount="0" falsecount="1"/>
        <line num="184" count="84" type="stmt"/>
        <line num="185" count="84" type="cond" truecount="1" falsecount="0"/>
        <line num="186" count="57" type="cond" truecount="1" falsecount="0"/>
        <line num="187" count="57" type="cond" truecount="2" falsecount="0"/>
        <line num="188" count="2" type="stmt"/>
        <line num="189" count="2" type="stmt"/>
        <line num="190" count="2" type="stmt"/>
        <line num="191" count="2" type="stmt"/>
        <line num="192" count="57" type="stmt"/>
        <line num="193" count="84" type="stmt"/>
        <line num="195" count="57" type="cond" truecount="1" falsecount="0"/>
        <line num="196" count="85" type="cond" truecount="1" falsecount="0"/>
        <line num="197" count="85" type="cond" truecount="1" falsecount="0"/>
        <line num="198" count="85" type="stmt"/>
        <line num="200" count="57" type="stmt"/>
        <line num="201" count="57" type="cond" truecount="1" falsecount="0"/>
        <line num="202" count="3" type="stmt"/>
        <line num="203" count="3" type="cond" truecount="2" falsecount="0"/>
        <line num="204" count="3" type="stmt"/>
        <line num="205" count="3" type="cond" truecount="1" falsecount="0"/>
        <line num="206" count="2" type="stmt"/>
        <line num="207" count="2" type="cond" truecount="1" falsecount="0"/>
        <line num="208" count="2" type="stmt"/>
        <line num="209" count="2" type="stmt"/>
        <line num="210" count="2" type="stmt"/>
        <line num="211" count="2" type="stmt"/>
        <line num="212" count="3" type="stmt"/>
        <line num="214" count="57" type="cond" truecount="1" falsecount="0"/>
        <line num="215" count="67" type="stmt"/>
        <line num="216" count="67" type="cond" truecount="0" falsecount="1"/>
        <line num="217" count="67" type="cond" truecount="1" falsecount="1"/>
        <line num="219" count="67" type="stmt"/>
        <line num="220" count="67" type="cond" truecount="2" falsecount="0"/>
        <line num="222" count="67" type="cond" truecount="1" falsecount="0"/>
        <line num="223" count="13" type="stmt"/>
        <line num="224" count="13" type="cond" truecount="3" falsecount="0"/>
        <line num="225" count="13" type="cond" truecount="2" falsecount="0"/>
        <line num="226" count="13" type="cond" truecount="1" falsecount="0"/>
        <line num="228" count="28" type="stmt"/>
        <line num="229" count="28" type="stmt"/>
        <line num="230" count="28" type="stmt"/>
        <line num="231" count="28" type="stmt"/>
        <line num="232" count="28" type="stmt"/>
        <line num="233" count="28" type="stmt"/>
        <line num="235" count="28" type="stmt"/>
        <line num="236" count="28" type="stmt"/>
        <line num="238" count="67" type="cond" truecount="3" falsecount="0"/>
        <line num="240" count="28" type="stmt"/>
        <line num="241" count="28" type="stmt"/>
        <line num="242" count="28" type="cond" truecount="1" falsecount="0"/>
        <line num="243" count="24" type="stmt"/>
        <line num="244" count="24" type="stmt"/>
        <line num="245" count="24" type="cond" truecount="1" falsecount="0"/>
        <line num="246" count="2" type="stmt"/>
        <line num="247" count="2" type="stmt"/>
        <line num="248" count="2" type="stmt"/>
        <line num="249" count="2" type="stmt"/>
        <line num="250" count="24" type="stmt"/>
        <line num="251" count="24" type="stmt"/>
        <line num="252" count="24" type="stmt"/>
        <line num="253" count="24" type="stmt"/>
        <line num="254" count="24" type="stmt"/>
        <line num="255" count="24" type="stmt"/>
        <line num="257" count="24" type="cond" truecount="1" falsecount="0"/>
        <line num="258" count="28" type="stmt"/>
        <line num="259" count="28" type="cond" truecount="1" falsecount="0"/>
        <line num="260" count="2" type="cond" truecount="1" falsecount="0"/>
        <line num="261" count="1" type="stmt"/>
        <line num="262" count="1" type="stmt"/>
        <line num="263" count="1" type="stmt"/>
        <line num="264" count="1" type="stmt"/>
        <line num="265" count="1" type="stmt"/>
        <line num="266" count="28" type="stmt"/>
        <line num="267" count="28" type="cond" truecount="1" falsecount="0"/>
        <line num="268" count="26" type="stmt"/>
        <line num="269" count="26" type="stmt"/>
        <line num="270" count="26" type="stmt"/>
        <line num="271" count="28" type="stmt"/>
        <line num="272" count="67" type="stmt"/>
        <line num="274" count="57" type="cond" truecount="1" falsecount="0"/>
        <line num="275" count="9" type="stmt"/>
        <line num="276" count="9" type="cond" truecount="1" falsecount="0"/>
        <line num="277" count="9" type="stmt"/>
        <line num="279" count="57" type="cond" truecount="1" falsecount="0"/>
        <line num="280" count="57" type="stmt"/>
        <line num="281" count="57" type="cond" truecount="1" falsecount="1"/>
        <line num="283" count="57" type="stmt"/>
        <line num="284" count="57" type="stmt"/>
        <line num="285" count="57" type="stmt"/>
        <line num="286" count="57" type="stmt"/>
        <line num="287" count="57" type="stmt"/>
        <line num="288" count="57" type="cond" truecount="1" falsecount="0"/>
        <line num="289" count="56" type="stmt"/>
        <line num="290" count="56" type="stmt"/>
        <line num="291" count="56" type="cond" truecount="2" falsecount="0"/>
        <line num="292" count="3" type="stmt"/>
        <line num="293" count="3" type="stmt"/>
        <line num="294" count="3" type="cond" truecount="2" falsecount="0"/>
        <line num="295" count="1" type="stmt"/>
        <line num="296" count="1" type="stmt"/>
        <line num="297" count="3" type="cond" truecount="1" falsecount="0"/>
        <line num="299" count="3" type="stmt"/>
        <line num="300" count="3" type="cond" truecount="1" falsecount="0"/>
        <line num="301" count="3" type="cond" truecount="2" falsecount="0"/>
        <line num="303" count="2" type="cond" truecount="1" falsecount="0"/>
        <line num="304" count="3" type="cond" truecount="1" falsecount="0"/>
        <line num="305" count="1" type="stmt"/>
        <line num="306" count="1" type="stmt"/>
        <line num="307" count="1" type="stmt"/>
        <line num="308" count="1" type="cond" truecount="1" falsecount="0"/>
        <line num="309" count="53" type="cond" truecount="1" falsecount="0"/>
        <line num="311" count="55" type="stmt"/>
        <line num="312" count="55" type="stmt"/>
        <line num="313" count="55" type="stmt"/>
        <line num="314" count="57" type="stmt"/>
        <line num="315" count="57" type="cond" truecount="1" falsecount="0"/>
        <line num="316" count="1" type="stmt"/>
        <line num="317" count="1" type="stmt"/>
        <line num="318" count="1" type="stmt"/>
        <line num="319" count="1" type="stmt"/>
        <line num="320" count="57" type="stmt"/>
        <line num="321" count="57" type="cond" truecount="1" falsecount="0"/>
        <line num="322" count="57" type="stmt"/>
        <line num="323" count="57" type="stmt"/>
        <line num="324" count="57" type="stmt"/>
        <line num="325" count="57" type="stmt"/>
        <line num="326" count="57" type="stmt"/>
        <line num="328" count="57" type="cond" truecount="1" falsecount="0"/>
        <line num="329" count="58" type="stmt"/>
        <line num="330" count="58" type="cond" truecount="1" falsecount="0"/>
        <line num="331" count="58" type="cond" truecount="1" falsecount="0"/>
        <line num="332" count="58" type="stmt"/>
        <line num="333" count="57" type="stmt"/>
        <line num="335" count="57" type="cond" truecount="1" falsecount="0"/>
        <line num="337" count="57" type="cond" truecount="1" falsecount="0"/>
        <line num="338" count="55" type="stmt"/>
        <line num="339" count="55" type="cond" truecount="3" falsecount="0"/>
        <line num="340" count="1" type="stmt"/>
        <line num="341" count="1" type="stmt"/>
        <line num="342" count="1" type="cond" truecount="1" falsecount="0"/>
        <line num="343" count="54" type="cond" truecount="2" falsecount="0"/>
        <line num="345" count="55" type="cond" truecount="2" falsecount="1"/>
        <line num="348" count="55" type="stmt"/>
        <line num="349" count="55" type="stmt"/>
        <line num="350" count="55" type="stmt"/>
        <line num="351" count="55" type="stmt"/>
        <line num="352" count="55" type="stmt"/>
        <line num="353" count="55" type="cond" truecount="1" falsecount="0"/>
        <line num="354" count="49" type="stmt"/>
        <line num="355" count="49" type="stmt"/>
        <line num="356" count="55" type="stmt"/>
        <line num="357" count="55" type="cond" truecount="1" falsecount="0"/>
        <line num="358" count="1" type="stmt"/>
        <line num="359" count="1" type="stmt"/>
        <line num="360" count="1" type="stmt"/>
        <line num="361" count="1" type="stmt"/>
        <line num="362" count="55" type="stmt"/>
        <line num="363" count="55" type="cond" truecount="1" falsecount="0"/>
        <line num="364" count="50" type="stmt"/>
        <line num="365" count="50" type="stmt"/>
        <line num="366" count="55" type="stmt"/>
        <line num="367" count="55" type="stmt"/>
        <line num="369" count="57" type="cond" truecount="6" falsecount="1"/>
        <line num="370" count="57" type="cond" truecount="1" falsecount="0"/>
        <line num="371" count="57" type="cond" truecount="1" falsecount="0"/>
        <line num="372" count="39" type="cond" truecount="1" falsecount="0"/>
        <line num="373" count="39" type="cond" truecount="1" falsecount="0"/>
        <line num="374" count="39" type="cond" truecount="3" falsecount="0"/>
        <line num="375" count="1" type="stmt"/>
        <line num="376" count="14" type="cond" truecount="2" falsecount="0"/>
        <line num="377" count="1" type="stmt"/>
        <line num="378" count="39" type="stmt"/>
        <line num="379" count="57" type="stmt"/>
        <line num="380" count="57" type="cond" truecount="1" falsecount="0"/>
        <line num="381" count="39" type="stmt"/>
        <line num="382" count="39" type="stmt"/>
        <line num="383" count="39" type="cond" truecount="1" falsecount="0"/>
        <line num="385" count="39" type="cond" truecount="2" falsecount="0"/>
        <line num="386" count="39" type="cond" truecount="3" falsecount="0"/>
        <line num="387" count="36" type="cond" truecount="1" falsecount="1"/>
        <line num="389" count="39" type="cond" truecount="1" falsecount="0"/>
        <line num="390" count="13" type="stmt"/>
        <line num="391" count="13" type="cond" truecount="3" falsecount="0"/>
        <line num="392" count="13" type="cond" truecount="2" falsecount="0"/>
        <line num="393" count="13" type="cond" truecount="2" falsecount="0"/>
        <line num="395" count="32" type="stmt"/>
        <line num="396" count="32" type="stmt"/>
        <line num="397" count="32" type="stmt"/>
        <line num="398" count="32" type="stmt"/>
        <line num="400" count="32" type="stmt"/>
        <line num="401" count="32" type="stmt"/>
        <line num="402" count="32" type="stmt"/>
        <line num="403" count="32" type="stmt"/>
        <line num="404" count="32" type="cond" truecount="1" falsecount="0"/>
        <line num="405" count="1" type="stmt"/>
        <line num="406" count="1" type="stmt"/>
        <line num="407" count="32" type="stmt"/>
        <line num="408" count="32" type="stmt"/>
        <line num="409" count="32" type="stmt"/>
        <line num="410" count="32" type="stmt"/>
        <line num="411" count="32" type="stmt"/>
        <line num="412" count="32" type="stmt"/>
        <line num="413" count="32" type="stmt"/>
        <line num="414" count="32" type="stmt"/>
        <line num="416" count="39" type="cond" truecount="2" falsecount="0"/>
        <line num="417" count="2" type="cond" truecount="1" falsecount="0"/>
        <line num="418" count="2" type="cond" truecount="1" falsecount="0"/>
        <line num="419" count="2" type="cond" truecount="1" falsecount="0"/>
        <line num="421" count="32" type="stmt"/>
        <line num="422" count="32" type="stmt"/>
        <line num="423" count="32" type="cond" truecount="1" falsecount="0"/>
        <line num="424" count="26" type="cond" truecount="1" falsecount="0"/>
        <line num="425" count="4" type="stmt"/>
        <line num="426" count="4" type="cond" truecount="3" falsecount="0"/>
        <line num="427" count="3" type="cond" truecount="2" falsecount="1"/>
        <line num="428" count="4" type="stmt"/>
        <line num="429" count="4" type="stmt"/>
        <line num="431" count="26" type="stmt"/>
        <line num="432" count="26" type="stmt"/>
        <line num="433" count="26" type="stmt"/>
        <line num="434" count="26" type="stmt"/>
        <line num="435" count="26" type="stmt"/>
        <line num="436" count="26" type="cond" truecount="1" falsecount="0"/>
        <line num="437" count="26" type="cond" truecount="1" falsecount="0"/>
        <line num="438" count="32" type="stmt"/>
        <line num="439" count="32" type="cond" truecount="1" falsecount="0"/>
        <line num="440" count="2" type="stmt"/>
        <line num="441" count="2" type="stmt"/>
        <line num="442" count="2" type="stmt"/>
        <line num="443" count="2" type="stmt"/>
        <line num="444" count="32" type="stmt"/>
        <line num="445" count="32" type="cond" truecount="1" falsecount="0"/>
        <line num="446" count="28" type="stmt"/>
        <line num="447" count="28" type="stmt"/>
        <line num="448" count="32" type="stmt"/>
        <line num="449" count="39" type="stmt"/>
        <line num="451" count="57" type="stmt"/>
        <line num="452" count="57" type="cond" truecount="1" falsecount="0"/>
        <line num="453" count="57" type="cond" truecount="2" falsecount="0"/>
        <line num="455" count="57" type="stmt"/>
        <line num="456" count="57" type="cond" truecount="2" falsecount="0"/>
        <line num="457" count="101" type="cond" truecount="5" falsecount="0"/>
        <line num="458" count="101" type="cond" truecount="6" falsecount="0"/>
        <line num="459" count="101" type="cond" truecount="4" falsecount="0"/>
        <line num="460" count="10" type="stmt"/>
        <line num="461" count="57" type="stmt"/>
        <line num="463" count="57" type="cond" truecount="2" falsecount="0"/>
        <line num="465" count="57" type="cond" truecount="1" falsecount="0"/>
        <line num="466" count="1" type="stmt"/>
        <line num="467" count="1" type="stmt"/>
        <line num="468" count="57" type="stmt"/>
        <line num="470" count="57" type="cond" truecount="3" falsecount="0"/>
        <line num="471" count="59" type="stmt"/>
        <line num="472" count="59" type="stmt"/>
        <line num="473" count="59" type="stmt"/>
        <line num="474" count="59" type="stmt"/>
        <line num="475" count="59" type="stmt"/>
        <line num="476" count="59" type="cond" truecount="4" falsecount="0"/>
        <line num="477" count="57" type="stmt"/>
        <line num="478" count="57" type="stmt"/>
        <line num="480" count="57" type="cond" truecount="1" falsecount="0"/>
        <line num="482" count="57" type="stmt"/>
        <line num="483" count="57" type="stmt"/>
        <line num="486" count="1" type="cond" truecount="1" falsecount="0"/>
        <line num="487" count="1" type="stmt"/>
        <line num="488" count="1" type="cond" truecount="1" falsecount="0"/>
        <line num="489" count="1" type="stmt"/>
        <line num="490" count="1" type="stmt"/>
      </file>
    </package>
    <package name="src.helpers">
      <metrics statements="59" coveredstatements="59" conditionals="44" coveredconditionals="42" methods="8" coveredmethods="7"/>
      <file name="internal.ts" path="/home/johnattas/GitHub/MaxPinia/.max-code-worktrees/wt-implement-issue-5/src/helpers/internal.ts">
        <metrics statements="59" coveredstatements="59" conditionals="44" coveredconditionals="42" methods="8" coveredmethods="7"/>
        <line num="1" count="1" type="stmt"/>
        <line num="2" count="1" type="stmt"/>
        <line num="3" count="1" type="stmt"/>
        <line num="4" count="1" type="stmt"/>
        <line num="12" count="1" type="cond" truecount="1" falsecount="0"/>
        <line num="13" count="61" type="stmt"/>
        <line num="14" count="61" type="stmt"/>
        <line num="16" count="61" type="cond" truecount="1" falsecount="0"/>
        <line num="17" count="123" type="stmt"/>
        <line num="18" count="123" type="stmt"/>
        <line num="19" count="123" type="cond" truecount="1" falsecount="0"/>
        <line num="20" count="123" type="cond" truecount="0" falsecount="1"/>
        <line num="21" count="123" type="stmt"/>
        <line num="22" count="123" type="stmt"/>
        <line num="23" count="123" type="stmt"/>
        <line num="25" count="61" type="stmt"/>
        <line num="26" count="61" type="stmt"/>
        <line num="27" count="61" type="cond" truecount="0" falsecount="1"/>
        <line num="29" count="61" type="stmt"/>
        <line num="30" count="61" type="stmt"/>
        <line num="33" count="1" type="cond" truecount="1" falsecount="0"/>
        <line num="34" count="56" type="cond" truecount="3" falsecount="0"/>
        <line num="35" count="56" type="cond" truecount="3" falsecount="0"/>
        <line num="36" count="56" type="cond" truecount="3" falsecount="0"/>
        <line num="37" count="55" type="cond" truecount="2" falsecount="0"/>
        <line num="38" count="2" type="stmt"/>
        <line num="39" count="2" type="stmt"/>
        <line num="42" count="1" type="cond" truecount="1" falsecount="0"/>
        <line num="43" count="59" type="stmt"/>
        <line num="44" count="59" type="stmt"/>
        <line num="45" count="59" type="stmt"/>
        <line num="46" count="59" type="stmt"/>
        <line num="47" count="59" type="cond" truecount="1" falsecount="0"/>
        <line num="48" count="4" type="cond" truecount="2" falsecount="0"/>
        <line num="49" count="4" type="cond" truecount="4" falsecount="0"/>
        <line num="50" count="3" type="stmt"/>
        <line num="51" count="59" type="stmt"/>
        <line num="52" count="59" type="stmt"/>
        <line num="53" count="59" type="stmt"/>
        <line num="59" count="1" type="cond" truecount="1" falsecount="0"/>
        <line num="60" count="210" type="cond" truecount="1" falsecount="0"/>
        <line num="61" count="1203" type="cond" truecount="1" falsecount="0"/>
        <line num="62" count="1203" type="cond" truecount="1" falsecount="0"/>
        <line num="63" count="1203" type="cond" truecount="1" falsecount="0"/>
        <line num="64" count="1203" type="cond" truecount="2" falsecount="0"/>
        <line num="65" count="1203" type="cond" truecount="2" falsecount="0"/>
        <line num="66" count="1203" type="cond" truecount="1" falsecount="0"/>
        <line num="67" count="132" type="stmt"/>
        <line num="68" count="132" type="stmt"/>
        <line num="71" count="1" type="cond" truecount="1" falsecount="0"/>
        <line num="72" count="88" type="cond" truecount="1" falsecount="0"/>
        <line num="73" count="256" type="cond" truecount="1" falsecount="0"/>
        <line num="74" count="256" type="cond" truecount="1" falsecount="0"/>
        <line num="75" count="256" type="cond" truecount="1" falsecount="0"/>
        <line num="76" count="256" type="cond" truecount="2" falsecount="0"/>
        <line num="77" count="256" type="cond" truecount="1" falsecount="0"/>
        <line num="78" count="256" type="cond" truecount="1" falsecount="0"/>
        <line num="79" count="86" type="stmt"/>
        <line num="80" count="86" type="stmt"/>
      </file>
    </package>
  </project>
</coverage>
