{"/home/johnattas/GitHub/MaxPinia/.max-code-worktrees/wt-implement-issue-1/src/index.ts": {"path":"/home/johnattas/GitHub/MaxPinia/.max-code-worktrees/wt-implement-issue-1/src/index.ts","all":false,"statementMap":{"0":{"start":{"line":1,"column":0},"end":{"line":1,"column":58}},"8":{"start":{"line":9,"column":0},"end":{"line":9,"column":17}}},"s":{"0":1,"8":1},"branchMap":{},"b":{},"fnMap":{},"f":{}}
,"/home/johnattas/GitHub/MaxPinia/.max-code-worktrees/wt-implement-issue-1/src/plugin.ts": {"path":"/home/johnattas/GitHub/MaxPinia/.max-code-worktrees/wt-implement-issue-1/src/plugin.ts","all":false,"statementMap":{"0":{"start":{"line":1,"column":0},"end":{"line":1,"column":102}},"2":{"start":{"line":3,"column":0},"end":{"line":3,"column":38}},"3":{"start":{"line":4,"column":0},"end":{"line":4,"column":60}},"4":{"start":{"line":5,"column":0},"end":{"line":5,"column":46}},"7":{"start":{"line":8,"column":0},"end":{"line":8,"column":98}},"9":{"start":{"line":10,"column":0},"end":{"line":10,"column":52}},"11":{"start":{"line":12,"column":0},"end":{"line":12,"column":77}},"12":{"start":{"line":13,"column":0},"end":{"line":13,"column":64}},"13":{"start":{"line":14,"column":0},"end":{"line":14,"column":37}},"14":{"start":{"line":15,"column":0},"end":{"line":15,"column":108}},"15":{"start":{"line":16,"column":0},"end":{"line":16,"column":30}},"16":{"start":{"line":17,"column":0},"end":{"line":17,"column":39}},"17":{"start":{"line":18,"column":0},"end":{"line":18,"column":1}},"41":{"start":{"line":42,"column":0},"end":{"line":42,"column":78}},"42":{"start":{"line":43,"column":0},"end":{"line":43,"column":47}},"44":{"start":{"line":45,"column":0},"end":{"line":45,"column":58}},"45":{"start":{"line":46,"column":0},"end":{"line":46,"column":38}},"46":{"start":{"line":47,"column":0},"end":{"line":47,"column":82}},"47":{"start":{"line":48,"column":0},"end":{"line":48,"column":20}},"48":{"start":{"line":49,"column":0},"end":{"line":49,"column":55}},"49":{"start":{"line":50,"column":0},"end":{"line":50,"column":33}},"50":{"start":{"line":51,"column":0},"end":{"line":51,"column":72}},"51":{"start":{"line":52,"column":0},"end":{"line":52,"column":66}},"52":{"start":{"line":53,"column":0},"end":{"line":53,"column":63}},"53":{"start":{"line":54,"column":0},"end":{"line":54,"column":65}},"54":{"start":{"line":55,"column":0},"end":{"line":55,"column":62}},"55":{"start":{"line":56,"column":0},"end":{"line":56,"column":60}},"56":{"start":{"line":57,"column":0},"end":{"line":57,"column":45}},"57":{"start":{"line":58,"column":0},"end":{"line":58,"column":10}},"58":{"start":{"line":59,"column":0},"end":{"line":59,"column":24}},"59":{"start":{"line":60,"column":0},"end":{"line":60,"column":6}},"61":{"start":{"line":62,"column":0},"end":{"line":62,"column":45}},"63":{"start":{"line":64,"column":0},"end":{"line":64,"column":37}},"64":{"start":{"line":65,"column":0},"end":{"line":65,"column":55}},"65":{"start":{"line":66,"column":0},"end":{"line":66,"column":43}},"66":{"start":{"line":67,"column":0},"end":{"line":67,"column":72}},"67":{"start":{"line":68,"column":0},"end":{"line":68,"column":66}},"68":{"start":{"line":69,"column":0},"end":{"line":69,"column":63}},"69":{"start":{"line":70,"column":0},"end":{"line":70,"column":65}},"70":{"start":{"line":71,"column":0},"end":{"line":71,"column":62}},"71":{"start":{"line":72,"column":0},"end":{"line":72,"column":60}},"72":{"start":{"line":73,"column":0},"end":{"line":73,"column":45}},"73":{"start":{"line":74,"column":0},"end":{"line":74,"column":10}},"74":{"start":{"line":75,"column":0},"end":{"line":75,"column":74}},"75":{"start":{"line":76,"column":0},"end":{"line":76,"column":54}},"76":{"start":{"line":77,"column":0},"end":{"line":77,"column":6}},"77":{"start":{"line":78,"column":0},"end":{"line":78,"column":1}},"79":{"start":{"line":80,"column":0},"end":{"line":80,"column":24}},"80":{"start":{"line":81,"column":0},"end":{"line":81,"column":32}},"81":{"start":{"line":82,"column":0},"end":{"line":82,"column":24}},"82":{"start":{"line":83,"column":0},"end":{"line":83,"column":32}},"83":{"start":{"line":84,"column":0},"end":{"line":84,"column":3}},"84":{"start":{"line":85,"column":0},"end":{"line":85,"column":32}},"86":{"start":{"line":87,"column":0},"end":{"line":87,"column":55}},"88":{"start":{"line":89,"column":0},"end":{"line":89,"column":67}},"89":{"start":{"line":90,"column":0},"end":{"line":90,"column":77}},"91":{"start":{"line":92,"column":0},"end":{"line":92,"column":32}},"92":{"start":{"line":93,"column":0},"end":{"line":93,"column":53}},"94":{"start":{"line":95,"column":0},"end":{"line":95,"column":20}},"96":{"start":{"line":97,"column":0},"end":{"line":97,"column":32}},"98":{"start":{"line":99,"column":0},"end":{"line":99,"column":95}},"99":{"start":{"line":100,"column":0},"end":{"line":100,"column":96}},"100":{"start":{"line":101,"column":0},"end":{"line":101,"column":222}},"101":{"start":{"line":102,"column":0},"end":{"line":102,"column":137}},"102":{"start":{"line":103,"column":0},"end":{"line":103,"column":178}},"103":{"start":{"line":104,"column":0},"end":{"line":104,"column":175}},"104":{"start":{"line":105,"column":0},"end":{"line":105,"column":32}},"105":{"start":{"line":106,"column":0},"end":{"line":106,"column":93}},"106":{"start":{"line":107,"column":0},"end":{"line":107,"column":52}},"107":{"start":{"line":108,"column":0},"end":{"line":108,"column":68}},"108":{"start":{"line":109,"column":0},"end":{"line":109,"column":27}},"109":{"start":{"line":110,"column":0},"end":{"line":110,"column":6}},"111":{"start":{"line":112,"column":0},"end":{"line":112,"column":198}},"113":{"start":{"line":114,"column":0},"end":{"line":114,"column":46}},"114":{"start":{"line":115,"column":0},"end":{"line":115,"column":44}},"116":{"start":{"line":117,"column":0},"end":{"line":117,"column":44}},"117":{"start":{"line":118,"column":0},"end":{"line":118,"column":17}},"118":{"start":{"line":119,"column":0},"end":{"line":119,"column":178}},"119":{"start":{"line":120,"column":0},"end":{"line":120,"column":164}},"120":{"start":{"line":121,"column":0},"end":{"line":121,"column":16}},"121":{"start":{"line":122,"column":0},"end":{"line":122,"column":178}},"122":{"start":{"line":123,"column":0},"end":{"line":123,"column":163}},"123":{"start":{"line":124,"column":0},"end":{"line":124,"column":14}},"125":{"start":{"line":126,"column":0},"end":{"line":126,"column":25}},"126":{"start":{"line":127,"column":0},"end":{"line":127,"column":52}},"127":{"start":{"line":128,"column":0},"end":{"line":128,"column":107}},"128":{"start":{"line":129,"column":0},"end":{"line":129,"column":7}},"130":{"start":{"line":131,"column":0},"end":{"line":131,"column":71}},"131":{"start":{"line":132,"column":0},"end":{"line":132,"column":155}},"133":{"start":{"line":134,"column":0},"end":{"line":134,"column":100}},"134":{"start":{"line":135,"column":0},"end":{"line":135,"column":90}},"135":{"start":{"line":136,"column":0},"end":{"line":136,"column":84}},"136":{"start":{"line":137,"column":0},"end":{"line":137,"column":26}},"137":{"start":{"line":138,"column":0},"end":{"line":138,"column":62}},"138":{"start":{"line":139,"column":0},"end":{"line":139,"column":59}},"139":{"start":{"line":140,"column":0},"end":{"line":140,"column":16}},"140":{"start":{"line":141,"column":0},"end":{"line":141,"column":7}},"142":{"start":{"line":143,"column":0},"end":{"line":143,"column":102}},"143":{"start":{"line":144,"column":0},"end":{"line":144,"column":92}},"144":{"start":{"line":145,"column":0},"end":{"line":145,"column":86}},"145":{"start":{"line":146,"column":0},"end":{"line":146,"column":26}},"146":{"start":{"line":147,"column":0},"end":{"line":147,"column":63}},"147":{"start":{"line":148,"column":0},"end":{"line":148,"column":60}},"148":{"start":{"line":149,"column":0},"end":{"line":149,"column":16}},"149":{"start":{"line":150,"column":0},"end":{"line":150,"column":7}},"151":{"start":{"line":152,"column":0},"end":{"line":152,"column":98}},"152":{"start":{"line":153,"column":0},"end":{"line":153,"column":88}},"153":{"start":{"line":154,"column":0},"end":{"line":154,"column":82}},"154":{"start":{"line":155,"column":0},"end":{"line":155,"column":26}},"155":{"start":{"line":156,"column":0},"end":{"line":156,"column":61}},"156":{"start":{"line":157,"column":0},"end":{"line":157,"column":58}},"157":{"start":{"line":158,"column":0},"end":{"line":158,"column":16}},"158":{"start":{"line":159,"column":0},"end":{"line":159,"column":7}},"160":{"start":{"line":161,"column":0},"end":{"line":161,"column":100}},"161":{"start":{"line":162,"column":0},"end":{"line":162,"column":90}},"162":{"start":{"line":163,"column":0},"end":{"line":163,"column":84}},"163":{"start":{"line":164,"column":0},"end":{"line":164,"column":26}},"164":{"start":{"line":165,"column":0},"end":{"line":165,"column":62}},"165":{"start":{"line":166,"column":0},"end":{"line":166,"column":59}},"166":{"start":{"line":167,"column":0},"end":{"line":167,"column":16}},"167":{"start":{"line":168,"column":0},"end":{"line":168,"column":7}},"169":{"start":{"line":170,"column":0},"end":{"line":170,"column":67}},"170":{"start":{"line":171,"column":0},"end":{"line":171,"column":45}},"171":{"start":{"line":172,"column":0},"end":{"line":172,"column":7}},"173":{"start":{"line":174,"column":0},"end":{"line":174,"column":49}},"174":{"start":{"line":175,"column":0},"end":{"line":175,"column":35}},"175":{"start":{"line":176,"column":0},"end":{"line":176,"column":88}},"176":{"start":{"line":177,"column":0},"end":{"line":177,"column":54}},"177":{"start":{"line":178,"column":0},"end":{"line":178,"column":5}},"179":{"start":{"line":180,"column":0},"end":{"line":180,"column":43}},"180":{"start":{"line":181,"column":0},"end":{"line":181,"column":99}},"181":{"start":{"line":182,"column":0},"end":{"line":182,"column":44}},"183":{"start":{"line":184,"column":0},"end":{"line":184,"column":35}},"184":{"start":{"line":185,"column":0},"end":{"line":185,"column":64}},"185":{"start":{"line":186,"column":0},"end":{"line":186,"column":81}},"186":{"start":{"line":187,"column":0},"end":{"line":187,"column":41}},"187":{"start":{"line":188,"column":0},"end":{"line":188,"column":30}},"188":{"start":{"line":189,"column":0},"end":{"line":189,"column":38}},"189":{"start":{"line":190,"column":0},"end":{"line":190,"column":61}},"190":{"start":{"line":191,"column":0},"end":{"line":191,"column":37}},"191":{"start":{"line":192,"column":0},"end":{"line":192,"column":9}},"192":{"start":{"line":193,"column":0},"end":{"line":193,"column":5}},"194":{"start":{"line":195,"column":0},"end":{"line":195,"column":63}},"195":{"start":{"line":196,"column":0},"end":{"line":196,"column":48}},"196":{"start":{"line":197,"column":0},"end":{"line":197,"column":34}},"197":{"start":{"line":198,"column":0},"end":{"line":198,"column":5}},"199":{"start":{"line":200,"column":0},"end":{"line":200,"column":37}},"200":{"start":{"line":201,"column":0},"end":{"line":201,"column":76}},"201":{"start":{"line":202,"column":0},"end":{"line":202,"column":71}},"202":{"start":{"line":203,"column":0},"end":{"line":203,"column":80}},"203":{"start":{"line":204,"column":0},"end":{"line":204,"column":47}},"204":{"start":{"line":205,"column":0},"end":{"line":205,"column":26}},"205":{"start":{"line":206,"column":0},"end":{"line":206,"column":39}},"206":{"start":{"line":207,"column":0},"end":{"line":207,"column":30}},"207":{"start":{"line":208,"column":0},"end":{"line":208,"column":44}},"208":{"start":{"line":209,"column":0},"end":{"line":209,"column":38}},"209":{"start":{"line":210,"column":0},"end":{"line":210,"column":31}},"210":{"start":{"line":211,"column":0},"end":{"line":211,"column":9}},"211":{"start":{"line":212,"column":0},"end":{"line":212,"column":6}},"213":{"start":{"line":214,"column":0},"end":{"line":214,"column":38}},"214":{"start":{"line":215,"column":0},"end":{"line":215,"column":25}},"215":{"start":{"line":216,"column":0},"end":{"line":216,"column":40}},"216":{"start":{"line":217,"column":0},"end":{"line":217,"column":80}},"218":{"start":{"line":219,"column":0},"end":{"line":219,"column":57}},"219":{"start":{"line":220,"column":0},"end":{"line":220,"column":32}},"221":{"start":{"line":222,"column":0},"end":{"line":222,"column":39}},"222":{"start":{"line":223,"column":0},"end":{"line":223,"column":57}},"223":{"start":{"line":224,"column":0},"end":{"line":224,"column":139}},"224":{"start":{"line":225,"column":0},"end":{"line":225,"column":84}},"225":{"start":{"line":226,"column":0},"end":{"line":226,"column":9}},"227":{"start":{"line":228,"column":0},"end":{"line":228,"column":53}},"228":{"start":{"line":229,"column":0},"end":{"line":229,"column":53}},"229":{"start":{"line":230,"column":0},"end":{"line":230,"column":51}},"230":{"start":{"line":231,"column":0},"end":{"line":231,"column":49}},"231":{"start":{"line":232,"column":0},"end":{"line":232,"column":45}},"232":{"start":{"line":233,"column":0},"end":{"line":233,"column":57}},"234":{"start":{"line":235,"column":0},"end":{"line":235,"column":40}},"235":{"start":{"line":236,"column":0},"end":{"line":236,"column":65}},"237":{"start":{"line":238,"column":0},"end":{"line":238,"column":104}},"239":{"start":{"line":240,"column":0},"end":{"line":240,"column":39}},"240":{"start":{"line":241,"column":0},"end":{"line":241,"column":102}},"241":{"start":{"line":242,"column":0},"end":{"line":242,"column":38}},"242":{"start":{"line":243,"column":0},"end":{"line":243,"column":28}},"243":{"start":{"line":244,"column":0},"end":{"line":244,"column":43}},"244":{"start":{"line":245,"column":0},"end":{"line":245,"column":58}},"245":{"start":{"line":246,"column":0},"end":{"line":246,"column":65}},"246":{"start":{"line":247,"column":0},"end":{"line":247,"column":45}},"247":{"start":{"line":248,"column":0},"end":{"line":248,"column":45}},"248":{"start":{"line":249,"column":0},"end":{"line":249,"column":17}},"249":{"start":{"line":250,"column":0},"end":{"line":250,"column":29}},"250":{"start":{"line":251,"column":0},"end":{"line":251,"column":58}},"251":{"start":{"line":252,"column":0},"end":{"line":252,"column":57}},"252":{"start":{"line":253,"column":0},"end":{"line":253,"column":29}},"253":{"start":{"line":254,"column":0},"end":{"line":254,"column":27}},"254":{"start":{"line":255,"column":0},"end":{"line":255,"column":115}},"256":{"start":{"line":257,"column":0},"end":{"line":257,"column":55}},"257":{"start":{"line":258,"column":0},"end":{"line":258,"column":14}},"258":{"start":{"line":259,"column":0},"end":{"line":259,"column":36}},"259":{"start":{"line":260,"column":0},"end":{"line":260,"column":53}},"260":{"start":{"line":261,"column":0},"end":{"line":261,"column":144}},"261":{"start":{"line":262,"column":0},"end":{"line":262,"column":63}},"262":{"start":{"line":263,"column":0},"end":{"line":263,"column":60}},"263":{"start":{"line":264,"column":0},"end":{"line":264,"column":58}},"264":{"start":{"line":265,"column":0},"end":{"line":265,"column":17}},"265":{"start":{"line":266,"column":0},"end":{"line":266,"column":14}},"266":{"start":{"line":267,"column":0},"end":{"line":267,"column":28}},"267":{"start":{"line":268,"column":0},"end":{"line":268,"column":62}},"268":{"start":{"line":269,"column":0},"end":{"line":269,"column":60}},"269":{"start":{"line":270,"column":0},"end":{"line":270,"column":44}},"270":{"start":{"line":271,"column":0},"end":{"line":271,"column":15}},"271":{"start":{"line":272,"column":0},"end":{"line":272,"column":6}},"273":{"start":{"line":274,"column":0},"end":{"line":274,"column":32}},"274":{"start":{"line":275,"column":0},"end":{"line":275,"column":29}},"275":{"start":{"line":276,"column":0},"end":{"line":276,"column":51}},"276":{"start":{"line":277,"column":0},"end":{"line":277,"column":6}},"278":{"start":{"line":279,"column":0},"end":{"line":279,"column":31}},"279":{"start":{"line":280,"column":0},"end":{"line":280,"column":25}},"280":{"start":{"line":281,"column":0},"end":{"line":281,"column":80}},"282":{"start":{"line":283,"column":0},"end":{"line":283,"column":52}},"283":{"start":{"line":284,"column":0},"end":{"line":284,"column":52}},"284":{"start":{"line":285,"column":0},"end":{"line":285,"column":50}},"285":{"start":{"line":286,"column":0},"end":{"line":286,"column":38}},"286":{"start":{"line":287,"column":0},"end":{"line":287,"column":37}},"287":{"start":{"line":288,"column":0},"end":{"line":288,"column":40}},"288":{"start":{"line":289,"column":0},"end":{"line":289,"column":59}},"289":{"start":{"line":290,"column":0},"end":{"line":290,"column":57}},"290":{"start":{"line":291,"column":0},"end":{"line":291,"column":43}},"291":{"start":{"line":292,"column":0},"end":{"line":292,"column":60}},"292":{"start":{"line":293,"column":0},"end":{"line":293,"column":32}},"293":{"start":{"line":294,"column":0},"end":{"line":294,"column":70}},"294":{"start":{"line":295,"column":0},"end":{"line":295,"column":42}},"295":{"start":{"line":296,"column":0},"end":{"line":296,"column":53}},"296":{"start":{"line":297,"column":0},"end":{"line":297,"column":56}},"298":{"start":{"line":299,"column":0},"end":{"line":299,"column":33}},"299":{"start":{"line":300,"column":0},"end":{"line":300,"column":65}},"300":{"start":{"line":301,"column":0},"end":{"line":301,"column":107}},"302":{"start":{"line":303,"column":0},"end":{"line":303,"column":49}},"303":{"start":{"line":304,"column":0},"end":{"line":304,"column":43}},"304":{"start":{"line":305,"column":0},"end":{"line":305,"column":129}},"305":{"start":{"line":306,"column":0},"end":{"line":306,"column":69}},"306":{"start":{"line":307,"column":0},"end":{"line":307,"column":33}},"307":{"start":{"line":308,"column":0},"end":{"line":308,"column":17}},"308":{"start":{"line":309,"column":0},"end":{"line":309,"column":60}},"310":{"start":{"line":311,"column":0},"end":{"line":311,"column":30}},"311":{"start":{"line":312,"column":0},"end":{"line":312,"column":27}},"312":{"start":{"line":313,"column":0},"end":{"line":313,"column":192}},"313":{"start":{"line":314,"column":0},"end":{"line":314,"column":14}},"314":{"start":{"line":315,"column":0},"end":{"line":315,"column":36}},"315":{"start":{"line":316,"column":0},"end":{"line":316,"column":84}},"316":{"start":{"line":317,"column":0},"end":{"line":317,"column":58}},"317":{"start":{"line":318,"column":0},"end":{"line":318,"column":55}},"318":{"start":{"line":319,"column":0},"end":{"line":319,"column":53}},"319":{"start":{"line":320,"column":0},"end":{"line":320,"column":14}},"320":{"start":{"line":321,"column":0},"end":{"line":321,"column":28}},"321":{"start":{"line":322,"column":0},"end":{"line":322,"column":59}},"322":{"start":{"line":323,"column":0},"end":{"line":323,"column":61}},"323":{"start":{"line":324,"column":0},"end":{"line":324,"column":43}},"324":{"start":{"line":325,"column":0},"end":{"line":325,"column":15}},"325":{"start":{"line":326,"column":0},"end":{"line":326,"column":6}},"327":{"start":{"line":328,"column":0},"end":{"line":328,"column":54}},"328":{"start":{"line":329,"column":0},"end":{"line":329,"column":37}},"329":{"start":{"line":330,"column":0},"end":{"line":330,"column":53}},"330":{"start":{"line":331,"column":0},"end":{"line":331,"column":97}},"331":{"start":{"line":332,"column":0},"end":{"line":332,"column":28}},"332":{"start":{"line":333,"column":0},"end":{"line":333,"column":7}},"334":{"start":{"line":335,"column":0},"end":{"line":335,"column":69}},"336":{"start":{"line":337,"column":0},"end":{"line":337,"column":58}},"337":{"start":{"line":338,"column":0},"end":{"line":338,"column":25}},"338":{"start":{"line":339,"column":0},"end":{"line":339,"column":74}},"339":{"start":{"line":340,"column":0},"end":{"line":340,"column":29}},"340":{"start":{"line":341,"column":0},"end":{"line":341,"column":19}},"341":{"start":{"line":342,"column":0},"end":{"line":342,"column":9}},"342":{"start":{"line":343,"column":0},"end":{"line":343,"column":43}},"344":{"start":{"line":345,"column":0},"end":{"line":345,"column":108}},"347":{"start":{"line":348,"column":0},"end":{"line":348,"column":49}},"348":{"start":{"line":349,"column":0},"end":{"line":349,"column":53}},"349":{"start":{"line":350,"column":0},"end":{"line":350,"column":52}},"350":{"start":{"line":351,"column":0},"end":{"line":351,"column":19}},"351":{"start":{"line":352,"column":0},"end":{"line":352,"column":41}},"352":{"start":{"line":353,"column":0},"end":{"line":353,"column":25}},"353":{"start":{"line":354,"column":0},"end":{"line":354,"column":60}},"354":{"start":{"line":355,"column":0},"end":{"line":355,"column":58}},"355":{"start":{"line":356,"column":0},"end":{"line":356,"column":14}},"356":{"start":{"line":357,"column":0},"end":{"line":357,"column":36}},"357":{"start":{"line":358,"column":0},"end":{"line":358,"column":84}},"358":{"start":{"line":359,"column":0},"end":{"line":359,"column":59}},"359":{"start":{"line":360,"column":0},"end":{"line":360,"column":56}},"360":{"start":{"line":361,"column":0},"end":{"line":361,"column":54}},"361":{"start":{"line":362,"column":0},"end":{"line":362,"column":14}},"362":{"start":{"line":363,"column":0},"end":{"line":363,"column":28}},"363":{"start":{"line":364,"column":0},"end":{"line":364,"column":60}},"364":{"start":{"line":365,"column":0},"end":{"line":365,"column":62}},"365":{"start":{"line":366,"column":0},"end":{"line":366,"column":15}},"366":{"start":{"line":367,"column":0},"end":{"line":367,"column":6}},"368":{"start":{"line":369,"column":0},"end":{"line":369,"column":254}},"369":{"start":{"line":370,"column":0},"end":{"line":370,"column":254}},"370":{"start":{"line":371,"column":0},"end":{"line":371,"column":31}},"371":{"start":{"line":372,"column":0},"end":{"line":372,"column":233}},"372":{"start":{"line":373,"column":0},"end":{"line":373,"column":60}},"373":{"start":{"line":374,"column":0},"end":{"line":374,"column":33}},"374":{"start":{"line":375,"column":0},"end":{"line":375,"column":52}},"375":{"start":{"line":376,"column":0},"end":{"line":376,"column":68}},"376":{"start":{"line":377,"column":0},"end":{"line":377,"column":27}},"377":{"start":{"line":378,"column":0},"end":{"line":378,"column":6}},"378":{"start":{"line":379,"column":0},"end":{"line":379,"column":47}},"379":{"start":{"line":380,"column":0},"end":{"line":380,"column":38}},"380":{"start":{"line":381,"column":0},"end":{"line":381,"column":25}},"381":{"start":{"line":382,"column":0},"end":{"line":382,"column":58}},"382":{"start":{"line":383,"column":0},"end":{"line":383,"column":61}},"384":{"start":{"line":385,"column":0},"end":{"line":385,"column":32}},"385":{"start":{"line":386,"column":0},"end":{"line":386,"column":80}},"386":{"start":{"line":387,"column":0},"end":{"line":387,"column":42}},"388":{"start":{"line":389,"column":0},"end":{"line":389,"column":40}},"389":{"start":{"line":390,"column":0},"end":{"line":390,"column":58}},"390":{"start":{"line":391,"column":0},"end":{"line":391,"column":140}},"391":{"start":{"line":392,"column":0},"end":{"line":392,"column":84}},"392":{"start":{"line":393,"column":0},"end":{"line":393,"column":9}},"394":{"start":{"line":395,"column":0},"end":{"line":395,"column":54}},"395":{"start":{"line":396,"column":0},"end":{"line":396,"column":54}},"396":{"start":{"line":397,"column":0},"end":{"line":397,"column":52}},"397":{"start":{"line":398,"column":0},"end":{"line":398,"column":50}},"399":{"start":{"line":400,"column":0},"end":{"line":400,"column":58}},"400":{"start":{"line":401,"column":0},"end":{"line":401,"column":29}},"401":{"start":{"line":402,"column":0},"end":{"line":402,"column":40}},"402":{"start":{"line":403,"column":0},"end":{"line":403,"column":53}},"403":{"start":{"line":404,"column":0},"end":{"line":404,"column":57}},"404":{"start":{"line":405,"column":0},"end":{"line":405,"column":84}},"405":{"start":{"line":406,"column":0},"end":{"line":406,"column":14}},"406":{"start":{"line":407,"column":0},"end":{"line":407,"column":22}},"407":{"start":{"line":408,"column":0},"end":{"line":408,"column":43}},"408":{"start":{"line":409,"column":0},"end":{"line":409,"column":51}},"409":{"start":{"line":410,"column":0},"end":{"line":410,"column":54}},"410":{"start":{"line":411,"column":0},"end":{"line":411,"column":52}},"411":{"start":{"line":412,"column":0},"end":{"line":412,"column":14}},"412":{"start":{"line":413,"column":0},"end":{"line":413,"column":33}},"413":{"start":{"line":414,"column":0},"end":{"line":414,"column":10}},"415":{"start":{"line":416,"column":0},"end":{"line":416,"column":57}},"416":{"start":{"line":417,"column":0},"end":{"line":417,"column":70}},"417":{"start":{"line":418,"column":0},"end":{"line":418,"column":64}},"418":{"start":{"line":419,"column":0},"end":{"line":419,"column":9}},"420":{"start":{"line":421,"column":0},"end":{"line":421,"column":39}},"421":{"start":{"line":422,"column":0},"end":{"line":422,"column":72}},"422":{"start":{"line":423,"column":0},"end":{"line":423,"column":38}},"423":{"start":{"line":424,"column":0},"end":{"line":424,"column":40}},"424":{"start":{"line":425,"column":0},"end":{"line":425,"column":32}},"425":{"start":{"line":426,"column":0},"end":{"line":426,"column":160}},"426":{"start":{"line":427,"column":0},"end":{"line":427,"column":116}},"427":{"start":{"line":428,"column":0},"end":{"line":428,"column":33}},"428":{"start":{"line":429,"column":0},"end":{"line":429,"column":17}},"430":{"start":{"line":431,"column":0},"end":{"line":431,"column":59}},"431":{"start":{"line":432,"column":0},"end":{"line":432,"column":58}},"432":{"start":{"line":433,"column":0},"end":{"line":433,"column":29}},"433":{"start":{"line":434,"column":0},"end":{"line":434,"column":27}},"434":{"start":{"line":435,"column":0},"end":{"line":435,"column":115}},"435":{"start":{"line":436,"column":0},"end":{"line":436,"column":60}},"436":{"start":{"line":437,"column":0},"end":{"line":437,"column":111}},"437":{"start":{"line":438,"column":0},"end":{"line":438,"column":14}},"438":{"start":{"line":439,"column":0},"end":{"line":439,"column":36}},"439":{"start":{"line":440,"column":0},"end":{"line":440,"column":122}},"440":{"start":{"line":441,"column":0},"end":{"line":441,"column":60}},"441":{"start":{"line":442,"column":0},"end":{"line":442,"column":57}},"442":{"start":{"line":443,"column":0},"end":{"line":443,"column":55}},"443":{"start":{"line":444,"column":0},"end":{"line":444,"column":14}},"444":{"start":{"line":445,"column":0},"end":{"line":445,"column":28}},"445":{"start":{"line":446,"column":0},"end":{"line":446,"column":63}},"446":{"start":{"line":447,"column":0},"end":{"line":447,"column":61}},"447":{"start":{"line":448,"column":0},"end":{"line":448,"column":15}},"448":{"start":{"line":449,"column":0},"end":{"line":449,"column":6}},"450":{"start":{"line":451,"column":0},"end":{"line":451,"column":44}},"451":{"start":{"line":452,"column":0},"end":{"line":452,"column":63}},"452":{"start":{"line":453,"column":0},"end":{"line":453,"column":91}},"454":{"start":{"line":455,"column":0},"end":{"line":455,"column":37}},"455":{"start":{"line":456,"column":0},"end":{"line":456,"column":62}},"456":{"start":{"line":457,"column":0},"end":{"line":457,"column":83}},"457":{"start":{"line":458,"column":0},"end":{"line":458,"column":137}},"458":{"start":{"line":459,"column":0},"end":{"line":459,"column":59}},"459":{"start":{"line":460,"column":0},"end":{"line":460,"column":32}},"460":{"start":{"line":461,"column":0},"end":{"line":461,"column":7}},"462":{"start":{"line":463,"column":0},"end":{"line":463,"column":86}},"464":{"start":{"line":465,"column":0},"end":{"line":465,"column":38}},"465":{"start":{"line":466,"column":0},"end":{"line":466,"column":37}},"466":{"start":{"line":467,"column":0},"end":{"line":467,"column":37}},"467":{"start":{"line":468,"column":0},"end":{"line":468,"column":7}},"469":{"start":{"line":470,"column":0},"end":{"line":470,"column":74}},"470":{"start":{"line":471,"column":0},"end":{"line":471,"column":29}},"471":{"start":{"line":472,"column":0},"end":{"line":472,"column":20}},"472":{"start":{"line":473,"column":0},"end":{"line":473,"column":25}},"473":{"start":{"line":474,"column":0},"end":{"line":474,"column":21}},"474":{"start":{"line":475,"column":0},"end":{"line":475,"column":23}},"475":{"start":{"line":476,"column":0},"end":{"line":476,"column":80}},"476":{"start":{"line":477,"column":0},"end":{"line":477,"column":22}},"477":{"start":{"line":478,"column":0},"end":{"line":478,"column":28}},"479":{"start":{"line":480,"column":0},"end":{"line":480,"column":59}},"481":{"start":{"line":482,"column":0},"end":{"line":482,"column":188}},"482":{"start":{"line":483,"column":0},"end":{"line":483,"column":1}},"485":{"start":{"line":486,"column":0},"end":{"line":486,"column":54}},"486":{"start":{"line":487,"column":0},"end":{"line":487,"column":49}},"487":{"start":{"line":488,"column":0},"end":{"line":488,"column":42}},"488":{"start":{"line":489,"column":0},"end":{"line":489,"column":43}},"489":{"start":{"line":490,"column":0},"end":{"line":490,"column":70}},"490":{"start":{"line":491,"column":0},"end":{"line":491,"column":10}},"491":{"start":{"line":492,"column":0},"end":{"line":492,"column":61}},"492":{"start":{"line":493,"column":0},"end":{"line":493,"column":32}},"493":{"start":{"line":494,"column":0},"end":{"line":494,"column":34}},"494":{"start":{"line":495,"column":0},"end":{"line":495,"column":72}},"495":{"start":{"line":496,"column":0},"end":{"line":496,"column":15}},"496":{"start":{"line":497,"column":0},"end":{"line":497,"column":9}},"497":{"start":{"line":498,"column":0},"end":{"line":498,"column":5}},"498":{"start":{"line":499,"column":0},"end":{"line":499,"column":23}},"499":{"start":{"line":500,"column":0},"end":{"line":500,"column":1}}},"s":{"0":1,"2":1,"3":1,"4":1,"7":1,"9":1,"11":1,"12":8,"13":6,"14":8,"15":6,"16":8,"17":8,"41":1,"42":5,"44":5,"45":0,"46":0,"47":0,"48":0,"49":0,"50":0,"51":0,"52":0,"53":0,"54":0,"55":0,"56":0,"57":0,"58":0,"59":0,"61":5,"63":5,"64":5,"65":5,"66":5,"67":5,"68":5,"69":5,"70":5,"71":5,"72":5,"73":5,"74":5,"75":5,"76":5,"77":5,"79":5,"80":5,"81":5,"82":5,"83":5,"84":5,"86":5,"88":5,"89":5,"91":5,"92":5,"94":5,"96":5,"98":5,"99":5,"100":5,"101":5,"102":5,"103":5,"104":5,"105":4,"106":4,"107":4,"108":4,"109":4,"111":5,"113":5,"114":5,"116":5,"117":5,"118":5,"119":5,"120":5,"121":5,"122":5,"123":5,"125":5,"126":5,"127":0,"128":5,"130":5,"131":5,"133":5,"134":17,"135":17,"136":17,"137":0,"138":0,"139":17,"140":5,"142":5,"143":7,"144":7,"145":7,"146":0,"147":0,"148":7,"149":5,"151":5,"152":15,"153":15,"154":15,"155":0,"156":0,"157":15,"158":5,"160":5,"161":14,"162":14,"163":14,"164":0,"165":0,"166":14,"167":5,"169":5,"170":0,"171":5,"173":5,"174":0,"175":0,"176":0,"177":0,"179":5,"180":9,"181":9,"183":9,"184":9,"185":5,"186":5,"187":0,"188":0,"189":0,"190":0,"191":5,"192":9,"194":5,"195":9,"196":9,"197":9,"199":5,"200":5,"201":0,"202":0,"203":0,"204":0,"205":0,"206":0,"207":0,"208":0,"209":0,"210":0,"211":0,"213":5,"214":5,"215":5,"216":5,"218":5,"219":5,"221":5,"222":0,"223":0,"224":0,"225":0,"227":4,"228":4,"229":4,"230":4,"231":4,"232":4,"234":4,"235":4,"237":5,"239":4,"240":4,"241":4,"242":4,"243":4,"244":4,"245":0,"246":0,"247":0,"248":0,"249":4,"250":4,"251":4,"252":4,"253":4,"254":4,"256":4,"257":4,"258":4,"259":0,"260":0,"261":0,"262":0,"263":0,"264":0,"265":4,"266":4,"267":4,"268":4,"269":4,"270":4,"271":5,"273":5,"274":0,"275":0,"276":0,"278":5,"279":5,"280":5,"282":5,"283":5,"284":5,"285":5,"286":5,"287":5,"288":5,"289":5,"290":5,"291":0,"292":0,"293":0,"294":0,"295":0,"296":0,"298":0,"299":0,"300":0,"302":0,"303":0,"304":0,"305":0,"306":0,"307":0,"308":5,"310":5,"311":5,"312":5,"313":5,"314":5,"315":0,"316":0,"317":0,"318":0,"319":5,"320":5,"321":5,"322":5,"323":5,"324":5,"325":5,"327":5,"328":5,"329":5,"330":5,"331":5,"332":5,"334":5,"336":5,"337":5,"338":5,"339":0,"340":0,"341":0,"342":5,"344":5,"347":5,"348":5,"349":5,"350":5,"351":5,"352":5,"353":3,"354":3,"355":5,"356":5,"357":0,"358":0,"359":0,"360":0,"361":5,"362":5,"363":3,"364":3,"365":5,"366":5,"368":5,"369":5,"370":5,"371":2,"372":2,"373":2,"374":0,"375":0,"376":0,"377":2,"378":5,"379":5,"380":2,"381":2,"382":2,"384":2,"385":2,"386":1,"388":2,"389":0,"390":0,"391":0,"392":0,"394":1,"395":1,"396":1,"397":1,"399":1,"400":1,"401":1,"402":1,"403":1,"404":0,"405":0,"406":1,"407":1,"408":1,"409":1,"410":1,"411":1,"412":1,"413":1,"415":2,"416":0,"417":0,"418":0,"420":1,"421":1,"422":1,"423":1,"424":0,"425":0,"426":0,"427":0,"428":0,"430":1,"431":1,"432":1,"433":1,"434":1,"435":1,"436":1,"437":1,"438":1,"439":0,"440":0,"441":0,"442":0,"443":1,"444":1,"445":1,"446":1,"447":1,"448":2,"450":5,"451":5,"452":5,"454":5,"455":5,"456":9,"457":9,"458":9,"459":0,"460":5,"462":5,"464":5,"465":0,"466":0,"467":5,"469":5,"470":5,"471":5,"472":5,"473":5,"474":5,"475":5,"476":5,"477":5,"479":5,"481":5,"482":5,"485":1,"486":10,"487":10,"488":9,"489":4,"490":4,"491":9,"492":9,"493":7,"494":7,"495":7,"496":7,"497":9,"498":10,"499":10},"branchMap":{"0":{"type":"branch","line":12,"loc":{"start":{"line":12,"column":7},"end":{"line":18,"column":1}},"locations":[{"start":{"line":12,"column":7},"end":{"line":18,"column":1}}]},"1":{"type":"branch","line":13,"loc":{"start":{"line":13,"column":9},"end":{"line":13,"column":53}},"locations":[{"start":{"line":13,"column":9},"end":{"line":13,"column":53}}]},"2":{"type":"branch","line":13,"loc":{"start":{"line":13,"column":53},"end":{"line":13,"column":64}},"locations":[{"start":{"line":13,"column":53},"end":{"line":13,"column":64}}]},"3":{"type":"branch","line":13,"loc":{"start":{"line":13,"column":60},"end":{"line":15,"column":53}},"locations":[{"start":{"line":13,"column":60},"end":{"line":15,"column":53}}]},"4":{"type":"branch","line":15,"loc":{"start":{"line":15,"column":49},"end":{"line":15,"column":108}},"locations":[{"start":{"line":15,"column":49},"end":{"line":15,"column":108}}]},"5":{"type":"branch","line":15,"loc":{"start":{"line":15,"column":59},"end":{"line":15,"column":84}},"locations":[{"start":{"line":15,"column":59},"end":{"line":15,"column":84}}]},"6":{"type":"branch","line":15,"loc":{"start":{"line":15,"column":84},"end":{"line":15,"column":108}},"locations":[{"start":{"line":15,"column":84},"end":{"line":15,"column":108}}]},"7":{"type":"branch","line":15,"loc":{"start":{"line":15,"column":106},"end":{"line":17,"column":35}},"locations":[{"start":{"line":15,"column":106},"end":{"line":17,"column":35}}]},"8":{"type":"branch","line":17,"loc":{"start":{"line":17,"column":30},"end":{"line":17,"column":39}},"locations":[{"start":{"line":17,"column":30},"end":{"line":17,"column":39}}]},"9":{"type":"branch","line":42,"loc":{"start":{"line":42,"column":7},"end":{"line":78,"column":1}},"locations":[{"start":{"line":42,"column":7},"end":{"line":78,"column":1}}]},"10":{"type":"branch","line":62,"loc":{"start":{"line":62,"column":11},"end":{"line":77,"column":6}},"locations":[{"start":{"line":62,"column":11},"end":{"line":77,"column":6}}]},"11":{"type":"branch","line":70,"loc":{"start":{"line":70,"column":34},"end":{"line":70,"column":65}},"locations":[{"start":{"line":70,"column":34},"end":{"line":70,"column":65}}]},"12":{"type":"branch","line":71,"loc":{"start":{"line":71,"column":37},"end":{"line":71,"column":62}},"locations":[{"start":{"line":71,"column":37},"end":{"line":71,"column":62}}]},"13":{"type":"branch","line":72,"loc":{"start":{"line":72,"column":35},"end":{"line":72,"column":60}},"locations":[{"start":{"line":72,"column":35},"end":{"line":72,"column":60}}]},"14":{"type":"branch","line":67,"loc":{"start":{"line":67,"column":60},"end":{"line":67,"column":72}},"locations":[{"start":{"line":67,"column":60},"end":{"line":67,"column":72}}]},"15":{"type":"branch","line":68,"loc":{"start":{"line":68,"column":54},"end":{"line":68,"column":66}},"locations":[{"start":{"line":68,"column":54},"end":{"line":68,"column":66}}]},"16":{"type":"branch","line":72,"loc":{"start":{"line":72,"column":50},"end":{"line":72,"column":60}},"locations":[{"start":{"line":72,"column":50},"end":{"line":72,"column":60}}]},"17":{"type":"branch","line":75,"loc":{"start":{"line":75,"column":25},"end":{"line":75,"column":74}},"locations":[{"start":{"line":75,"column":25},"end":{"line":75,"column":74}}]},"18":{"type":"branch","line":75,"loc":{"start":{"line":75,"column":41},"end":{"line":75,"column":74}},"locations":[{"start":{"line":75,"column":41},"end":{"line":75,"column":74}}]},"19":{"type":"branch","line":80,"loc":{"start":{"line":80,"column":0},"end":{"line":483,"column":1}},"locations":[{"start":{"line":80,"column":0},"end":{"line":483,"column":1}}]},"20":{"type":"branch","line":87,"loc":{"start":{"line":87,"column":15},"end":{"line":87,"column":45}},"locations":[{"start":{"line":87,"column":15},"end":{"line":87,"column":45}}]},"21":{"type":"branch","line":87,"loc":{"start":{"line":87,"column":45},"end":{"line":87,"column":55}},"locations":[{"start":{"line":87,"column":45},"end":{"line":87,"column":55}}]},"22":{"type":"branch","line":99,"loc":{"start":{"line":99,"column":25},"end":{"line":99,"column":93}},"locations":[{"start":{"line":99,"column":25},"end":{"line":99,"column":93}}]},"23":{"type":"branch","line":100,"loc":{"start":{"line":100,"column":19},"end":{"line":100,"column":96}},"locations":[{"start":{"line":100,"column":19},"end":{"line":100,"column":96}}]},"24":{"type":"branch","line":101,"loc":{"start":{"line":101,"column":24},"end":{"line":101,"column":222}},"locations":[{"start":{"line":101,"column":24},"end":{"line":101,"column":222}}]},"25":{"type":"branch","line":104,"loc":{"start":{"line":104,"column":25},"end":{"line":104,"column":175}},"locations":[{"start":{"line":104,"column":25},"end":{"line":104,"column":175}}]},"26":{"type":"branch","line":105,"loc":{"start":{"line":105,"column":25},"end":{"line":110,"column":6}},"locations":[{"start":{"line":105,"column":25},"end":{"line":110,"column":6}}]},"27":{"type":"branch","line":106,"loc":{"start":{"line":106,"column":82},"end":{"line":106,"column":93}},"locations":[{"start":{"line":106,"column":82},"end":{"line":106,"column":93}}]},"28":{"type":"branch","line":112,"loc":{"start":{"line":112,"column":27},"end":{"line":112,"column":198}},"locations":[{"start":{"line":112,"column":27},"end":{"line":112,"column":198}}]},"29":{"type":"branch","line":112,"loc":{"start":{"line":112,"column":186},"end":{"line":112,"column":198}},"locations":[{"start":{"line":112,"column":186},"end":{"line":112,"column":198}}]},"30":{"type":"branch","line":126,"loc":{"start":{"line":126,"column":18},"end":{"line":129,"column":5}},"locations":[{"start":{"line":126,"column":18},"end":{"line":129,"column":5}}]},"31":{"type":"branch","line":127,"loc":{"start":{"line":127,"column":45},"end":{"line":128,"column":107}},"locations":[{"start":{"line":127,"column":45},"end":{"line":128,"column":107}}]},"32":{"type":"branch","line":132,"loc":{"start":{"line":132,"column":37},"end":{"line":132,"column":153}},"locations":[{"start":{"line":132,"column":37},"end":{"line":132,"column":153}}]},"33":{"type":"branch","line":132,"loc":{"start":{"line":132,"column":68},"end":{"line":132,"column":120}},"locations":[{"start":{"line":132,"column":68},"end":{"line":132,"column":120}}]},"34":{"type":"branch","line":134,"loc":{"start":{"line":134,"column":10},"end":{"line":134,"column":93}},"locations":[{"start":{"line":134,"column":10},"end":{"line":134,"column":93}}]},"35":{"type":"branch","line":134,"loc":{"start":{"line":134,"column":93},"end":{"line":141,"column":5}},"locations":[{"start":{"line":134,"column":93},"end":{"line":141,"column":5}}]},"36":{"type":"branch","line":143,"loc":{"start":{"line":143,"column":10},"end":{"line":143,"column":95}},"locations":[{"start":{"line":143,"column":10},"end":{"line":143,"column":95}}]},"37":{"type":"branch","line":143,"loc":{"start":{"line":143,"column":95},"end":{"line":150,"column":5}},"locations":[{"start":{"line":143,"column":95},"end":{"line":150,"column":5}}]},"38":{"type":"branch","line":152,"loc":{"start":{"line":152,"column":10},"end":{"line":152,"column":91}},"locations":[{"start":{"line":152,"column":10},"end":{"line":152,"column":91}}]},"39":{"type":"branch","line":152,"loc":{"start":{"line":152,"column":91},"end":{"line":159,"column":5}},"locations":[{"start":{"line":152,"column":91},"end":{"line":159,"column":5}}]},"40":{"type":"branch","line":161,"loc":{"start":{"line":161,"column":10},"end":{"line":161,"column":93}},"locations":[{"start":{"line":161,"column":10},"end":{"line":161,"column":93}}]},"41":{"type":"branch","line":161,"loc":{"start":{"line":161,"column":93},"end":{"line":168,"column":5}},"locations":[{"start":{"line":161,"column":93},"end":{"line":168,"column":5}}]},"42":{"type":"branch","line":170,"loc":{"start":{"line":170,"column":15},"end":{"line":170,"column":53}},"locations":[{"start":{"line":170,"column":15},"end":{"line":170,"column":53}}]},"43":{"type":"branch","line":170,"loc":{"start":{"line":170,"column":27},"end":{"line":170,"column":53}},"locations":[{"start":{"line":170,"column":27},"end":{"line":170,"column":53}}]},"44":{"type":"branch","line":180,"loc":{"start":{"line":180,"column":4},"end":{"line":193,"column":5}},"locations":[{"start":{"line":180,"column":4},"end":{"line":193,"column":5}}]},"45":{"type":"branch","line":181,"loc":{"start":{"line":181,"column":92},"end":{"line":181,"column":99}},"locations":[{"start":{"line":181,"column":92},"end":{"line":181,"column":99}}]},"46":{"type":"branch","line":182,"loc":{"start":{"line":182,"column":37},"end":{"line":182,"column":44}},"locations":[{"start":{"line":182,"column":37},"end":{"line":182,"column":44}}]},"47":{"type":"branch","line":185,"loc":{"start":{"line":185,"column":63},"end":{"line":192,"column":9}},"locations":[{"start":{"line":185,"column":63},"end":{"line":192,"column":9}}]},"48":{"type":"branch","line":187,"loc":{"start":{"line":187,"column":34},"end":{"line":191,"column":37}},"locations":[{"start":{"line":187,"column":34},"end":{"line":191,"column":37}}]},"49":{"type":"branch","line":195,"loc":{"start":{"line":195,"column":4},"end":{"line":198,"column":5}},"locations":[{"start":{"line":195,"column":4},"end":{"line":198,"column":5}}]},"50":{"type":"branch","line":197,"loc":{"start":{"line":197,"column":16},"end":{"line":197,"column":34}},"locations":[{"start":{"line":197,"column":16},"end":{"line":197,"column":34}}]},"51":{"type":"branch","line":214,"loc":{"start":{"line":214,"column":25},"end":{"line":272,"column":6}},"locations":[{"start":{"line":214,"column":25},"end":{"line":272,"column":6}}]},"52":{"type":"branch","line":216,"loc":{"start":{"line":216,"column":33},"end":{"line":216,"column":40}},"locations":[{"start":{"line":216,"column":33},"end":{"line":216,"column":40}}]},"53":{"type":"branch","line":217,"loc":{"start":{"line":217,"column":73},"end":{"line":217,"column":80}},"locations":[{"start":{"line":217,"column":73},"end":{"line":217,"column":80}}]},"54":{"type":"branch","line":220,"loc":{"start":{"line":220,"column":25},"end":{"line":220,"column":32}},"locations":[{"start":{"line":220,"column":25},"end":{"line":220,"column":32}}]},"55":{"type":"branch","line":220,"loc":{"start":{"line":220,"column":25},"end":{"line":222,"column":38}},"locations":[{"start":{"line":220,"column":25},"end":{"line":222,"column":38}}]},"56":{"type":"branch","line":222,"loc":{"start":{"line":222,"column":38},"end":{"line":226,"column":9}},"locations":[{"start":{"line":222,"column":38},"end":{"line":226,"column":9}}]},"57":{"type":"branch","line":226,"loc":{"start":{"line":226,"column":8},"end":{"line":238,"column":83}},"locations":[{"start":{"line":226,"column":8},"end":{"line":238,"column":83}}]},"58":{"type":"branch","line":238,"loc":{"start":{"line":238,"column":83},"end":{"line":271,"column":15}},"locations":[{"start":{"line":238,"column":83},"end":{"line":271,"column":15}}]},"59":{"type":"branch","line":242,"loc":{"start":{"line":242,"column":18},"end":{"line":258,"column":13}},"locations":[{"start":{"line":242,"column":18},"end":{"line":258,"column":13}}]},"60":{"type":"branch","line":245,"loc":{"start":{"line":245,"column":57},"end":{"line":249,"column":17}},"locations":[{"start":{"line":245,"column":57},"end":{"line":249,"column":17}}]},"61":{"type":"branch","line":257,"loc":{"start":{"line":257,"column":37},"end":{"line":257,"column":55}},"locations":[{"start":{"line":257,"column":37},"end":{"line":257,"column":55}}]},"62":{"type":"branch","line":267,"loc":{"start":{"line":267,"column":21},"end":{"line":271,"column":13}},"locations":[{"start":{"line":267,"column":21},"end":{"line":271,"column":13}}]},"63":{"type":"branch","line":279,"loc":{"start":{"line":279,"column":24},"end":{"line":326,"column":6}},"locations":[{"start":{"line":279,"column":24},"end":{"line":326,"column":6}}]},"64":{"type":"branch","line":281,"loc":{"start":{"line":281,"column":73},"end":{"line":281,"column":80}},"locations":[{"start":{"line":281,"column":73},"end":{"line":281,"column":80}}]},"65":{"type":"branch","line":288,"loc":{"start":{"line":288,"column":18},"end":{"line":314,"column":13}},"locations":[{"start":{"line":288,"column":18},"end":{"line":314,"column":13}}]},"66":{"type":"branch","line":291,"loc":{"start":{"line":291,"column":20},"end":{"line":291,"column":38}},"locations":[{"start":{"line":291,"column":20},"end":{"line":291,"column":38}}]},"67":{"type":"branch","line":291,"loc":{"start":{"line":291,"column":38},"end":{"line":308,"column":17}},"locations":[{"start":{"line":291,"column":38},"end":{"line":308,"column":17}}]},"68":{"type":"branch","line":321,"loc":{"start":{"line":321,"column":21},"end":{"line":325,"column":13}},"locations":[{"start":{"line":321,"column":21},"end":{"line":325,"column":13}}]},"69":{"type":"branch","line":328,"loc":{"start":{"line":328,"column":47},"end":{"line":333,"column":5}},"locations":[{"start":{"line":328,"column":47},"end":{"line":333,"column":5}}]},"70":{"type":"branch","line":331,"loc":{"start":{"line":331,"column":42},"end":{"line":331,"column":97}},"locations":[{"start":{"line":331,"column":42},"end":{"line":331,"column":97}}]},"71":{"type":"branch","line":337,"loc":{"start":{"line":337,"column":24},"end":{"line":367,"column":6}},"locations":[{"start":{"line":337,"column":24},"end":{"line":367,"column":6}}]},"72":{"type":"branch","line":339,"loc":{"start":{"line":339,"column":73},"end":{"line":342,"column":9}},"locations":[{"start":{"line":339,"column":73},"end":{"line":342,"column":9}}]},"73":{"type":"branch","line":343,"loc":{"start":{"line":343,"column":36},"end":{"line":343,"column":43}},"locations":[{"start":{"line":343,"column":36},"end":{"line":343,"column":43}}]},"74":{"type":"branch","line":343,"loc":{"start":{"line":343,"column":36},"end":{"line":345,"column":38}},"locations":[{"start":{"line":343,"column":36},"end":{"line":345,"column":38}}]},"75":{"type":"branch","line":345,"loc":{"start":{"line":345,"column":26},"end":{"line":345,"column":50}},"locations":[{"start":{"line":345,"column":26},"end":{"line":345,"column":50}}]},"76":{"type":"branch","line":345,"loc":{"start":{"line":345,"column":38},"end":{"line":345,"column":108}},"locations":[{"start":{"line":345,"column":38},"end":{"line":345,"column":108}}]},"77":{"type":"branch","line":345,"loc":{"start":{"line":345,"column":64},"end":{"line":345,"column":76}},"locations":[{"start":{"line":345,"column":64},"end":{"line":345,"column":76}}]},"78":{"type":"branch","line":353,"loc":{"start":{"line":353,"column":18},"end":{"line":356,"column":13}},"locations":[{"start":{"line":353,"column":18},"end":{"line":356,"column":13}}]},"79":{"type":"branch","line":363,"loc":{"start":{"line":363,"column":21},"end":{"line":366,"column":13}},"locations":[{"start":{"line":363,"column":21},"end":{"line":366,"column":13}}]},"80":{"type":"branch","line":370,"loc":{"start":{"line":370,"column":26},"end":{"line":370,"column":254}},"locations":[{"start":{"line":370,"column":26},"end":{"line":370,"column":254}}]},"81":{"type":"branch","line":371,"loc":{"start":{"line":371,"column":24},"end":{"line":378,"column":6}},"locations":[{"start":{"line":371,"column":24},"end":{"line":378,"column":6}}]},"82":{"type":"branch","line":373,"loc":{"start":{"line":373,"column":42},"end":{"line":373,"column":60}},"locations":[{"start":{"line":373,"column":42},"end":{"line":373,"column":60}}]},"83":{"type":"branch","line":374,"loc":{"start":{"line":374,"column":28},"end":{"line":377,"column":27}},"locations":[{"start":{"line":374,"column":28},"end":{"line":377,"column":27}}]},"84":{"type":"branch","line":380,"loc":{"start":{"line":380,"column":25},"end":{"line":449,"column":6}},"locations":[{"start":{"line":380,"column":25},"end":{"line":449,"column":6}}]},"85":{"type":"branch","line":385,"loc":{"start":{"line":385,"column":25},"end":{"line":386,"column":73}},"locations":[{"start":{"line":385,"column":25},"end":{"line":386,"column":73}}]},"86":{"type":"branch","line":386,"loc":{"start":{"line":386,"column":73},"end":{"line":386,"column":80}},"locations":[{"start":{"line":386,"column":73},"end":{"line":386,"column":80}}]},"87":{"type":"branch","line":386,"loc":{"start":{"line":386,"column":73},"end":{"line":387,"column":42}},"locations":[{"start":{"line":386,"column":73},"end":{"line":387,"column":42}}]},"88":{"type":"branch","line":387,"loc":{"start":{"line":387,"column":35},"end":{"line":387,"column":42}},"locations":[{"start":{"line":387,"column":35},"end":{"line":387,"column":42}}]},"89":{"type":"branch","line":387,"loc":{"start":{"line":387,"column":35},"end":{"line":389,"column":39}},"locations":[{"start":{"line":387,"column":35},"end":{"line":389,"column":39}}]},"90":{"type":"branch","line":389,"loc":{"start":{"line":389,"column":39},"end":{"line":393,"column":9}},"locations":[{"start":{"line":389,"column":39},"end":{"line":393,"column":9}}]},"91":{"type":"branch","line":393,"loc":{"start":{"line":393,"column":8},"end":{"line":416,"column":56}},"locations":[{"start":{"line":393,"column":8},"end":{"line":416,"column":56}}]},"92":{"type":"branch","line":416,"loc":{"start":{"line":416,"column":56},"end":{"line":419,"column":9}},"locations":[{"start":{"line":416,"column":56},"end":{"line":419,"column":9}}]},"93":{"type":"branch","line":419,"loc":{"start":{"line":419,"column":8},"end":{"line":448,"column":15}},"locations":[{"start":{"line":419,"column":8},"end":{"line":448,"column":15}}]},"94":{"type":"branch","line":423,"loc":{"start":{"line":423,"column":18},"end":{"line":438,"column":13}},"locations":[{"start":{"line":423,"column":18},"end":{"line":438,"column":13}}]},"95":{"type":"branch","line":424,"loc":{"start":{"line":424,"column":39},"end":{"line":429,"column":17}},"locations":[{"start":{"line":424,"column":39},"end":{"line":429,"column":17}}]},"96":{"type":"branch","line":436,"loc":{"start":{"line":436,"column":45},"end":{"line":436,"column":60}},"locations":[{"start":{"line":436,"column":45},"end":{"line":436,"column":60}}]},"97":{"type":"branch","line":437,"loc":{"start":{"line":437,"column":53},"end":{"line":437,"column":111}},"locations":[{"start":{"line":437,"column":53},"end":{"line":437,"column":111}}]},"98":{"type":"branch","line":445,"loc":{"start":{"line":445,"column":21},"end":{"line":448,"column":13}},"locations":[{"start":{"line":445,"column":21},"end":{"line":448,"column":13}}]},"99":{"type":"branch","line":452,"loc":{"start":{"line":452,"column":22},"end":{"line":452,"column":63}},"locations":[{"start":{"line":452,"column":22},"end":{"line":452,"column":63}}]},"100":{"type":"branch","line":453,"loc":{"start":{"line":453,"column":23},"end":{"line":453,"column":91}},"locations":[{"start":{"line":453,"column":23},"end":{"line":453,"column":91}}]},"101":{"type":"branch","line":453,"loc":{"start":{"line":453,"column":42},"end":{"line":453,"column":85}},"locations":[{"start":{"line":453,"column":42},"end":{"line":453,"column":85}}]},"102":{"type":"branch","line":456,"loc":{"start":{"line":456,"column":10},"end":{"line":456,"column":39}},"locations":[{"start":{"line":456,"column":10},"end":{"line":456,"column":39}}]},"103":{"type":"branch","line":456,"loc":{"start":{"line":456,"column":39},"end":{"line":461,"column":5}},"locations":[{"start":{"line":456,"column":39},"end":{"line":461,"column":5}}]},"104":{"type":"branch","line":457,"loc":{"start":{"line":457,"column":29},"end":{"line":457,"column":58}},"locations":[{"start":{"line":457,"column":29},"end":{"line":457,"column":58}}]},"105":{"type":"branch","line":457,"loc":{"start":{"line":457,"column":53},"end":{"line":457,"column":76}},"locations":[{"start":{"line":457,"column":53},"end":{"line":457,"column":76}}]},"106":{"type":"branch","line":457,"loc":{"start":{"line":457,"column":76},"end":{"line":458,"column":63}},"locations":[{"start":{"line":457,"column":76},"end":{"line":458,"column":63}}]},"107":{"type":"branch","line":458,"loc":{"start":{"line":458,"column":52},"end":{"line":458,"column":79}},"locations":[{"start":{"line":458,"column":52},"end":{"line":458,"column":79}}]},"108":{"type":"branch","line":458,"loc":{"start":{"line":458,"column":69},"end":{"line":458,"column":98}},"locations":[{"start":{"line":458,"column":69},"end":{"line":458,"column":98}}]},"109":{"type":"branch","line":458,"loc":{"start":{"line":458,"column":85},"end":{"line":458,"column":114}},"locations":[{"start":{"line":458,"column":85},"end":{"line":458,"column":114}}]},"110":{"type":"branch","line":458,"loc":{"start":{"line":458,"column":104},"end":{"line":458,"column":131}},"locations":[{"start":{"line":458,"column":104},"end":{"line":458,"column":131}}]},"111":{"type":"branch","line":458,"loc":{"start":{"line":458,"column":120},"end":{"line":458,"column":137}},"locations":[{"start":{"line":458,"column":120},"end":{"line":458,"column":137}}]},"112":{"type":"branch","line":459,"loc":{"start":{"line":459,"column":12},"end":{"line":459,"column":52}},"locations":[{"start":{"line":459,"column":12},"end":{"line":459,"column":52}}]},"113":{"type":"branch","line":459,"loc":{"start":{"line":459,"column":52},"end":{"line":460,"column":32}},"locations":[{"start":{"line":459,"column":52},"end":{"line":460,"column":32}}]},"114":{"type":"branch","line":463,"loc":{"start":{"line":463,"column":19},"end":{"line":463,"column":45}},"locations":[{"start":{"line":463,"column":19},"end":{"line":463,"column":45}}]},"115":{"type":"branch","line":470,"loc":{"start":{"line":470,"column":10},"end":{"line":470,"column":67}},"locations":[{"start":{"line":470,"column":10},"end":{"line":470,"column":67}}]},"116":{"type":"branch","line":470,"loc":{"start":{"line":470,"column":67},"end":{"line":478,"column":7}},"locations":[{"start":{"line":470,"column":67},"end":{"line":478,"column":7}}]},"117":{"type":"branch","line":476,"loc":{"start":{"line":476,"column":73},"end":{"line":476,"column":80}},"locations":[{"start":{"line":476,"column":73},"end":{"line":476,"column":80}}]},"118":{"type":"branch","line":486,"loc":{"start":{"line":486,"column":7},"end":{"line":500,"column":1}},"locations":[{"start":{"line":486,"column":7},"end":{"line":500,"column":1}}]},"119":{"type":"branch","line":488,"loc":{"start":{"line":488,"column":41},"end":{"line":498,"column":5}},"locations":[{"start":{"line":488,"column":41},"end":{"line":498,"column":5}}]},"120":{"type":"branch","line":493,"loc":{"start":{"line":493,"column":31},"end":{"line":497,"column":9}},"locations":[{"start":{"line":493,"column":31},"end":{"line":497,"column":9}}]},"121":{"type":"branch","line":489,"loc":{"start":{"line":489,"column":24},"end":{"line":491,"column":10}},"locations":[{"start":{"line":489,"column":24},"end":{"line":491,"column":10}}]},"122":{"type":"branch","line":494,"loc":{"start":{"line":494,"column":27},"end":{"line":496,"column":13}},"locations":[{"start":{"line":494,"column":27},"end":{"line":496,"column":13}}]}},"b":{"0":[8],"1":[7],"2":[2],"3":[6],"4":[11],"5":[10],"6":[9],"7":[6],"8":[0],"9":[5],"10":[5],"11":[4],"12":[3],"13":[4],"14":[1],"15":[9],"16":[13],"17":[5],"18":[0],"19":[5],"20":[0],"21":[0],"22":[5],"23":[26],"24":[5],"25":[5],"26":[4],"27":[0],"28":[5],"29":[0],"30":[5],"31":[0],"32":[9],"33":[0],"34":[22],"35":[17],"36":[12],"37":[7],"38":[20],"39":[15],"40":[19],"41":[14],"42":[5],"43":[0],"44":[9],"45":[0],"46":[0],"47":[5],"48":[0],"49":[9],"50":[0],"51":[5],"52":[0],"53":[0],"54":[1],"55":[4],"56":[0],"57":[4],"58":[4],"59":[4],"60":[0],"61":[0],"62":[4],"63":[5],"64":[0],"65":[5],"66":[0],"67":[0],"68":[5],"69":[5],"70":[0],"71":[5],"72":[0],"73":[2],"74":[3],"75":[0],"76":[3],"77":[0],"78":[3],"79":[3],"80":[2],"81":[2],"82":[0],"83":[0],"84":[2],"85":[1],"86":[0],"87":[1],"88":[0],"89":[1],"90":[0],"91":[1],"92":[0],"93":[1],"94":[1],"95":[0],"96":[0],"97":[0],"98":[1],"99":[9],"100":[9],"101":[9],"102":[14],"103":[9],"104":[0],"105":[0],"106":[0],"107":[0],"108":[0],"109":[0],"110":[0],"111":[0],"112":[0],"113":[0],"114":[5],"115":[5],"116":[5],"117":[0],"118":[10],"119":[9],"120":[7],"121":[4],"122":[7]},"fnMap":{"0":{"name":"isBlank","decl":{"start":{"line":10,"column":16},"end":{"line":10,"column":52}},"loc":{"start":{"line":10,"column":16},"end":{"line":10,"column":52}},"line":10},"1":{"name":"buildUrl","decl":{"start":{"line":12,"column":7},"end":{"line":18,"column":1}},"loc":{"start":{"line":12,"column":7},"end":{"line":18,"column":1}},"line":12},"2":{"name":"createMaxPinia","decl":{"start":{"line":42,"column":7},"end":{"line":78,"column":1}},"loc":{"start":{"line":42,"column":7},"end":{"line":78,"column":1}},"line":42},"3":{"name":"resolve","decl":{"start":{"line":45,"column":20},"end":{"line":60,"column":6}},"loc":{"start":{"line":45,"column":20},"end":{"line":60,"column":6}},"line":45},"4":{"name":"getAxios","decl":{"start":{"line":75,"column":25},"end":{"line":75,"column":74}},"loc":{"start":{"line":75,"column":25},"end":{"line":75,"column":74}},"line":75},"5":{"name":"maxPiniaPlugin","decl":{"start":{"line":80,"column":0},"end":{"line":483,"column":1}},"loc":{"start":{"line":80,"column":0},"end":{"line":483,"column":1}},"line":80},"6":{"name":"getKey","decl":{"start":{"line":100,"column":19},"end":{"line":100,"column":96}},"loc":{"start":{"line":100,"column":19},"end":{"line":100,"column":96}},"line":100},"7":{"name":"getIncludes","decl":{"start":{"line":101,"column":24},"end":{"line":101,"column":222}},"loc":{"start":{"line":101,"column":24},"end":{"line":101,"column":222}},"line":101},"8":{"name":"checkOnlyCache","decl":{"start":{"line":102,"column":27},"end":{"line":102,"column":137}},"loc":{"start":{"line":102,"column":27},"end":{"line":102,"column":137}},"line":102},"9":{"name":"getInDeduplication","decl":{"start":{"line":103,"column":31},"end":{"line":103,"column":178}},"loc":{"start":{"line":103,"column":31},"end":{"line":103,"column":178}},"line":103},"10":{"name":"getRouteName","decl":{"start":{"line":104,"column":25},"end":{"line":104,"column":175}},"loc":{"start":{"line":104,"column":25},"end":{"line":104,"column":175}},"line":104},"11":{"name":"getRouteData","decl":{"start":{"line":105,"column":25},"end":{"line":110,"column":6}},"loc":{"start":{"line":105,"column":25},"end":{"line":110,"column":6}},"line":105},"12":{"name":"setDefaultData","decl":{"start":{"line":112,"column":27},"end":{"line":112,"column":198}},"loc":{"start":{"line":112,"column":27},"end":{"line":112,"column":198}},"line":112},"13":{"name":"status.value.server.get.is_requesting_now","decl":{"start":{"line":134,"column":10},"end":{"line":134,"column":93}},"loc":{"start":{"line":134,"column":10},"end":{"line":134,"column":93}},"line":134},"14":{"name":"status.value.server.save.is_requesting_now","decl":{"start":{"line":143,"column":10},"end":{"line":143,"column":95}},"loc":{"start":{"line":143,"column":10},"end":{"line":143,"column":95}},"line":143},"15":{"name":"status.value.cache.get.is_requesting_now","decl":{"start":{"line":152,"column":10},"end":{"line":152,"column":91}},"loc":{"start":{"line":152,"column":10},"end":{"line":152,"column":91}},"line":152},"16":{"name":"status.value.cache.save.is_requesting_now","decl":{"start":{"line":161,"column":10},"end":{"line":161,"column":93}},"loc":{"start":{"line":161,"column":10},"end":{"line":161,"column":93}},"line":161},"17":{"name":"setLoadingMessage","decl":{"start":{"line":174,"column":4},"end":{"line":178,"column":5}},"loc":{"start":{"line":174,"column":4},"end":{"line":178,"column":5}},"line":174},"18":{"name":"setLoading","decl":{"start":{"line":180,"column":4},"end":{"line":193,"column":5}},"loc":{"start":{"line":180,"column":4},"end":{"line":193,"column":5}},"line":180},"19":{"name":"stopLoading","decl":{"start":{"line":195,"column":4},"end":{"line":198,"column":5}},"loc":{"start":{"line":195,"column":4},"end":{"line":198,"column":5}},"line":195},"20":{"name":"cancelLoad","decl":{"start":{"line":201,"column":23},"end":{"line":212,"column":6}},"loc":{"start":{"line":201,"column":23},"end":{"line":212,"column":6}},"line":201},"21":{"name":"loadInServer","decl":{"start":{"line":214,"column":25},"end":{"line":272,"column":6}},"loc":{"start":{"line":214,"column":25},"end":{"line":272,"column":6}},"line":214},"22":{"name":"reload","decl":{"start":{"line":274,"column":19},"end":{"line":277,"column":6}},"loc":{"start":{"line":274,"column":19},"end":{"line":277,"column":6}},"line":274},"23":{"name":"loadInCache","decl":{"start":{"line":279,"column":24},"end":{"line":326,"column":6}},"loc":{"start":{"line":279,"column":24},"end":{"line":326,"column":6}},"line":279},"24":{"name":"deep","decl":{"start":{"line":335,"column":32},"end":{"line":335,"column":53}},"loc":{"start":{"line":335,"column":32},"end":{"line":335,"column":53}},"line":335},"25":{"name":"saveInCache","decl":{"start":{"line":337,"column":24},"end":{"line":367,"column":6}},"loc":{"start":{"line":337,"column":24},"end":{"line":367,"column":6}},"line":337},"26":{"name":"postInDeduplication","decl":{"start":{"line":369,"column":32},"end":{"line":369,"column":254}},"loc":{"start":{"line":369,"column":32},"end":{"line":369,"column":254}},"line":369},"27":{"name":"postRouteName","decl":{"start":{"line":370,"column":26},"end":{"line":370,"column":254}},"loc":{"start":{"line":370,"column":26},"end":{"line":370,"column":254}},"line":370},"28":{"name":"getPostData","decl":{"start":{"line":371,"column":24},"end":{"line":378,"column":6}},"loc":{"start":{"line":371,"column":24},"end":{"line":378,"column":6}},"line":371},"29":{"name":"saveInServer","decl":{"start":{"line":380,"column":25},"end":{"line":449,"column":6}},"loc":{"start":{"line":380,"column":25},"end":{"line":449,"column":6}},"line":380},"30":{"name":"onDownloadProgress","decl":{"start":{"line":404,"column":32},"end":{"line":406,"column":14}},"loc":{"start":{"line":404,"column":32},"end":{"line":406,"column":14}},"line":404},"31":{"name":"pauseSave","decl":{"start":{"line":452,"column":22},"end":{"line":452,"column":63}},"loc":{"start":{"line":452,"column":22},"end":{"line":452,"column":63}},"line":452},"32":{"name":"resumeSave","decl":{"start":{"line":453,"column":23},"end":{"line":453,"column":91}},"loc":{"start":{"line":453,"column":23},"end":{"line":453,"column":91}},"line":453},"33":{"name":"debounce","decl":{"start":{"line":463,"column":45},"end":{"line":463,"column":67}},"loc":{"start":{"line":463,"column":45},"end":{"line":463,"column":67}},"line":463},"34":{"name":"idx.value","decl":{"start":{"line":470,"column":10},"end":{"line":470,"column":67}},"loc":{"start":{"line":470,"column":10},"end":{"line":470,"column":67}},"line":470},"35":{"name":"immediate","decl":{"start":{"line":470,"column":67},"end":{"line":478,"column":7}},"loc":{"start":{"line":470,"column":67},"end":{"line":478,"column":7}},"line":470},"36":{"name":"clearAll","decl":{"start":{"line":480,"column":21},"end":{"line":480,"column":59}},"loc":{"start":{"line":480,"column":21},"end":{"line":480,"column":59}},"line":480},"37":{"name":"useAsyncStatus","decl":{"start":{"line":486,"column":7},"end":{"line":500,"column":1}},"loc":{"start":{"line":486,"column":7},"end":{"line":500,"column":1}},"line":486},"38":{"name":"handler","decl":{"start":{"line":489,"column":24},"end":{"line":491,"column":10}},"loc":{"start":{"line":489,"column":24},"end":{"line":491,"column":10}},"line":489}},"f":{"0":0,"1":8,"2":5,"3":0,"4":5,"5":5,"6":26,"7":5,"8":0,"9":0,"10":5,"11":4,"12":5,"13":22,"14":12,"15":20,"16":19,"17":0,"18":9,"19":9,"20":0,"21":5,"22":0,"23":5,"24":0,"25":5,"26":0,"27":2,"28":2,"29":2,"30":0,"31":9,"32":9,"33":0,"34":5,"35":5,"36":0,"37":10,"38":4}}
,"/home/johnattas/GitHub/MaxPinia/.max-code-worktrees/wt-implement-issue-1/src/helpers/internal.ts": {"path":"/home/johnattas/GitHub/MaxPinia/.max-code-worktrees/wt-implement-issue-1/src/helpers/internal.ts","all":false,"statementMap":{"0":{"start":{"line":1,"column":0},"end":{"line":1,"column":89}},"1":{"start":{"line":2,"column":0},"end":{"line":2,"column":28}},"2":{"start":{"line":3,"column":0},"end":{"line":3,"column":46}},"3":{"start":{"line":4,"column":0},"end":{"line":4,"column":65}},"11":{"start":{"line":12,"column":0},"end":{"line":12,"column":98}},"12":{"start":{"line":13,"column":0},"end":{"line":13,"column":46}},"13":{"start":{"line":14,"column":0},"end":{"line":14,"column":64}},"15":{"start":{"line":16,"column":0},"end":{"line":16,"column":25}},"16":{"start":{"line":17,"column":0},"end":{"line":17,"column":71}},"17":{"start":{"line":18,"column":0},"end":{"line":18,"column":73}},"18":{"start":{"line":19,"column":0},"end":{"line":19,"column":103}},"19":{"start":{"line":20,"column":0},"end":{"line":20,"column":122}},"20":{"start":{"line":21,"column":0},"end":{"line":21,"column":9}},"21":{"start":{"line":22,"column":0},"end":{"line":22,"column":31}},"22":{"start":{"line":23,"column":0},"end":{"line":23,"column":6}},"24":{"start":{"line":25,"column":0},"end":{"line":25,"column":18}},"25":{"start":{"line":26,"column":0},"end":{"line":26,"column":24}},"26":{"start":{"line":27,"column":0},"end":{"line":27,"column":79}},"28":{"start":{"line":29,"column":0},"end":{"line":29,"column":17}},"29":{"start":{"line":30,"column":0},"end":{"line":30,"column":1}},"32":{"start":{"line":33,"column":0},"end":{"line":33,"column":49}},"33":{"start":{"line":34,"column":0},"end":{"line":34,"column":60}},"34":{"start":{"line":35,"column":0},"end":{"line":35,"column":66}},"35":{"start":{"line":36,"column":0},"end":{"line":36,"column":54}},"36":{"start":{"line":37,"column":0},"end":{"line":37,"column":72}},"37":{"start":{"line":38,"column":0},"end":{"line":38,"column":16}},"38":{"start":{"line":39,"column":0},"end":{"line":39,"column":1}},"41":{"start":{"line":42,"column":0},"end":{"line":42,"column":30}},"42":{"start":{"line":43,"column":0},"end":{"line":43,"column":27}},"43":{"start":{"line":44,"column":0},"end":{"line":44,"column":71}},"44":{"start":{"line":45,"column":0},"end":{"line":45,"column":69}},"45":{"start":{"line":46,"column":0},"end":{"line":46,"column":16}},"46":{"start":{"line":47,"column":0},"end":{"line":47,"column":55}},"47":{"start":{"line":48,"column":0},"end":{"line":48,"column":39}},"48":{"start":{"line":49,"column":0},"end":{"line":49,"column":57}},"49":{"start":{"line":50,"column":0},"end":{"line":50,"column":52}},"50":{"start":{"line":51,"column":0},"end":{"line":51,"column":43}},"51":{"start":{"line":52,"column":0},"end":{"line":52,"column":18}},"52":{"start":{"line":53,"column":0},"end":{"line":53,"column":1}},"58":{"start":{"line":59,"column":0},"end":{"line":59,"column":60}},"59":{"start":{"line":60,"column":0},"end":{"line":60,"column":31}},"60":{"start":{"line":61,"column":0},"end":{"line":61,"column":79}},"61":{"start":{"line":62,"column":0},"end":{"line":62,"column":79}},"62":{"start":{"line":63,"column":0},"end":{"line":63,"column":79}},"63":{"start":{"line":64,"column":0},"end":{"line":64,"column":115}},"64":{"start":{"line":65,"column":0},"end":{"line":65,"column":50}},"65":{"start":{"line":66,"column":0},"end":{"line":66,"column":5}},"66":{"start":{"line":67,"column":0},"end":{"line":67,"column":16}},"67":{"start":{"line":68,"column":0},"end":{"line":68,"column":1}},"70":{"start":{"line":71,"column":0},"end":{"line":71,"column":71}},"71":{"start":{"line":72,"column":0},"end":{"line":72,"column":31}},"72":{"start":{"line":73,"column":0},"end":{"line":73,"column":79}},"73":{"start":{"line":74,"column":0},"end":{"line":74,"column":79}},"74":{"start":{"line":75,"column":0},"end":{"line":75,"column":79}},"75":{"start":{"line":76,"column":0},"end":{"line":76,"column":115}},"76":{"start":{"line":77,"column":0},"end":{"line":77,"column":42}},"77":{"start":{"line":78,"column":0},"end":{"line":78,"column":5}},"78":{"start":{"line":79,"column":0},"end":{"line":79,"column":17}},"79":{"start":{"line":80,"column":0},"end":{"line":80,"column":1}}},"s":{"0":1,"1":1,"2":1,"3":1,"11":1,"12":9,"13":9,"15":9,"16":17,"17":17,"18":17,"19":17,"20":17,"21":17,"22":17,"24":9,"25":9,"26":9,"28":9,"29":9,"32":1,"33":11,"34":11,"35":11,"36":11,"37":2,"38":2,"41":1,"42":5,"43":5,"44":5,"45":5,"46":5,"47":0,"48":0,"49":0,"50":5,"51":5,"52":5,"58":1,"59":19,"60":94,"61":94,"62":94,"63":94,"64":94,"65":94,"66":10,"67":10,"70":1,"71":13,"72":31,"73":31,"74":31,"75":31,"76":31,"77":31,"78":11,"79":11},"branchMap":{"0":{"type":"branch","line":12,"loc":{"start":{"line":12,"column":7},"end":{"line":30,"column":1}},"locations":[{"start":{"line":12,"column":7},"end":{"line":30,"column":1}}]},"1":{"type":"branch","line":27,"loc":{"start":{"line":27,"column":15},"end":{"line":27,"column":79}},"locations":[{"start":{"line":27,"column":15},"end":{"line":27,"column":79}}]},"2":{"type":"branch","line":16,"loc":{"start":{"line":16,"column":18},"end":{"line":23,"column":6}},"locations":[{"start":{"line":16,"column":18},"end":{"line":23,"column":6}}]},"3":{"type":"branch","line":19,"loc":{"start":{"line":19,"column":60},"end":{"line":19,"column":103}},"locations":[{"start":{"line":19,"column":60},"end":{"line":19,"column":103}}]},"4":{"type":"branch","line":20,"loc":{"start":{"line":20,"column":67},"end":{"line":20,"column":122}},"locations":[{"start":{"line":20,"column":67},"end":{"line":20,"column":122}}]},"5":{"type":"branch","line":33,"loc":{"start":{"line":33,"column":7},"end":{"line":39,"column":1}},"locations":[{"start":{"line":33,"column":7},"end":{"line":39,"column":1}}]},"6":{"type":"branch","line":34,"loc":{"start":{"line":34,"column":18},"end":{"line":34,"column":47}},"locations":[{"start":{"line":34,"column":18},"end":{"line":34,"column":47}}]},"7":{"type":"branch","line":34,"loc":{"start":{"line":34,"column":47},"end":{"line":34,"column":60}},"locations":[{"start":{"line":34,"column":47},"end":{"line":34,"column":60}}]},"8":{"type":"branch","line":34,"loc":{"start":{"line":34,"column":54},"end":{"line":35,"column":42}},"locations":[{"start":{"line":34,"column":54},"end":{"line":35,"column":42}}]},"9":{"type":"branch","line":35,"loc":{"start":{"line":35,"column":35},"end":{"line":35,"column":66}},"locations":[{"start":{"line":35,"column":35},"end":{"line":35,"column":66}}]},"10":{"type":"branch","line":35,"loc":{"start":{"line":35,"column":64},"end":{"line":36,"column":37}},"locations":[{"start":{"line":35,"column":64},"end":{"line":36,"column":37}}]},"11":{"type":"branch","line":36,"loc":{"start":{"line":36,"column":30},"end":{"line":36,"column":54}},"locations":[{"start":{"line":36,"column":30},"end":{"line":36,"column":54}}]},"12":{"type":"branch","line":36,"loc":{"start":{"line":36,"column":52},"end":{"line":37,"column":42}},"locations":[{"start":{"line":36,"column":52},"end":{"line":37,"column":42}}]},"13":{"type":"branch","line":37,"loc":{"start":{"line":37,"column":35},"end":{"line":39,"column":1}},"locations":[{"start":{"line":37,"column":35},"end":{"line":39,"column":1}}]},"14":{"type":"branch","line":42,"loc":{"start":{"line":42,"column":7},"end":{"line":53,"column":1}},"locations":[{"start":{"line":42,"column":7},"end":{"line":53,"column":1}}]},"15":{"type":"branch","line":59,"loc":{"start":{"line":59,"column":7},"end":{"line":68,"column":1}},"locations":[{"start":{"line":59,"column":7},"end":{"line":68,"column":1}}]},"16":{"type":"branch","line":60,"loc":{"start":{"line":60,"column":30},"end":{"line":66,"column":5}},"locations":[{"start":{"line":60,"column":30},"end":{"line":66,"column":5}}]},"17":{"type":"branch","line":64,"loc":{"start":{"line":64,"column":53},"end":{"line":64,"column":88}},"locations":[{"start":{"line":64,"column":53},"end":{"line":64,"column":88}}]},"18":{"type":"branch","line":64,"loc":{"start":{"line":64,"column":83},"end":{"line":64,"column":115}},"locations":[{"start":{"line":64,"column":83},"end":{"line":64,"column":115}}]},"19":{"type":"branch","line":65,"loc":{"start":{"line":65,"column":20},"end":{"line":65,"column":50}},"locations":[{"start":{"line":65,"column":20},"end":{"line":65,"column":50}}]},"20":{"type":"branch","line":65,"loc":{"start":{"line":65,"column":34},"end":{"line":65,"column":50}},"locations":[{"start":{"line":65,"column":34},"end":{"line":65,"column":50}}]},"21":{"type":"branch","line":66,"loc":{"start":{"line":66,"column":4},"end":{"line":68,"column":1}},"locations":[{"start":{"line":66,"column":4},"end":{"line":68,"column":1}}]},"22":{"type":"branch","line":61,"loc":{"start":{"line":61,"column":42},"end":{"line":61,"column":67}},"locations":[{"start":{"line":61,"column":42},"end":{"line":61,"column":67}}]},"23":{"type":"branch","line":62,"loc":{"start":{"line":62,"column":42},"end":{"line":62,"column":67}},"locations":[{"start":{"line":62,"column":42},"end":{"line":62,"column":67}}]},"24":{"type":"branch","line":63,"loc":{"start":{"line":63,"column":42},"end":{"line":63,"column":67}},"locations":[{"start":{"line":63,"column":42},"end":{"line":63,"column":67}}]},"25":{"type":"branch","line":71,"loc":{"start":{"line":71,"column":7},"end":{"line":80,"column":1}},"locations":[{"start":{"line":71,"column":7},"end":{"line":80,"column":1}}]},"26":{"type":"branch","line":72,"loc":{"start":{"line":72,"column":30},"end":{"line":78,"column":5}},"locations":[{"start":{"line":72,"column":30},"end":{"line":78,"column":5}}]},"27":{"type":"branch","line":76,"loc":{"start":{"line":76,"column":53},"end":{"line":76,"column":88}},"locations":[{"start":{"line":76,"column":53},"end":{"line":76,"column":88}}]},"28":{"type":"branch","line":76,"loc":{"start":{"line":76,"column":83},"end":{"line":76,"column":115}},"locations":[{"start":{"line":76,"column":83},"end":{"line":76,"column":115}}]},"29":{"type":"branch","line":77,"loc":{"start":{"line":77,"column":30},"end":{"line":77,"column":42}},"locations":[{"start":{"line":77,"column":30},"end":{"line":77,"column":42}}]},"30":{"type":"branch","line":78,"loc":{"start":{"line":78,"column":4},"end":{"line":80,"column":1}},"locations":[{"start":{"line":78,"column":4},"end":{"line":80,"column":1}}]},"31":{"type":"branch","line":73,"loc":{"start":{"line":73,"column":42},"end":{"line":73,"column":67}},"locations":[{"start":{"line":73,"column":42},"end":{"line":73,"column":67}}]},"32":{"type":"branch","line":74,"loc":{"start":{"line":74,"column":42},"end":{"line":74,"column":67}},"locations":[{"start":{"line":74,"column":42},"end":{"line":74,"column":67}}]},"33":{"type":"branch","line":75,"loc":{"start":{"line":75,"column":42},"end":{"line":75,"column":67}},"locations":[{"start":{"line":75,"column":42},"end":{"line":75,"column":67}}]}},"b":{"0":[9],"1":[0],"2":[17],"3":[2],"4":[0],"5":[11],"6":[10],"7":[2],"8":[9],"9":[3],"10":[6],"11":[2],"12":[4],"13":[2],"14":[5],"15":[19],"16":[94],"17":[86],"18":[86],"19":[9],"20":[8],"21":[10],"22":[163],"23":[163],"24":[163],"25":[13],"26":[31],"27":[29],"28":[29],"29":[2],"30":[11],"31":[50],"32":[50],"33":[50]},"fnMap":{"0":{"name":"useDefaultReset","decl":{"start":{"line":12,"column":7},"end":{"line":30,"column":1}},"loc":{"start":{"line":12,"column":7},"end":{"line":30,"column":1}},"line":12},"1":{"name":"state.reset","decl":{"start":{"line":16,"column":18},"end":{"line":23,"column":6}},"loc":{"start":{"line":16,"column":18},"end":{"line":23,"column":6}},"line":16},"2":{"name":"debounce","decl":{"start":{"line":27,"column":37},"end":{"line":27,"column":58}},"loc":{"start":{"line":27,"column":37},"end":{"line":27,"column":58}},"line":27},"3":{"name":"isNotEmpty","decl":{"start":{"line":33,"column":7},"end":{"line":39,"column":1}},"loc":{"start":{"line":33,"column":7},"end":{"line":39,"column":1}},"line":33},"4":{"name":"watchValid","decl":{"start":{"line":42,"column":7},"end":{"line":53,"column":1}},"loc":{"start":{"line":42,"column":7},"end":{"line":53,"column":1}},"line":42},"5":{"name":"handle","decl":{"start":{"line":47,"column":33},"end":{"line":51,"column":7}},"loc":{"start":{"line":47,"column":33},"end":{"line":51,"column":7}},"line":47},"6":{"name":"getIn","decl":{"start":{"line":59,"column":7},"end":{"line":68,"column":1}},"loc":{"start":{"line":59,"column":7},"end":{"line":68,"column":1}},"line":59},"7":{"name":"anyIsFalseIn","decl":{"start":{"line":71,"column":7},"end":{"line":80,"column":1}},"loc":{"start":{"line":71,"column":7},"end":{"line":80,"column":1}},"line":71}},"f":{"0":9,"1":17,"2":0,"3":11,"4":5,"5":0,"6":19,"7":13}}
}
