{"/home/johnattas/GitHub/MaxPinia/.max-code-worktrees/wt-implement-issue-4/src/index.ts": {"path":"/home/johnattas/GitHub/MaxPinia/.max-code-worktrees/wt-implement-issue-4/src/index.ts","all":false,"statementMap":{"0":{"start":{"line":1,"column":0},"end":{"line":1,"column":58}},"8":{"start":{"line":9,"column":0},"end":{"line":9,"column":17}}},"s":{"0":1,"8":1},"branchMap":{},"b":{},"fnMap":{},"f":{}}
,"/home/johnattas/GitHub/MaxPinia/.max-code-worktrees/wt-implement-issue-4/src/plugin.ts": {"path":"/home/johnattas/GitHub/MaxPinia/.max-code-worktrees/wt-implement-issue-4/src/plugin.ts","all":false,"statementMap":{"0":{"start":{"line":1,"column":0},"end":{"line":1,"column":69}},"2":{"start":{"line":3,"column":0},"end":{"line":3,"column":38}},"3":{"start":{"line":4,"column":0},"end":{"line":4,"column":60}},"4":{"start":{"line":5,"column":0},"end":{"line":5,"column":46}},"7":{"start":{"line":8,"column":0},"end":{"line":8,"column":98}},"9":{"start":{"line":10,"column":0},"end":{"line":10,"column":52}},"11":{"start":{"line":12,"column":0},"end":{"line":12,"column":77}},"12":{"start":{"line":13,"column":0},"end":{"line":13,"column":64}},"13":{"start":{"line":14,"column":0},"end":{"line":14,"column":37}},"14":{"start":{"line":15,"column":0},"end":{"line":15,"column":108}},"15":{"start":{"line":16,"column":0},"end":{"line":16,"column":30}},"16":{"start":{"line":17,"column":0},"end":{"line":17,"column":39}},"17":{"start":{"line":18,"column":0},"end":{"line":18,"column":1}},"41":{"start":{"line":42,"column":0},"end":{"line":42,"column":78}},"42":{"start":{"line":43,"column":0},"end":{"line":43,"column":47}},"44":{"start":{"line":45,"column":0},"end":{"line":45,"column":58}},"45":{"start":{"line":46,"column":0},"end":{"line":46,"column":38}},"46":{"start":{"line":47,"column":0},"end":{"line":47,"column":82}},"47":{"start":{"line":48,"column":0},"end":{"line":48,"column":20}},"48":{"start":{"line":49,"column":0},"end":{"line":49,"column":55}},"49":{"start":{"line":50,"column":0},"end":{"line":50,"column":33}},"50":{"start":{"line":51,"column":0},"end":{"line":51,"column":72}},"51":{"start":{"line":52,"column":0},"end":{"line":52,"column":66}},"52":{"start":{"line":53,"column":0},"end":{"line":53,"column":63}},"53":{"start":{"line":54,"column":0},"end":{"line":54,"column":65}},"54":{"start":{"line":55,"column":0},"end":{"line":55,"column":62}},"55":{"start":{"line":56,"column":0},"end":{"line":56,"column":60}},"56":{"start":{"line":57,"column":0},"end":{"line":57,"column":45}},"57":{"start":{"line":58,"column":0},"end":{"line":58,"column":10}},"58":{"start":{"line":59,"column":0},"end":{"line":59,"column":24}},"59":{"start":{"line":60,"column":0},"end":{"line":60,"column":6}},"61":{"start":{"line":62,"column":0},"end":{"line":62,"column":45}},"63":{"start":{"line":64,"column":0},"end":{"line":64,"column":37}},"64":{"start":{"line":65,"column":0},"end":{"line":65,"column":55}},"65":{"start":{"line":66,"column":0},"end":{"line":66,"column":43}},"66":{"start":{"line":67,"column":0},"end":{"line":67,"column":72}},"67":{"start":{"line":68,"column":0},"end":{"line":68,"column":66}},"68":{"start":{"line":69,"column":0},"end":{"line":69,"column":63}},"69":{"start":{"line":70,"column":0},"end":{"line":70,"column":65}},"70":{"start":{"line":71,"column":0},"end":{"line":71,"column":62}},"71":{"start":{"line":72,"column":0},"end":{"line":72,"column":60}},"72":{"start":{"line":73,"column":0},"end":{"line":73,"column":45}},"73":{"start":{"line":74,"column":0},"end":{"line":74,"column":10}},"74":{"start":{"line":75,"column":0},"end":{"line":75,"column":74}},"75":{"start":{"line":76,"column":0},"end":{"line":76,"column":54}},"76":{"start":{"line":77,"column":0},"end":{"line":77,"column":6}},"77":{"start":{"line":78,"column":0},"end":{"line":78,"column":1}},"79":{"start":{"line":80,"column":0},"end":{"line":80,"column":24}},"80":{"start":{"line":81,"column":0},"end":{"line":81,"column":32}},"81":{"start":{"line":82,"column":0},"end":{"line":82,"column":24}},"82":{"start":{"line":83,"column":0},"end":{"line":83,"column":32}},"83":{"start":{"line":84,"column":0},"end":{"line":84,"column":3}},"84":{"start":{"line":85,"column":0},"end":{"line":85,"column":32}},"86":{"start":{"line":87,"column":0},"end":{"line":87,"column":55}},"88":{"start":{"line":89,"column":0},"end":{"line":89,"column":67}},"89":{"start":{"line":90,"column":0},"end":{"line":90,"column":77}},"91":{"start":{"line":92,"column":0},"end":{"line":92,"column":32}},"92":{"start":{"line":93,"column":0},"end":{"line":93,"column":53}},"94":{"start":{"line":95,"column":0},"end":{"line":95,"column":20}},"96":{"start":{"line":97,"column":0},"end":{"line":97,"column":32}},"98":{"start":{"line":99,"column":0},"end":{"line":99,"column":95}},"99":{"start":{"line":100,"column":0},"end":{"line":100,"column":96}},"100":{"start":{"line":101,"column":0},"end":{"line":101,"column":222}},"101":{"start":{"line":102,"column":0},"end":{"line":102,"column":137}},"102":{"start":{"line":103,"column":0},"end":{"line":103,"column":178}},"103":{"start":{"line":104,"column":0},"end":{"line":104,"column":175}},"104":{"start":{"line":105,"column":0},"end":{"line":105,"column":32}},"105":{"start":{"line":106,"column":0},"end":{"line":106,"column":93}},"106":{"start":{"line":107,"column":0},"end":{"line":107,"column":52}},"107":{"start":{"line":108,"column":0},"end":{"line":108,"column":68}},"108":{"start":{"line":109,"column":0},"end":{"line":109,"column":27}},"109":{"start":{"line":110,"column":0},"end":{"line":110,"column":6}},"111":{"start":{"line":112,"column":0},"end":{"line":112,"column":198}},"113":{"start":{"line":114,"column":0},"end":{"line":114,"column":46}},"114":{"start":{"line":115,"column":0},"end":{"line":115,"column":44}},"116":{"start":{"line":117,"column":0},"end":{"line":117,"column":44}},"117":{"start":{"line":118,"column":0},"end":{"line":118,"column":17}},"118":{"start":{"line":119,"column":0},"end":{"line":119,"column":178}},"119":{"start":{"line":120,"column":0},"end":{"line":120,"column":164}},"120":{"start":{"line":121,"column":0},"end":{"line":121,"column":16}},"121":{"start":{"line":122,"column":0},"end":{"line":122,"column":178}},"122":{"start":{"line":123,"column":0},"end":{"line":123,"column":163}},"123":{"start":{"line":124,"column":0},"end":{"line":124,"column":14}},"125":{"start":{"line":126,"column":0},"end":{"line":126,"column":25}},"126":{"start":{"line":127,"column":0},"end":{"line":127,"column":52}},"127":{"start":{"line":128,"column":0},"end":{"line":128,"column":107}},"128":{"start":{"line":129,"column":0},"end":{"line":129,"column":7}},"130":{"start":{"line":131,"column":0},"end":{"line":131,"column":71}},"131":{"start":{"line":132,"column":0},"end":{"line":132,"column":155}},"133":{"start":{"line":134,"column":0},"end":{"line":134,"column":100}},"134":{"start":{"line":135,"column":0},"end":{"line":135,"column":90}},"135":{"start":{"line":136,"column":0},"end":{"line":136,"column":84}},"136":{"start":{"line":137,"column":0},"end":{"line":137,"column":26}},"137":{"start":{"line":138,"column":0},"end":{"line":138,"column":62}},"138":{"start":{"line":139,"column":0},"end":{"line":139,"column":59}},"139":{"start":{"line":140,"column":0},"end":{"line":140,"column":16}},"140":{"start":{"line":141,"column":0},"end":{"line":141,"column":7}},"142":{"start":{"line":143,"column":0},"end":{"line":143,"column":102}},"143":{"start":{"line":144,"column":0},"end":{"line":144,"column":92}},"144":{"start":{"line":145,"column":0},"end":{"line":145,"column":86}},"145":{"start":{"line":146,"column":0},"end":{"line":146,"column":26}},"146":{"start":{"line":147,"column":0},"end":{"line":147,"column":63}},"147":{"start":{"line":148,"column":0},"end":{"line":148,"column":60}},"148":{"start":{"line":149,"column":0},"end":{"line":149,"column":16}},"149":{"start":{"line":150,"column":0},"end":{"line":150,"column":7}},"151":{"start":{"line":152,"column":0},"end":{"line":152,"column":98}},"152":{"start":{"line":153,"column":0},"end":{"line":153,"column":88}},"153":{"start":{"line":154,"column":0},"end":{"line":154,"column":82}},"154":{"start":{"line":155,"column":0},"end":{"line":155,"column":26}},"155":{"start":{"line":156,"column":0},"end":{"line":156,"column":61}},"156":{"start":{"line":157,"column":0},"end":{"line":157,"column":58}},"157":{"start":{"line":158,"column":0},"end":{"line":158,"column":16}},"158":{"start":{"line":159,"column":0},"end":{"line":159,"column":7}},"160":{"start":{"line":161,"column":0},"end":{"line":161,"column":100}},"161":{"start":{"line":162,"column":0},"end":{"line":162,"column":90}},"162":{"start":{"line":163,"column":0},"end":{"line":163,"column":84}},"163":{"start":{"line":164,"column":0},"end":{"line":164,"column":26}},"164":{"start":{"line":165,"column":0},"end":{"line":165,"column":62}},"165":{"start":{"line":166,"column":0},"end":{"line":166,"column":59}},"166":{"start":{"line":167,"column":0},"end":{"line":167,"column":16}},"167":{"start":{"line":168,"column":0},"end":{"line":168,"column":7}},"169":{"start":{"line":170,"column":0},"end":{"line":170,"column":67}},"170":{"start":{"line":171,"column":0},"end":{"line":171,"column":45}},"171":{"start":{"line":172,"column":0},"end":{"line":172,"column":7}},"173":{"start":{"line":174,"column":0},"end":{"line":174,"column":49}},"174":{"start":{"line":175,"column":0},"end":{"line":175,"column":35}},"175":{"start":{"line":176,"column":0},"end":{"line":176,"column":88}},"176":{"start":{"line":177,"column":0},"end":{"line":177,"column":54}},"177":{"start":{"line":178,"column":0},"end":{"line":178,"column":5}},"179":{"start":{"line":180,"column":0},"end":{"line":180,"column":43}},"180":{"start":{"line":181,"column":0},"end":{"line":181,"column":99}},"181":{"start":{"line":182,"column":0},"end":{"line":182,"column":44}},"183":{"start":{"line":184,"column":0},"end":{"line":184,"column":35}},"184":{"start":{"line":185,"column":0},"end":{"line":185,"column":64}},"185":{"start":{"line":186,"column":0},"end":{"line":186,"column":81}},"186":{"start":{"line":187,"column":0},"end":{"line":187,"column":41}},"187":{"start":{"line":188,"column":0},"end":{"line":188,"column":30}},"188":{"start":{"line":189,"column":0},"end":{"line":189,"column":38}},"189":{"start":{"line":190,"column":0},"end":{"line":190,"column":61}},"190":{"start":{"line":191,"column":0},"end":{"line":191,"column":37}},"191":{"start":{"line":192,"column":0},"end":{"line":192,"column":9}},"192":{"start":{"line":193,"column":0},"end":{"line":193,"column":5}},"194":{"start":{"line":195,"column":0},"end":{"line":195,"column":63}},"195":{"start":{"line":196,"column":0},"end":{"line":196,"column":48}},"196":{"start":{"line":197,"column":0},"end":{"line":197,"column":34}},"197":{"start":{"line":198,"column":0},"end":{"line":198,"column":5}},"199":{"start":{"line":200,"column":0},"end":{"line":200,"column":37}},"200":{"start":{"line":201,"column":0},"end":{"line":201,"column":76}},"201":{"start":{"line":202,"column":0},"end":{"line":202,"column":71}},"202":{"start":{"line":203,"column":0},"end":{"line":203,"column":80}},"203":{"start":{"line":204,"column":0},"end":{"line":204,"column":47}},"204":{"start":{"line":205,"column":0},"end":{"line":205,"column":26}},"205":{"start":{"line":206,"column":0},"end":{"line":206,"column":39}},"206":{"start":{"line":207,"column":0},"end":{"line":207,"column":30}},"207":{"start":{"line":208,"column":0},"end":{"line":208,"column":44}},"208":{"start":{"line":209,"column":0},"end":{"line":209,"column":38}},"209":{"start":{"line":210,"column":0},"end":{"line":210,"column":31}},"210":{"start":{"line":211,"column":0},"end":{"line":211,"column":9}},"211":{"start":{"line":212,"column":0},"end":{"line":212,"column":6}},"213":{"start":{"line":214,"column":0},"end":{"line":214,"column":38}},"214":{"start":{"line":215,"column":0},"end":{"line":215,"column":25}},"215":{"start":{"line":216,"column":0},"end":{"line":216,"column":40}},"216":{"start":{"line":217,"column":0},"end":{"line":217,"column":80}},"218":{"start":{"line":219,"column":0},"end":{"line":219,"column":57}},"219":{"start":{"line":220,"column":0},"end":{"line":220,"column":32}},"221":{"start":{"line":222,"column":0},"end":{"line":222,"column":39}},"222":{"start":{"line":223,"column":0},"end":{"line":223,"column":57}},"223":{"start":{"line":224,"column":0},"end":{"line":224,"column":139}},"224":{"start":{"line":225,"column":0},"end":{"line":225,"column":84}},"225":{"start":{"line":226,"column":0},"end":{"line":226,"column":9}},"227":{"start":{"line":228,"column":0},"end":{"line":228,"column":53}},"228":{"start":{"line":229,"column":0},"end":{"line":229,"column":53}},"229":{"start":{"line":230,"column":0},"end":{"line":230,"column":51}},"230":{"start":{"line":231,"column":0},"end":{"line":231,"column":49}},"231":{"start":{"line":232,"column":0},"end":{"line":232,"column":45}},"232":{"start":{"line":233,"column":0},"end":{"line":233,"column":57}},"234":{"start":{"line":235,"column":0},"end":{"line":235,"column":40}},"235":{"start":{"line":236,"column":0},"end":{"line":236,"column":65}},"237":{"start":{"line":238,"column":0},"end":{"line":238,"column":104}},"239":{"start":{"line":240,"column":0},"end":{"line":240,"column":39}},"240":{"start":{"line":241,"column":0},"end":{"line":241,"column":102}},"241":{"start":{"line":242,"column":0},"end":{"line":242,"column":38}},"242":{"start":{"line":243,"column":0},"end":{"line":243,"column":28}},"243":{"start":{"line":244,"column":0},"end":{"line":244,"column":43}},"244":{"start":{"line":245,"column":0},"end":{"line":245,"column":58}},"245":{"start":{"line":246,"column":0},"end":{"line":246,"column":65}},"246":{"start":{"line":247,"column":0},"end":{"line":247,"column":45}},"247":{"start":{"line":248,"column":0},"end":{"line":248,"column":45}},"248":{"start":{"line":249,"column":0},"end":{"line":249,"column":17}},"249":{"start":{"line":250,"column":0},"end":{"line":250,"column":29}},"250":{"start":{"line":251,"column":0},"end":{"line":251,"column":58}},"251":{"start":{"line":252,"column":0},"end":{"line":252,"column":57}},"252":{"start":{"line":253,"column":0},"end":{"line":253,"column":29}},"253":{"start":{"line":254,"column":0},"end":{"line":254,"column":27}},"254":{"start":{"line":255,"column":0},"end":{"line":255,"column":115}},"256":{"start":{"line":257,"column":0},"end":{"line":257,"column":55}},"257":{"start":{"line":258,"column":0},"end":{"line":258,"column":14}},"258":{"start":{"line":259,"column":0},"end":{"line":259,"column":36}},"259":{"start":{"line":260,"column":0},"end":{"line":260,"column":53}},"260":{"start":{"line":261,"column":0},"end":{"line":261,"column":144}},"261":{"start":{"line":262,"column":0},"end":{"line":262,"column":63}},"262":{"start":{"line":263,"column":0},"end":{"line":263,"column":60}},"263":{"start":{"line":264,"column":0},"end":{"line":264,"column":58}},"264":{"start":{"line":265,"column":0},"end":{"line":265,"column":17}},"265":{"start":{"line":266,"column":0},"end":{"line":266,"column":14}},"266":{"start":{"line":267,"column":0},"end":{"line":267,"column":28}},"267":{"start":{"line":268,"column":0},"end":{"line":268,"column":62}},"268":{"start":{"line":269,"column":0},"end":{"line":269,"column":60}},"269":{"start":{"line":270,"column":0},"end":{"line":270,"column":44}},"270":{"start":{"line":271,"column":0},"end":{"line":271,"column":15}},"271":{"start":{"line":272,"column":0},"end":{"line":272,"column":6}},"273":{"start":{"line":274,"column":0},"end":{"line":274,"column":32}},"274":{"start":{"line":275,"column":0},"end":{"line":275,"column":29}},"275":{"start":{"line":276,"column":0},"end":{"line":276,"column":51}},"276":{"start":{"line":277,"column":0},"end":{"line":277,"column":6}},"278":{"start":{"line":279,"column":0},"end":{"line":279,"column":31}},"279":{"start":{"line":280,"column":0},"end":{"line":280,"column":25}},"280":{"start":{"line":281,"column":0},"end":{"line":281,"column":80}},"282":{"start":{"line":283,"column":0},"end":{"line":283,"column":52}},"283":{"start":{"line":284,"column":0},"end":{"line":284,"column":52}},"284":{"start":{"line":285,"column":0},"end":{"line":285,"column":50}},"285":{"start":{"line":286,"column":0},"end":{"line":286,"column":38}},"286":{"start":{"line":287,"column":0},"end":{"line":287,"column":37}},"287":{"start":{"line":288,"column":0},"end":{"line":288,"column":40}},"288":{"start":{"line":289,"column":0},"end":{"line":289,"column":59}},"289":{"start":{"line":290,"column":0},"end":{"line":290,"column":57}},"290":{"start":{"line":291,"column":0},"end":{"line":291,"column":43}},"291":{"start":{"line":292,"column":0},"end":{"line":292,"column":60}},"292":{"start":{"line":293,"column":0},"end":{"line":293,"column":32}},"293":{"start":{"line":294,"column":0},"end":{"line":294,"column":70}},"294":{"start":{"line":295,"column":0},"end":{"line":295,"column":42}},"295":{"start":{"line":296,"column":0},"end":{"line":296,"column":53}},"296":{"start":{"line":297,"column":0},"end":{"line":297,"column":56}},"298":{"start":{"line":299,"column":0},"end":{"line":299,"column":33}},"299":{"start":{"line":300,"column":0},"end":{"line":300,"column":65}},"300":{"start":{"line":301,"column":0},"end":{"line":301,"column":107}},"302":{"start":{"line":303,"column":0},"end":{"line":303,"column":49}},"303":{"start":{"line":304,"column":0},"end":{"line":304,"column":43}},"304":{"start":{"line":305,"column":0},"end":{"line":305,"column":129}},"305":{"start":{"line":306,"column":0},"end":{"line":306,"column":69}},"306":{"start":{"line":307,"column":0},"end":{"line":307,"column":33}},"307":{"start":{"line":308,"column":0},"end":{"line":308,"column":17}},"308":{"start":{"line":309,"column":0},"end":{"line":309,"column":60}},"310":{"start":{"line":311,"column":0},"end":{"line":311,"column":30}},"311":{"start":{"line":312,"column":0},"end":{"line":312,"column":27}},"312":{"start":{"line":313,"column":0},"end":{"line":313,"column":192}},"313":{"start":{"line":314,"column":0},"end":{"line":314,"column":14}},"314":{"start":{"line":315,"column":0},"end":{"line":315,"column":36}},"315":{"start":{"line":316,"column":0},"end":{"line":316,"column":84}},"316":{"start":{"line":317,"column":0},"end":{"line":317,"column":58}},"317":{"start":{"line":318,"column":0},"end":{"line":318,"column":55}},"318":{"start":{"line":319,"column":0},"end":{"line":319,"column":53}},"319":{"start":{"line":320,"column":0},"end":{"line":320,"column":14}},"320":{"start":{"line":321,"column":0},"end":{"line":321,"column":28}},"321":{"start":{"line":322,"column":0},"end":{"line":322,"column":59}},"322":{"start":{"line":323,"column":0},"end":{"line":323,"column":61}},"323":{"start":{"line":324,"column":0},"end":{"line":324,"column":43}},"324":{"start":{"line":325,"column":0},"end":{"line":325,"column":15}},"325":{"start":{"line":326,"column":0},"end":{"line":326,"column":6}},"327":{"start":{"line":328,"column":0},"end":{"line":328,"column":54}},"328":{"start":{"line":329,"column":0},"end":{"line":329,"column":37}},"329":{"start":{"line":330,"column":0},"end":{"line":330,"column":53}},"330":{"start":{"line":331,"column":0},"end":{"line":331,"column":97}},"331":{"start":{"line":332,"column":0},"end":{"line":332,"column":28}},"332":{"start":{"line":333,"column":0},"end":{"line":333,"column":7}},"334":{"start":{"line":335,"column":0},"end":{"line":335,"column":69}},"336":{"start":{"line":337,"column":0},"end":{"line":337,"column":58}},"337":{"start":{"line":338,"column":0},"end":{"line":338,"column":25}},"338":{"start":{"line":339,"column":0},"end":{"line":339,"column":74}},"339":{"start":{"line":340,"column":0},"end":{"line":340,"column":29}},"340":{"start":{"line":341,"column":0},"end":{"line":341,"column":19}},"341":{"start":{"line":342,"column":0},"end":{"line":342,"column":9}},"342":{"start":{"line":343,"column":0},"end":{"line":343,"column":43}},"344":{"start":{"line":345,"column":0},"end":{"line":345,"column":108}},"347":{"start":{"line":348,"column":0},"end":{"line":348,"column":49}},"348":{"start":{"line":349,"column":0},"end":{"line":349,"column":53}},"349":{"start":{"line":350,"column":0},"end":{"line":350,"column":52}},"350":{"start":{"line":351,"column":0},"end":{"line":351,"column":19}},"351":{"start":{"line":352,"column":0},"end":{"line":352,"column":41}},"352":{"start":{"line":353,"column":0},"end":{"line":353,"column":25}},"353":{"start":{"line":354,"column":0},"end":{"line":354,"column":60}},"354":{"start":{"line":355,"column":0},"end":{"line":355,"column":58}},"355":{"start":{"line":356,"column":0},"end":{"line":356,"column":14}},"356":{"start":{"line":357,"column":0},"end":{"line":357,"column":36}},"357":{"start":{"line":358,"column":0},"end":{"line":358,"column":84}},"358":{"start":{"line":359,"column":0},"end":{"line":359,"column":59}},"359":{"start":{"line":360,"column":0},"end":{"line":360,"column":56}},"360":{"start":{"line":361,"column":0},"end":{"line":361,"column":54}},"361":{"start":{"line":362,"column":0},"end":{"line":362,"column":14}},"362":{"start":{"line":363,"column":0},"end":{"line":363,"column":28}},"363":{"start":{"line":364,"column":0},"end":{"line":364,"column":60}},"364":{"start":{"line":365,"column":0},"end":{"line":365,"column":62}},"365":{"start":{"line":366,"column":0},"end":{"line":366,"column":15}},"366":{"start":{"line":367,"column":0},"end":{"line":367,"column":6}},"368":{"start":{"line":369,"column":0},"end":{"line":369,"column":254}},"369":{"start":{"line":370,"column":0},"end":{"line":370,"column":254}},"370":{"start":{"line":371,"column":0},"end":{"line":371,"column":31}},"371":{"start":{"line":372,"column":0},"end":{"line":372,"column":233}},"372":{"start":{"line":373,"column":0},"end":{"line":373,"column":60}},"373":{"start":{"line":374,"column":0},"end":{"line":374,"column":33}},"374":{"start":{"line":375,"column":0},"end":{"line":375,"column":52}},"375":{"start":{"line":376,"column":0},"end":{"line":376,"column":68}},"376":{"start":{"line":377,"column":0},"end":{"line":377,"column":27}},"377":{"start":{"line":378,"column":0},"end":{"line":378,"column":6}},"378":{"start":{"line":379,"column":0},"end":{"line":379,"column":47}},"379":{"start":{"line":380,"column":0},"end":{"line":380,"column":38}},"380":{"start":{"line":381,"column":0},"end":{"line":381,"column":25}},"381":{"start":{"line":382,"column":0},"end":{"line":382,"column":58}},"382":{"start":{"line":383,"column":0},"end":{"line":383,"column":61}},"384":{"start":{"line":385,"column":0},"end":{"line":385,"column":32}},"385":{"start":{"line":386,"column":0},"end":{"line":386,"column":80}},"386":{"start":{"line":387,"column":0},"end":{"line":387,"column":42}},"388":{"start":{"line":389,"column":0},"end":{"line":389,"column":40}},"389":{"start":{"line":390,"column":0},"end":{"line":390,"column":58}},"390":{"start":{"line":391,"column":0},"end":{"line":391,"column":140}},"391":{"start":{"line":392,"column":0},"end":{"line":392,"column":84}},"392":{"start":{"line":393,"column":0},"end":{"line":393,"column":9}},"394":{"start":{"line":395,"column":0},"end":{"line":395,"column":54}},"395":{"start":{"line":396,"column":0},"end":{"line":396,"column":54}},"396":{"start":{"line":397,"column":0},"end":{"line":397,"column":52}},"397":{"start":{"line":398,"column":0},"end":{"line":398,"column":50}},"399":{"start":{"line":400,"column":0},"end":{"line":400,"column":58}},"400":{"start":{"line":401,"column":0},"end":{"line":401,"column":51}},"401":{"start":{"line":402,"column":0},"end":{"line":402,"column":49}},"402":{"start":{"line":403,"column":0},"end":{"line":403,"column":39}},"403":{"start":{"line":404,"column":0},"end":{"line":404,"column":47}},"404":{"start":{"line":405,"column":0},"end":{"line":405,"column":49}},"405":{"start":{"line":406,"column":0},"end":{"line":406,"column":69}},"406":{"start":{"line":407,"column":0},"end":{"line":407,"column":10}},"407":{"start":{"line":408,"column":0},"end":{"line":408,"column":29}},"408":{"start":{"line":409,"column":0},"end":{"line":409,"column":40}},"409":{"start":{"line":410,"column":0},"end":{"line":410,"column":53}},"410":{"start":{"line":411,"column":0},"end":{"line":411,"column":57}},"411":{"start":{"line":412,"column":0},"end":{"line":412,"column":84}},"412":{"start":{"line":413,"column":0},"end":{"line":413,"column":14}},"413":{"start":{"line":414,"column":0},"end":{"line":414,"column":20}},"414":{"start":{"line":415,"column":0},"end":{"line":415,"column":33}},"415":{"start":{"line":416,"column":0},"end":{"line":416,"column":10}},"417":{"start":{"line":418,"column":0},"end":{"line":418,"column":57}},"418":{"start":{"line":419,"column":0},"end":{"line":419,"column":70}},"419":{"start":{"line":420,"column":0},"end":{"line":420,"column":64}},"420":{"start":{"line":421,"column":0},"end":{"line":421,"column":9}},"422":{"start":{"line":423,"column":0},"end":{"line":423,"column":39}},"423":{"start":{"line":424,"column":0},"end":{"line":424,"column":72}},"424":{"start":{"line":425,"column":0},"end":{"line":425,"column":38}},"425":{"start":{"line":426,"column":0},"end":{"line":426,"column":40}},"426":{"start":{"line":427,"column":0},"end":{"line":427,"column":32}},"427":{"start":{"line":428,"column":0},"end":{"line":428,"column":160}},"428":{"start":{"line":429,"column":0},"end":{"line":429,"column":116}},"429":{"start":{"line":430,"column":0},"end":{"line":430,"column":33}},"430":{"start":{"line":431,"column":0},"end":{"line":431,"column":17}},"432":{"start":{"line":433,"column":0},"end":{"line":433,"column":59}},"433":{"start":{"line":434,"column":0},"end":{"line":434,"column":58}},"434":{"start":{"line":435,"column":0},"end":{"line":435,"column":29}},"435":{"start":{"line":436,"column":0},"end":{"line":436,"column":27}},"436":{"start":{"line":437,"column":0},"end":{"line":437,"column":115}},"437":{"start":{"line":438,"column":0},"end":{"line":438,"column":60}},"438":{"start":{"line":439,"column":0},"end":{"line":439,"column":111}},"439":{"start":{"line":440,"column":0},"end":{"line":440,"column":14}},"440":{"start":{"line":441,"column":0},"end":{"line":441,"column":36}},"441":{"start":{"line":442,"column":0},"end":{"line":442,"column":122}},"442":{"start":{"line":443,"column":0},"end":{"line":443,"column":60}},"443":{"start":{"line":444,"column":0},"end":{"line":444,"column":57}},"444":{"start":{"line":445,"column":0},"end":{"line":445,"column":55}},"445":{"start":{"line":446,"column":0},"end":{"line":446,"column":14}},"446":{"start":{"line":447,"column":0},"end":{"line":447,"column":28}},"447":{"start":{"line":448,"column":0},"end":{"line":448,"column":63}},"448":{"start":{"line":449,"column":0},"end":{"line":449,"column":61}},"449":{"start":{"line":450,"column":0},"end":{"line":450,"column":15}},"450":{"start":{"line":451,"column":0},"end":{"line":451,"column":6}},"452":{"start":{"line":453,"column":0},"end":{"line":453,"column":44}},"453":{"start":{"line":454,"column":0},"end":{"line":454,"column":63}},"454":{"start":{"line":455,"column":0},"end":{"line":455,"column":91}},"456":{"start":{"line":457,"column":0},"end":{"line":457,"column":37}},"457":{"start":{"line":458,"column":0},"end":{"line":458,"column":62}},"458":{"start":{"line":459,"column":0},"end":{"line":459,"column":83}},"459":{"start":{"line":460,"column":0},"end":{"line":460,"column":137}},"460":{"start":{"line":461,"column":0},"end":{"line":461,"column":59}},"461":{"start":{"line":462,"column":0},"end":{"line":462,"column":32}},"462":{"start":{"line":463,"column":0},"end":{"line":463,"column":7}},"464":{"start":{"line":465,"column":0},"end":{"line":465,"column":86}},"466":{"start":{"line":467,"column":0},"end":{"line":467,"column":38}},"467":{"start":{"line":468,"column":0},"end":{"line":468,"column":37}},"468":{"start":{"line":469,"column":0},"end":{"line":469,"column":37}},"469":{"start":{"line":470,"column":0},"end":{"line":470,"column":7}},"471":{"start":{"line":472,"column":0},"end":{"line":472,"column":74}},"472":{"start":{"line":473,"column":0},"end":{"line":473,"column":29}},"473":{"start":{"line":474,"column":0},"end":{"line":474,"column":20}},"474":{"start":{"line":475,"column":0},"end":{"line":475,"column":25}},"475":{"start":{"line":476,"column":0},"end":{"line":476,"column":21}},"476":{"start":{"line":477,"column":0},"end":{"line":477,"column":23}},"477":{"start":{"line":478,"column":0},"end":{"line":478,"column":80}},"478":{"start":{"line":479,"column":0},"end":{"line":479,"column":22}},"479":{"start":{"line":480,"column":0},"end":{"line":480,"column":28}},"481":{"start":{"line":482,"column":0},"end":{"line":482,"column":59}},"483":{"start":{"line":484,"column":0},"end":{"line":484,"column":188}},"484":{"start":{"line":485,"column":0},"end":{"line":485,"column":1}},"487":{"start":{"line":488,"column":0},"end":{"line":488,"column":54}},"488":{"start":{"line":489,"column":0},"end":{"line":489,"column":49}},"489":{"start":{"line":490,"column":0},"end":{"line":490,"column":135}},"490":{"start":{"line":491,"column":0},"end":{"line":491,"column":23}},"491":{"start":{"line":492,"column":0},"end":{"line":492,"column":1}}},"s":{"0":1,"2":1,"3":1,"4":1,"7":1,"9":1,"11":1,"12":11,"13":6,"14":8,"15":6,"16":11,"17":11,"41":1,"42":8,"44":8,"45":0,"46":0,"47":0,"48":0,"49":0,"50":0,"51":0,"52":0,"53":0,"54":0,"55":0,"56":0,"57":0,"58":0,"59":0,"61":8,"63":8,"64":8,"65":8,"66":8,"67":8,"68":8,"69":8,"70":8,"71":8,"72":8,"73":8,"74":8,"75":8,"76":8,"77":8,"79":8,"80":8,"81":8,"82":8,"83":8,"84":8,"86":8,"88":8,"89":8,"91":8,"92":8,"94":8,"96":8,"98":8,"99":8,"100":8,"101":8,"102":8,"103":8,"104":8,"105":4,"106":4,"107":4,"108":4,"109":4,"111":8,"113":8,"114":8,"116":8,"117":8,"118":8,"119":8,"120":8,"121":8,"122":8,"123":8,"125":8,"126":8,"127":0,"128":8,"130":8,"131":8,"133":8,"134":20,"135":20,"136":20,"137":0,"138":0,"139":20,"140":8,"142":8,"143":16,"144":16,"145":16,"146":0,"147":0,"148":16,"149":8,"151":8,"152":24,"153":24,"154":24,"155":0,"156":0,"157":24,"158":8,"160":8,"161":26,"162":26,"163":26,"164":0,"165":0,"166":26,"167":8,"169":8,"170":0,"171":8,"173":8,"174":0,"175":0,"176":0,"177":0,"179":8,"180":12,"181":12,"183":12,"184":12,"185":8,"186":8,"187":0,"188":0,"189":0,"190":0,"191":8,"192":12,"194":8,"195":12,"196":12,"197":12,"199":8,"200":8,"201":0,"202":0,"203":0,"204":0,"205":0,"206":0,"207":0,"208":0,"209":0,"210":0,"211":0,"213":8,"214":8,"215":8,"216":8,"218":8,"219":8,"221":8,"222":0,"223":0,"224":0,"225":0,"227":4,"228":4,"229":4,"230":4,"231":4,"232":4,"234":4,"235":4,"237":8,"239":4,"240":4,"241":4,"242":4,"243":4,"244":4,"245":0,"246":0,"247":0,"248":0,"249":4,"250":4,"251":4,"252":4,"253":4,"254":4,"256":4,"257":4,"258":4,"259":0,"260":0,"261":0,"262":0,"263":0,"264":0,"265":4,"266":4,"267":4,"268":4,"269":4,"270":4,"271":8,"273":8,"274":0,"275":0,"276":0,"278":8,"279":8,"280":8,"282":8,"283":8,"284":8,"285":8,"286":8,"287":8,"288":8,"289":8,"290":8,"291":0,"292":0,"293":0,"294":0,"295":0,"296":0,"298":0,"299":0,"300":0,"302":0,"303":0,"304":0,"305":0,"306":0,"307":0,"308":8,"310":8,"311":8,"312":8,"313":8,"314":8,"315":0,"316":0,"317":0,"318":0,"319":8,"320":8,"321":8,"322":8,"323":8,"324":8,"325":8,"327":8,"328":8,"329":8,"330":8,"331":8,"332":8,"334":8,"336":8,"337":8,"338":8,"339":0,"340":0,"341":0,"342":8,"344":8,"347":8,"348":8,"349":8,"350":8,"351":8,"352":8,"353":6,"354":6,"355":8,"356":8,"357":0,"358":0,"359":0,"360":0,"361":8,"362":8,"363":6,"364":6,"365":8,"366":8,"368":8,"369":8,"370":8,"371":5,"372":5,"373":5,"374":0,"375":0,"376":0,"377":5,"378":8,"379":8,"380":5,"381":5,"382":5,"384":5,"385":5,"386":4,"388":5,"389":0,"390":0,"391":0,"392":0,"394":4,"395":4,"396":4,"397":4,"399":4,"400":4,"401":4,"402":4,"403":4,"404":4,"405":5,"406":5,"407":5,"408":5,"409":5,"410":5,"411":0,"412":0,"413":5,"414":5,"415":5,"417":5,"418":0,"419":0,"420":0,"422":4,"423":4,"424":4,"425":4,"426":0,"427":0,"428":0,"429":0,"430":0,"432":4,"433":4,"434":4,"435":4,"436":4,"437":4,"438":4,"439":4,"440":4,"441":0,"442":0,"443":0,"444":0,"445":4,"446":4,"447":4,"448":4,"449":4,"450":5,"452":8,"453":8,"454":8,"456":8,"457":8,"458":12,"459":12,"460":12,"461":0,"462":8,"464":8,"466":8,"467":0,"468":0,"469":8,"471":8,"472":8,"473":8,"474":8,"475":8,"476":8,"477":8,"478":8,"479":8,"481":8,"483":8,"484":8,"487":1,"488":0,"489":0,"490":0,"491":0},"branchMap":{"0":{"type":"branch","line":12,"loc":{"start":{"line":12,"column":7},"end":{"line":18,"column":1}},"locations":[{"start":{"line":12,"column":7},"end":{"line":18,"column":1}}]},"1":{"type":"branch","line":13,"loc":{"start":{"line":13,"column":9},"end":{"line":13,"column":53}},"locations":[{"start":{"line":13,"column":9},"end":{"line":13,"column":53}}]},"2":{"type":"branch","line":13,"loc":{"start":{"line":13,"column":53},"end":{"line":17,"column":35}},"locations":[{"start":{"line":13,"column":53},"end":{"line":17,"column":35}}]},"3":{"type":"branch","line":13,"loc":{"start":{"line":13,"column":53},"end":{"line":13,"column":64}},"locations":[{"start":{"line":13,"column":53},"end":{"line":13,"column":64}}]},"4":{"type":"branch","line":13,"loc":{"start":{"line":13,"column":60},"end":{"line":15,"column":53}},"locations":[{"start":{"line":13,"column":60},"end":{"line":15,"column":53}}]},"5":{"type":"branch","line":15,"loc":{"start":{"line":15,"column":49},"end":{"line":15,"column":108}},"locations":[{"start":{"line":15,"column":49},"end":{"line":15,"column":108}}]},"6":{"type":"branch","line":15,"loc":{"start":{"line":15,"column":59},"end":{"line":15,"column":84}},"locations":[{"start":{"line":15,"column":59},"end":{"line":15,"column":84}}]},"7":{"type":"branch","line":15,"loc":{"start":{"line":15,"column":84},"end":{"line":15,"column":108}},"locations":[{"start":{"line":15,"column":84},"end":{"line":15,"column":108}}]},"8":{"type":"branch","line":15,"loc":{"start":{"line":15,"column":106},"end":{"line":17,"column":35}},"locations":[{"start":{"line":15,"column":106},"end":{"line":17,"column":35}}]},"9":{"type":"branch","line":17,"loc":{"start":{"line":17,"column":30},"end":{"line":17,"column":39}},"locations":[{"start":{"line":17,"column":30},"end":{"line":17,"column":39}}]},"10":{"type":"branch","line":42,"loc":{"start":{"line":42,"column":7},"end":{"line":78,"column":1}},"locations":[{"start":{"line":42,"column":7},"end":{"line":78,"column":1}}]},"11":{"type":"branch","line":62,"loc":{"start":{"line":62,"column":11},"end":{"line":77,"column":6}},"locations":[{"start":{"line":62,"column":11},"end":{"line":77,"column":6}}]},"12":{"type":"branch","line":67,"loc":{"start":{"line":67,"column":40},"end":{"line":67,"column":72}},"locations":[{"start":{"line":67,"column":40},"end":{"line":67,"column":72}}]},"13":{"type":"branch","line":70,"loc":{"start":{"line":70,"column":34},"end":{"line":70,"column":65}},"locations":[{"start":{"line":70,"column":34},"end":{"line":70,"column":65}}]},"14":{"type":"branch","line":71,"loc":{"start":{"line":71,"column":37},"end":{"line":71,"column":62}},"locations":[{"start":{"line":71,"column":37},"end":{"line":71,"column":62}}]},"15":{"type":"branch","line":72,"loc":{"start":{"line":72,"column":35},"end":{"line":72,"column":60}},"locations":[{"start":{"line":72,"column":35},"end":{"line":72,"column":60}}]},"16":{"type":"branch","line":67,"loc":{"start":{"line":67,"column":60},"end":{"line":67,"column":72}},"locations":[{"start":{"line":67,"column":60},"end":{"line":67,"column":72}}]},"17":{"type":"branch","line":68,"loc":{"start":{"line":68,"column":54},"end":{"line":68,"column":66}},"locations":[{"start":{"line":68,"column":54},"end":{"line":68,"column":66}}]},"18":{"type":"branch","line":72,"loc":{"start":{"line":72,"column":50},"end":{"line":72,"column":60}},"locations":[{"start":{"line":72,"column":50},"end":{"line":72,"column":60}}]},"19":{"type":"branch","line":75,"loc":{"start":{"line":75,"column":25},"end":{"line":75,"column":74}},"locations":[{"start":{"line":75,"column":25},"end":{"line":75,"column":74}}]},"20":{"type":"branch","line":75,"loc":{"start":{"line":75,"column":41},"end":{"line":75,"column":74}},"locations":[{"start":{"line":75,"column":41},"end":{"line":75,"column":74}}]},"21":{"type":"branch","line":80,"loc":{"start":{"line":80,"column":0},"end":{"line":485,"column":1}},"locations":[{"start":{"line":80,"column":0},"end":{"line":485,"column":1}}]},"22":{"type":"branch","line":87,"loc":{"start":{"line":87,"column":15},"end":{"line":87,"column":45}},"locations":[{"start":{"line":87,"column":15},"end":{"line":87,"column":45}}]},"23":{"type":"branch","line":87,"loc":{"start":{"line":87,"column":45},"end":{"line":87,"column":55}},"locations":[{"start":{"line":87,"column":45},"end":{"line":87,"column":55}}]},"24":{"type":"branch","line":99,"loc":{"start":{"line":99,"column":25},"end":{"line":99,"column":93}},"locations":[{"start":{"line":99,"column":25},"end":{"line":99,"column":93}}]},"25":{"type":"branch","line":100,"loc":{"start":{"line":100,"column":19},"end":{"line":100,"column":96}},"locations":[{"start":{"line":100,"column":19},"end":{"line":100,"column":96}}]},"26":{"type":"branch","line":101,"loc":{"start":{"line":101,"column":24},"end":{"line":101,"column":222}},"locations":[{"start":{"line":101,"column":24},"end":{"line":101,"column":222}}]},"27":{"type":"branch","line":104,"loc":{"start":{"line":104,"column":25},"end":{"line":104,"column":175}},"locations":[{"start":{"line":104,"column":25},"end":{"line":104,"column":175}}]},"28":{"type":"branch","line":105,"loc":{"start":{"line":105,"column":25},"end":{"line":110,"column":6}},"locations":[{"start":{"line":105,"column":25},"end":{"line":110,"column":6}}]},"29":{"type":"branch","line":106,"loc":{"start":{"line":106,"column":82},"end":{"line":106,"column":93}},"locations":[{"start":{"line":106,"column":82},"end":{"line":106,"column":93}}]},"30":{"type":"branch","line":112,"loc":{"start":{"line":112,"column":27},"end":{"line":112,"column":198}},"locations":[{"start":{"line":112,"column":27},"end":{"line":112,"column":198}}]},"31":{"type":"branch","line":112,"loc":{"start":{"line":112,"column":186},"end":{"line":112,"column":198}},"locations":[{"start":{"line":112,"column":186},"end":{"line":112,"column":198}}]},"32":{"type":"branch","line":126,"loc":{"start":{"line":126,"column":18},"end":{"line":129,"column":5}},"locations":[{"start":{"line":126,"column":18},"end":{"line":129,"column":5}}]},"33":{"type":"branch","line":127,"loc":{"start":{"line":127,"column":45},"end":{"line":128,"column":107}},"locations":[{"start":{"line":127,"column":45},"end":{"line":128,"column":107}}]},"34":{"type":"branch","line":132,"loc":{"start":{"line":132,"column":37},"end":{"line":132,"column":153}},"locations":[{"start":{"line":132,"column":37},"end":{"line":132,"column":153}}]},"35":{"type":"branch","line":132,"loc":{"start":{"line":132,"column":68},"end":{"line":132,"column":120}},"locations":[{"start":{"line":132,"column":68},"end":{"line":132,"column":120}}]},"36":{"type":"branch","line":134,"loc":{"start":{"line":134,"column":10},"end":{"line":134,"column":93}},"locations":[{"start":{"line":134,"column":10},"end":{"line":134,"column":93}}]},"37":{"type":"branch","line":134,"loc":{"start":{"line":134,"column":93},"end":{"line":141,"column":5}},"locations":[{"start":{"line":134,"column":93},"end":{"line":141,"column":5}}]},"38":{"type":"branch","line":143,"loc":{"start":{"line":143,"column":10},"end":{"line":143,"column":95}},"locations":[{"start":{"line":143,"column":10},"end":{"line":143,"column":95}}]},"39":{"type":"branch","line":143,"loc":{"start":{"line":143,"column":95},"end":{"line":150,"column":5}},"locations":[{"start":{"line":143,"column":95},"end":{"line":150,"column":5}}]},"40":{"type":"branch","line":152,"loc":{"start":{"line":152,"column":10},"end":{"line":152,"column":91}},"locations":[{"start":{"line":152,"column":10},"end":{"line":152,"column":91}}]},"41":{"type":"branch","line":152,"loc":{"start":{"line":152,"column":91},"end":{"line":159,"column":5}},"locations":[{"start":{"line":152,"column":91},"end":{"line":159,"column":5}}]},"42":{"type":"branch","line":161,"loc":{"start":{"line":161,"column":10},"end":{"line":161,"column":93}},"locations":[{"start":{"line":161,"column":10},"end":{"line":161,"column":93}}]},"43":{"type":"branch","line":161,"loc":{"start":{"line":161,"column":93},"end":{"line":168,"column":5}},"locations":[{"start":{"line":161,"column":93},"end":{"line":168,"column":5}}]},"44":{"type":"branch","line":170,"loc":{"start":{"line":170,"column":15},"end":{"line":170,"column":53}},"locations":[{"start":{"line":170,"column":15},"end":{"line":170,"column":53}}]},"45":{"type":"branch","line":170,"loc":{"start":{"line":170,"column":27},"end":{"line":170,"column":53}},"locations":[{"start":{"line":170,"column":27},"end":{"line":170,"column":53}}]},"46":{"type":"branch","line":180,"loc":{"start":{"line":180,"column":4},"end":{"line":193,"column":5}},"locations":[{"start":{"line":180,"column":4},"end":{"line":193,"column":5}}]},"47":{"type":"branch","line":181,"loc":{"start":{"line":181,"column":92},"end":{"line":181,"column":99}},"locations":[{"start":{"line":181,"column":92},"end":{"line":181,"column":99}}]},"48":{"type":"branch","line":182,"loc":{"start":{"line":182,"column":37},"end":{"line":182,"column":44}},"locations":[{"start":{"line":182,"column":37},"end":{"line":182,"column":44}}]},"49":{"type":"branch","line":185,"loc":{"start":{"line":185,"column":63},"end":{"line":192,"column":9}},"locations":[{"start":{"line":185,"column":63},"end":{"line":192,"column":9}}]},"50":{"type":"branch","line":187,"loc":{"start":{"line":187,"column":34},"end":{"line":191,"column":37}},"locations":[{"start":{"line":187,"column":34},"end":{"line":191,"column":37}}]},"51":{"type":"branch","line":195,"loc":{"start":{"line":195,"column":4},"end":{"line":198,"column":5}},"locations":[{"start":{"line":195,"column":4},"end":{"line":198,"column":5}}]},"52":{"type":"branch","line":197,"loc":{"start":{"line":197,"column":16},"end":{"line":197,"column":34}},"locations":[{"start":{"line":197,"column":16},"end":{"line":197,"column":34}}]},"53":{"type":"branch","line":214,"loc":{"start":{"line":214,"column":25},"end":{"line":272,"column":6}},"locations":[{"start":{"line":214,"column":25},"end":{"line":272,"column":6}}]},"54":{"type":"branch","line":216,"loc":{"start":{"line":216,"column":33},"end":{"line":216,"column":40}},"locations":[{"start":{"line":216,"column":33},"end":{"line":216,"column":40}}]},"55":{"type":"branch","line":217,"loc":{"start":{"line":217,"column":73},"end":{"line":217,"column":80}},"locations":[{"start":{"line":217,"column":73},"end":{"line":217,"column":80}}]},"56":{"type":"branch","line":220,"loc":{"start":{"line":220,"column":25},"end":{"line":222,"column":38}},"locations":[{"start":{"line":220,"column":25},"end":{"line":222,"column":38}}]},"57":{"type":"branch","line":222,"loc":{"start":{"line":222,"column":38},"end":{"line":226,"column":9}},"locations":[{"start":{"line":222,"column":38},"end":{"line":226,"column":9}}]},"58":{"type":"branch","line":226,"loc":{"start":{"line":226,"column":8},"end":{"line":238,"column":83}},"locations":[{"start":{"line":226,"column":8},"end":{"line":238,"column":83}}]},"59":{"type":"branch","line":238,"loc":{"start":{"line":238,"column":83},"end":{"line":271,"column":15}},"locations":[{"start":{"line":238,"column":83},"end":{"line":271,"column":15}}]},"60":{"type":"branch","line":242,"loc":{"start":{"line":242,"column":18},"end":{"line":258,"column":13}},"locations":[{"start":{"line":242,"column":18},"end":{"line":258,"column":13}}]},"61":{"type":"branch","line":245,"loc":{"start":{"line":245,"column":57},"end":{"line":249,"column":17}},"locations":[{"start":{"line":245,"column":57},"end":{"line":249,"column":17}}]},"62":{"type":"branch","line":257,"loc":{"start":{"line":257,"column":37},"end":{"line":257,"column":55}},"locations":[{"start":{"line":257,"column":37},"end":{"line":257,"column":55}}]},"63":{"type":"branch","line":267,"loc":{"start":{"line":267,"column":21},"end":{"line":271,"column":13}},"locations":[{"start":{"line":267,"column":21},"end":{"line":271,"column":13}}]},"64":{"type":"branch","line":279,"loc":{"start":{"line":279,"column":24},"end":{"line":326,"column":6}},"locations":[{"start":{"line":279,"column":24},"end":{"line":326,"column":6}}]},"65":{"type":"branch","line":281,"loc":{"start":{"line":281,"column":73},"end":{"line":281,"column":80}},"locations":[{"start":{"line":281,"column":73},"end":{"line":281,"column":80}}]},"66":{"type":"branch","line":288,"loc":{"start":{"line":288,"column":18},"end":{"line":314,"column":13}},"locations":[{"start":{"line":288,"column":18},"end":{"line":314,"column":13}}]},"67":{"type":"branch","line":291,"loc":{"start":{"line":291,"column":20},"end":{"line":291,"column":38}},"locations":[{"start":{"line":291,"column":20},"end":{"line":291,"column":38}}]},"68":{"type":"branch","line":291,"loc":{"start":{"line":291,"column":38},"end":{"line":308,"column":17}},"locations":[{"start":{"line":291,"column":38},"end":{"line":308,"column":17}}]},"69":{"type":"branch","line":321,"loc":{"start":{"line":321,"column":21},"end":{"line":325,"column":13}},"locations":[{"start":{"line":321,"column":21},"end":{"line":325,"column":13}}]},"70":{"type":"branch","line":328,"loc":{"start":{"line":328,"column":47},"end":{"line":333,"column":5}},"locations":[{"start":{"line":328,"column":47},"end":{"line":333,"column":5}}]},"71":{"type":"branch","line":331,"loc":{"start":{"line":331,"column":42},"end":{"line":331,"column":97}},"locations":[{"start":{"line":331,"column":42},"end":{"line":331,"column":97}}]},"72":{"type":"branch","line":337,"loc":{"start":{"line":337,"column":24},"end":{"line":367,"column":6}},"locations":[{"start":{"line":337,"column":24},"end":{"line":367,"column":6}}]},"73":{"type":"branch","line":339,"loc":{"start":{"line":339,"column":73},"end":{"line":342,"column":9}},"locations":[{"start":{"line":339,"column":73},"end":{"line":342,"column":9}}]},"74":{"type":"branch","line":343,"loc":{"start":{"line":343,"column":36},"end":{"line":343,"column":43}},"locations":[{"start":{"line":343,"column":36},"end":{"line":343,"column":43}}]},"75":{"type":"branch","line":343,"loc":{"start":{"line":343,"column":36},"end":{"line":345,"column":38}},"locations":[{"start":{"line":343,"column":36},"end":{"line":345,"column":38}}]},"76":{"type":"branch","line":345,"loc":{"start":{"line":345,"column":26},"end":{"line":345,"column":50}},"locations":[{"start":{"line":345,"column":26},"end":{"line":345,"column":50}}]},"77":{"type":"branch","line":345,"loc":{"start":{"line":345,"column":38},"end":{"line":345,"column":108}},"locations":[{"start":{"line":345,"column":38},"end":{"line":345,"column":108}}]},"78":{"type":"branch","line":345,"loc":{"start":{"line":345,"column":64},"end":{"line":345,"column":76}},"locations":[{"start":{"line":345,"column":64},"end":{"line":345,"column":76}}]},"79":{"type":"branch","line":353,"loc":{"start":{"line":353,"column":18},"end":{"line":356,"column":13}},"locations":[{"start":{"line":353,"column":18},"end":{"line":356,"column":13}}]},"80":{"type":"branch","line":363,"loc":{"start":{"line":363,"column":21},"end":{"line":366,"column":13}},"locations":[{"start":{"line":363,"column":21},"end":{"line":366,"column":13}}]},"81":{"type":"branch","line":370,"loc":{"start":{"line":370,"column":26},"end":{"line":370,"column":254}},"locations":[{"start":{"line":370,"column":26},"end":{"line":370,"column":254}}]},"82":{"type":"branch","line":371,"loc":{"start":{"line":371,"column":24},"end":{"line":378,"column":6}},"locations":[{"start":{"line":371,"column":24},"end":{"line":378,"column":6}}]},"83":{"type":"branch","line":373,"loc":{"start":{"line":373,"column":42},"end":{"line":373,"column":60}},"locations":[{"start":{"line":373,"column":42},"end":{"line":373,"column":60}}]},"84":{"type":"branch","line":374,"loc":{"start":{"line":374,"column":28},"end":{"line":377,"column":27}},"locations":[{"start":{"line":374,"column":28},"end":{"line":377,"column":27}}]},"85":{"type":"branch","line":380,"loc":{"start":{"line":380,"column":25},"end":{"line":451,"column":6}},"locations":[{"start":{"line":380,"column":25},"end":{"line":451,"column":6}}]},"86":{"type":"branch","line":385,"loc":{"start":{"line":385,"column":25},"end":{"line":385,"column":32}},"locations":[{"start":{"line":385,"column":25},"end":{"line":385,"column":32}}]},"87":{"type":"branch","line":385,"loc":{"start":{"line":385,"column":25},"end":{"line":386,"column":73}},"locations":[{"start":{"line":385,"column":25},"end":{"line":386,"column":73}}]},"88":{"type":"branch","line":386,"loc":{"start":{"line":386,"column":73},"end":{"line":386,"column":80}},"locations":[{"start":{"line":386,"column":73},"end":{"line":386,"column":80}}]},"89":{"type":"branch","line":386,"loc":{"start":{"line":386,"column":73},"end":{"line":387,"column":42}},"locations":[{"start":{"line":386,"column":73},"end":{"line":387,"column":42}}]},"90":{"type":"branch","line":387,"loc":{"start":{"line":387,"column":35},"end":{"line":387,"column":42}},"locations":[{"start":{"line":387,"column":35},"end":{"line":387,"column":42}}]},"91":{"type":"branch","line":387,"loc":{"start":{"line":387,"column":35},"end":{"line":389,"column":39}},"locations":[{"start":{"line":387,"column":35},"end":{"line":389,"column":39}}]},"92":{"type":"branch","line":389,"loc":{"start":{"line":389,"column":39},"end":{"line":393,"column":9}},"locations":[{"start":{"line":389,"column":39},"end":{"line":393,"column":9}}]},"93":{"type":"branch","line":393,"loc":{"start":{"line":393,"column":8},"end":{"line":406,"column":31}},"locations":[{"start":{"line":393,"column":8},"end":{"line":406,"column":31}}]},"94":{"type":"branch","line":406,"loc":{"start":{"line":406,"column":16},"end":{"line":406,"column":66}},"locations":[{"start":{"line":406,"column":16},"end":{"line":406,"column":66}}]},"95":{"type":"branch","line":406,"loc":{"start":{"line":406,"column":62},"end":{"line":406,"column":69}},"locations":[{"start":{"line":406,"column":62},"end":{"line":406,"column":69}}]},"96":{"type":"branch","line":418,"loc":{"start":{"line":418,"column":18},"end":{"line":418,"column":56}},"locations":[{"start":{"line":418,"column":18},"end":{"line":418,"column":56}}]},"97":{"type":"branch","line":418,"loc":{"start":{"line":418,"column":56},"end":{"line":421,"column":9}},"locations":[{"start":{"line":418,"column":56},"end":{"line":421,"column":9}}]},"98":{"type":"branch","line":421,"loc":{"start":{"line":421,"column":8},"end":{"line":450,"column":15}},"locations":[{"start":{"line":421,"column":8},"end":{"line":450,"column":15}}]},"99":{"type":"branch","line":425,"loc":{"start":{"line":425,"column":18},"end":{"line":440,"column":13}},"locations":[{"start":{"line":425,"column":18},"end":{"line":440,"column":13}}]},"100":{"type":"branch","line":426,"loc":{"start":{"line":426,"column":39},"end":{"line":431,"column":17}},"locations":[{"start":{"line":426,"column":39},"end":{"line":431,"column":17}}]},"101":{"type":"branch","line":438,"loc":{"start":{"line":438,"column":45},"end":{"line":438,"column":60}},"locations":[{"start":{"line":438,"column":45},"end":{"line":438,"column":60}}]},"102":{"type":"branch","line":439,"loc":{"start":{"line":439,"column":53},"end":{"line":439,"column":111}},"locations":[{"start":{"line":439,"column":53},"end":{"line":439,"column":111}}]},"103":{"type":"branch","line":447,"loc":{"start":{"line":447,"column":21},"end":{"line":450,"column":13}},"locations":[{"start":{"line":447,"column":21},"end":{"line":450,"column":13}}]},"104":{"type":"branch","line":454,"loc":{"start":{"line":454,"column":22},"end":{"line":454,"column":63}},"locations":[{"start":{"line":454,"column":22},"end":{"line":454,"column":63}}]},"105":{"type":"branch","line":455,"loc":{"start":{"line":455,"column":23},"end":{"line":455,"column":91}},"locations":[{"start":{"line":455,"column":23},"end":{"line":455,"column":91}}]},"106":{"type":"branch","line":455,"loc":{"start":{"line":455,"column":42},"end":{"line":455,"column":85}},"locations":[{"start":{"line":455,"column":42},"end":{"line":455,"column":85}}]},"107":{"type":"branch","line":458,"loc":{"start":{"line":458,"column":10},"end":{"line":458,"column":39}},"locations":[{"start":{"line":458,"column":10},"end":{"line":458,"column":39}}]},"108":{"type":"branch","line":458,"loc":{"start":{"line":458,"column":39},"end":{"line":463,"column":5}},"locations":[{"start":{"line":458,"column":39},"end":{"line":463,"column":5}}]},"109":{"type":"branch","line":459,"loc":{"start":{"line":459,"column":29},"end":{"line":459,"column":58}},"locations":[{"start":{"line":459,"column":29},"end":{"line":459,"column":58}}]},"110":{"type":"branch","line":459,"loc":{"start":{"line":459,"column":53},"end":{"line":459,"column":76}},"locations":[{"start":{"line":459,"column":53},"end":{"line":459,"column":76}}]},"111":{"type":"branch","line":459,"loc":{"start":{"line":459,"column":76},"end":{"line":460,"column":63}},"locations":[{"start":{"line":459,"column":76},"end":{"line":460,"column":63}}]},"112":{"type":"branch","line":460,"loc":{"start":{"line":460,"column":52},"end":{"line":460,"column":79}},"locations":[{"start":{"line":460,"column":52},"end":{"line":460,"column":79}}]},"113":{"type":"branch","line":460,"loc":{"start":{"line":460,"column":69},"end":{"line":460,"column":98}},"locations":[{"start":{"line":460,"column":69},"end":{"line":460,"column":98}}]},"114":{"type":"branch","line":460,"loc":{"start":{"line":460,"column":85},"end":{"line":460,"column":114}},"locations":[{"start":{"line":460,"column":85},"end":{"line":460,"column":114}}]},"115":{"type":"branch","line":460,"loc":{"start":{"line":460,"column":104},"end":{"line":460,"column":131}},"locations":[{"start":{"line":460,"column":104},"end":{"line":460,"column":131}}]},"116":{"type":"branch","line":460,"loc":{"start":{"line":460,"column":120},"end":{"line":460,"column":137}},"locations":[{"start":{"line":460,"column":120},"end":{"line":460,"column":137}}]},"117":{"type":"branch","line":461,"loc":{"start":{"line":461,"column":12},"end":{"line":461,"column":52}},"locations":[{"start":{"line":461,"column":12},"end":{"line":461,"column":52}}]},"118":{"type":"branch","line":461,"loc":{"start":{"line":461,"column":52},"end":{"line":462,"column":32}},"locations":[{"start":{"line":461,"column":52},"end":{"line":462,"column":32}}]},"119":{"type":"branch","line":465,"loc":{"start":{"line":465,"column":19},"end":{"line":465,"column":45}},"locations":[{"start":{"line":465,"column":19},"end":{"line":465,"column":45}}]},"120":{"type":"branch","line":472,"loc":{"start":{"line":472,"column":10},"end":{"line":472,"column":67}},"locations":[{"start":{"line":472,"column":10},"end":{"line":472,"column":67}}]},"121":{"type":"branch","line":472,"loc":{"start":{"line":472,"column":67},"end":{"line":480,"column":7}},"locations":[{"start":{"line":472,"column":67},"end":{"line":480,"column":7}}]},"122":{"type":"branch","line":478,"loc":{"start":{"line":478,"column":73},"end":{"line":478,"column":80}},"locations":[{"start":{"line":478,"column":73},"end":{"line":478,"column":80}}]}},"b":{"0":[11],"1":[7],"2":[8],"3":[5],"4":[6],"5":[11],"6":[10],"7":[9],"8":[6],"9":[0],"10":[8],"11":[8],"12":[6],"13":[7],"14":[6],"15":[7],"16":[2],"17":[12],"18":[25],"19":[8],"20":[0],"21":[8],"22":[0],"23":[0],"24":[8],"25":[38],"26":[8],"27":[8],"28":[4],"29":[0],"30":[8],"31":[0],"32":[8],"33":[0],"34":[12],"35":[0],"36":[28],"37":[20],"38":[24],"39":[16],"40":[32],"41":[24],"42":[34],"43":[26],"44":[8],"45":[0],"46":[12],"47":[0],"48":[0],"49":[8],"50":[0],"51":[12],"52":[0],"53":[8],"54":[0],"55":[0],"56":[4],"57":[0],"58":[4],"59":[4],"60":[4],"61":[0],"62":[0],"63":[4],"64":[8],"65":[0],"66":[8],"67":[0],"68":[0],"69":[8],"70":[8],"71":[0],"72":[8],"73":[0],"74":[2],"75":[6],"76":[0],"77":[6],"78":[0],"79":[6],"80":[6],"81":[5],"82":[5],"83":[0],"84":[0],"85":[5],"86":[1],"87":[4],"88":[0],"89":[4],"90":[0],"91":[4],"92":[0],"93":[4],"94":[1],"95":[3],"96":[4],"97":[0],"98":[4],"99":[4],"100":[0],"101":[0],"102":[0],"103":[4],"104":[12],"105":[12],"106":[12],"107":[20],"108":[12],"109":[0],"110":[0],"111":[0],"112":[0],"113":[0],"114":[0],"115":[0],"116":[0],"117":[0],"118":[0],"119":[8],"120":[8],"121":[8],"122":[0]},"fnMap":{"0":{"name":"isBlank","decl":{"start":{"line":10,"column":16},"end":{"line":10,"column":52}},"loc":{"start":{"line":10,"column":16},"end":{"line":10,"column":52}},"line":10},"1":{"name":"buildUrl","decl":{"start":{"line":12,"column":7},"end":{"line":18,"column":1}},"loc":{"start":{"line":12,"column":7},"end":{"line":18,"column":1}},"line":12},"2":{"name":"createMaxPinia","decl":{"start":{"line":42,"column":7},"end":{"line":78,"column":1}},"loc":{"start":{"line":42,"column":7},"end":{"line":78,"column":1}},"line":42},"3":{"name":"resolve","decl":{"start":{"line":45,"column":20},"end":{"line":60,"column":6}},"loc":{"start":{"line":45,"column":20},"end":{"line":60,"column":6}},"line":45},"4":{"name":"getAxios","decl":{"start":{"line":75,"column":25},"end":{"line":75,"column":74}},"loc":{"start":{"line":75,"column":25},"end":{"line":75,"column":74}},"line":75},"5":{"name":"maxPiniaPlugin","decl":{"start":{"line":80,"column":0},"end":{"line":485,"column":1}},"loc":{"start":{"line":80,"column":0},"end":{"line":485,"column":1}},"line":80},"6":{"name":"getKey","decl":{"start":{"line":100,"column":19},"end":{"line":100,"column":96}},"loc":{"start":{"line":100,"column":19},"end":{"line":100,"column":96}},"line":100},"7":{"name":"getIncludes","decl":{"start":{"line":101,"column":24},"end":{"line":101,"column":222}},"loc":{"start":{"line":101,"column":24},"end":{"line":101,"column":222}},"line":101},"8":{"name":"checkOnlyCache","decl":{"start":{"line":102,"column":27},"end":{"line":102,"column":137}},"loc":{"start":{"line":102,"column":27},"end":{"line":102,"column":137}},"line":102},"9":{"name":"getInDeduplication","decl":{"start":{"line":103,"column":31},"end":{"line":103,"column":178}},"loc":{"start":{"line":103,"column":31},"end":{"line":103,"column":178}},"line":103},"10":{"name":"getRouteName","decl":{"start":{"line":104,"column":25},"end":{"line":104,"column":175}},"loc":{"start":{"line":104,"column":25},"end":{"line":104,"column":175}},"line":104},"11":{"name":"getRouteData","decl":{"start":{"line":105,"column":25},"end":{"line":110,"column":6}},"loc":{"start":{"line":105,"column":25},"end":{"line":110,"column":6}},"line":105},"12":{"name":"setDefaultData","decl":{"start":{"line":112,"column":27},"end":{"line":112,"column":198}},"loc":{"start":{"line":112,"column":27},"end":{"line":112,"column":198}},"line":112},"13":{"name":"status.value.server.get.is_requesting_now","decl":{"start":{"line":134,"column":10},"end":{"line":134,"column":93}},"loc":{"start":{"line":134,"column":10},"end":{"line":134,"column":93}},"line":134},"14":{"name":"status.value.server.save.is_requesting_now","decl":{"start":{"line":143,"column":10},"end":{"line":143,"column":95}},"loc":{"start":{"line":143,"column":10},"end":{"line":143,"column":95}},"line":143},"15":{"name":"status.value.cache.get.is_requesting_now","decl":{"start":{"line":152,"column":10},"end":{"line":152,"column":91}},"loc":{"start":{"line":152,"column":10},"end":{"line":152,"column":91}},"line":152},"16":{"name":"status.value.cache.save.is_requesting_now","decl":{"start":{"line":161,"column":10},"end":{"line":161,"column":93}},"loc":{"start":{"line":161,"column":10},"end":{"line":161,"column":93}},"line":161},"17":{"name":"setLoadingMessage","decl":{"start":{"line":174,"column":4},"end":{"line":178,"column":5}},"loc":{"start":{"line":174,"column":4},"end":{"line":178,"column":5}},"line":174},"18":{"name":"setLoading","decl":{"start":{"line":180,"column":4},"end":{"line":193,"column":5}},"loc":{"start":{"line":180,"column":4},"end":{"line":193,"column":5}},"line":180},"19":{"name":"stopLoading","decl":{"start":{"line":195,"column":4},"end":{"line":198,"column":5}},"loc":{"start":{"line":195,"column":4},"end":{"line":198,"column":5}},"line":195},"20":{"name":"cancelLoad","decl":{"start":{"line":201,"column":23},"end":{"line":212,"column":6}},"loc":{"start":{"line":201,"column":23},"end":{"line":212,"column":6}},"line":201},"21":{"name":"loadInServer","decl":{"start":{"line":214,"column":25},"end":{"line":272,"column":6}},"loc":{"start":{"line":214,"column":25},"end":{"line":272,"column":6}},"line":214},"22":{"name":"reload","decl":{"start":{"line":274,"column":19},"end":{"line":277,"column":6}},"loc":{"start":{"line":274,"column":19},"end":{"line":277,"column":6}},"line":274},"23":{"name":"loadInCache","decl":{"start":{"line":279,"column":24},"end":{"line":326,"column":6}},"loc":{"start":{"line":279,"column":24},"end":{"line":326,"column":6}},"line":279},"24":{"name":"deep","decl":{"start":{"line":335,"column":32},"end":{"line":335,"column":53}},"loc":{"start":{"line":335,"column":32},"end":{"line":335,"column":53}},"line":335},"25":{"name":"saveInCache","decl":{"start":{"line":337,"column":24},"end":{"line":367,"column":6}},"loc":{"start":{"line":337,"column":24},"end":{"line":367,"column":6}},"line":337},"26":{"name":"postInDeduplication","decl":{"start":{"line":369,"column":32},"end":{"line":369,"column":254}},"loc":{"start":{"line":369,"column":32},"end":{"line":369,"column":254}},"line":369},"27":{"name":"postRouteName","decl":{"start":{"line":370,"column":26},"end":{"line":370,"column":254}},"loc":{"start":{"line":370,"column":26},"end":{"line":370,"column":254}},"line":370},"28":{"name":"getPostData","decl":{"start":{"line":371,"column":24},"end":{"line":378,"column":6}},"loc":{"start":{"line":371,"column":24},"end":{"line":378,"column":6}},"line":371},"29":{"name":"saveInServer","decl":{"start":{"line":380,"column":25},"end":{"line":451,"column":6}},"loc":{"start":{"line":380,"column":25},"end":{"line":451,"column":6}},"line":380},"30":{"name":"onDownloadProgress","decl":{"start":{"line":411,"column":32},"end":{"line":413,"column":14}},"loc":{"start":{"line":411,"column":32},"end":{"line":413,"column":14}},"line":411},"31":{"name":"pauseSave","decl":{"start":{"line":454,"column":22},"end":{"line":454,"column":63}},"loc":{"start":{"line":454,"column":22},"end":{"line":454,"column":63}},"line":454},"32":{"name":"resumeSave","decl":{"start":{"line":455,"column":23},"end":{"line":455,"column":91}},"loc":{"start":{"line":455,"column":23},"end":{"line":455,"column":91}},"line":455},"33":{"name":"debounce","decl":{"start":{"line":465,"column":45},"end":{"line":465,"column":67}},"loc":{"start":{"line":465,"column":45},"end":{"line":465,"column":67}},"line":465},"34":{"name":"idx.value","decl":{"start":{"line":472,"column":10},"end":{"line":472,"column":67}},"loc":{"start":{"line":472,"column":10},"end":{"line":472,"column":67}},"line":472},"35":{"name":"immediate","decl":{"start":{"line":472,"column":67},"end":{"line":480,"column":7}},"loc":{"start":{"line":472,"column":67},"end":{"line":480,"column":7}},"line":472},"36":{"name":"clearAll","decl":{"start":{"line":482,"column":21},"end":{"line":482,"column":59}},"loc":{"start":{"line":482,"column":21},"end":{"line":482,"column":59}},"line":482},"37":{"name":"useAsyncStatus","decl":{"start":{"line":488,"column":7},"end":{"line":492,"column":1}},"loc":{"start":{"line":488,"column":7},"end":{"line":492,"column":1}},"line":488}},"f":{"0":0,"1":11,"2":8,"3":0,"4":8,"5":8,"6":38,"7":8,"8":0,"9":0,"10":8,"11":4,"12":8,"13":28,"14":24,"15":32,"16":34,"17":0,"18":12,"19":12,"20":0,"21":8,"22":0,"23":8,"24":0,"25":8,"26":0,"27":5,"28":5,"29":5,"30":0,"31":12,"32":12,"33":0,"34":8,"35":8,"36":0,"37":0}}
,"/home/johnattas/GitHub/MaxPinia/.max-code-worktrees/wt-implement-issue-4/src/helpers/internal.ts": {"path":"/home/johnattas/GitHub/MaxPinia/.max-code-worktrees/wt-implement-issue-4/src/helpers/internal.ts","all":false,"statementMap":{"0":{"start":{"line":1,"column":0},"end":{"line":1,"column":89}},"1":{"start":{"line":2,"column":0},"end":{"line":2,"column":28}},"2":{"start":{"line":3,"column":0},"end":{"line":3,"column":46}},"3":{"start":{"line":4,"column":0},"end":{"line":4,"column":65}},"11":{"start":{"line":12,"column":0},"end":{"line":12,"column":98}},"12":{"start":{"line":13,"column":0},"end":{"line":13,"column":46}},"13":{"start":{"line":14,"column":0},"end":{"line":14,"column":64}},"15":{"start":{"line":16,"column":0},"end":{"line":16,"column":25}},"16":{"start":{"line":17,"column":0},"end":{"line":17,"column":71}},"17":{"start":{"line":18,"column":0},"end":{"line":18,"column":73}},"18":{"start":{"line":19,"column":0},"end":{"line":19,"column":103}},"19":{"start":{"line":20,"column":0},"end":{"line":20,"column":122}},"20":{"start":{"line":21,"column":0},"end":{"line":21,"column":9}},"21":{"start":{"line":22,"column":0},"end":{"line":22,"column":31}},"22":{"start":{"line":23,"column":0},"end":{"line":23,"column":6}},"24":{"start":{"line":25,"column":0},"end":{"line":25,"column":18}},"25":{"start":{"line":26,"column":0},"end":{"line":26,"column":24}},"26":{"start":{"line":27,"column":0},"end":{"line":27,"column":79}},"28":{"start":{"line":29,"column":0},"end":{"line":29,"column":17}},"29":{"start":{"line":30,"column":0},"end":{"line":30,"column":1}},"32":{"start":{"line":33,"column":0},"end":{"line":33,"column":49}},"33":{"start":{"line":34,"column":0},"end":{"line":34,"column":60}},"34":{"start":{"line":35,"column":0},"end":{"line":35,"column":66}},"35":{"start":{"line":36,"column":0},"end":{"line":36,"column":54}},"36":{"start":{"line":37,"column":0},"end":{"line":37,"column":72}},"37":{"start":{"line":38,"column":0},"end":{"line":38,"column":16}},"38":{"start":{"line":39,"column":0},"end":{"line":39,"column":1}},"41":{"start":{"line":42,"column":0},"end":{"line":42,"column":30}},"42":{"start":{"line":43,"column":0},"end":{"line":43,"column":27}},"43":{"start":{"line":44,"column":0},"end":{"line":44,"column":71}},"44":{"start":{"line":45,"column":0},"end":{"line":45,"column":69}},"45":{"start":{"line":46,"column":0},"end":{"line":46,"column":16}},"46":{"start":{"line":47,"column":0},"end":{"line":47,"column":55}},"47":{"start":{"line":48,"column":0},"end":{"line":48,"column":39}},"48":{"start":{"line":49,"column":0},"end":{"line":49,"column":57}},"49":{"start":{"line":50,"column":0},"end":{"line":50,"column":52}},"50":{"start":{"line":51,"column":0},"end":{"line":51,"column":43}},"51":{"start":{"line":52,"column":0},"end":{"line":52,"column":18}},"52":{"start":{"line":53,"column":0},"end":{"line":53,"column":1}},"58":{"start":{"line":59,"column":0},"end":{"line":59,"column":60}},"59":{"start":{"line":60,"column":0},"end":{"line":60,"column":31}},"60":{"start":{"line":61,"column":0},"end":{"line":61,"column":79}},"61":{"start":{"line":62,"column":0},"end":{"line":62,"column":79}},"62":{"start":{"line":63,"column":0},"end":{"line":63,"column":79}},"63":{"start":{"line":64,"column":0},"end":{"line":64,"column":115}},"64":{"start":{"line":65,"column":0},"end":{"line":65,"column":50}},"65":{"start":{"line":66,"column":0},"end":{"line":66,"column":5}},"66":{"start":{"line":67,"column":0},"end":{"line":67,"column":16}},"67":{"start":{"line":68,"column":0},"end":{"line":68,"column":1}},"70":{"start":{"line":71,"column":0},"end":{"line":71,"column":71}},"71":{"start":{"line":72,"column":0},"end":{"line":72,"column":31}},"72":{"start":{"line":73,"column":0},"end":{"line":73,"column":79}},"73":{"start":{"line":74,"column":0},"end":{"line":74,"column":79}},"74":{"start":{"line":75,"column":0},"end":{"line":75,"column":79}},"75":{"start":{"line":76,"column":0},"end":{"line":76,"column":115}},"76":{"start":{"line":77,"column":0},"end":{"line":77,"column":42}},"77":{"start":{"line":78,"column":0},"end":{"line":78,"column":5}},"78":{"start":{"line":79,"column":0},"end":{"line":79,"column":17}},"79":{"start":{"line":80,"column":0},"end":{"line":80,"column":1}}},"s":{"0":1,"1":1,"2":1,"3":1,"11":1,"12":12,"13":12,"15":12,"16":23,"17":23,"18":23,"19":23,"20":23,"21":23,"22":23,"24":12,"25":12,"26":12,"28":12,"29":12,"32":1,"33":11,"34":11,"35":11,"36":11,"37":2,"38":2,"41":1,"42":8,"43":8,"44":8,"45":8,"46":8,"47":0,"48":0,"49":0,"50":8,"51":8,"52":8,"58":1,"59":31,"60":172,"61":172,"62":172,"63":172,"64":172,"65":172,"66":19,"67":19,"70":1,"71":16,"72":40,"73":40,"74":40,"75":40,"76":40,"77":40,"78":14,"79":14},"branchMap":{"0":{"type":"branch","line":12,"loc":{"start":{"line":12,"column":7},"end":{"line":30,"column":1}},"locations":[{"start":{"line":12,"column":7},"end":{"line":30,"column":1}}]},"1":{"type":"branch","line":27,"loc":{"start":{"line":27,"column":15},"end":{"line":27,"column":79}},"locations":[{"start":{"line":27,"column":15},"end":{"line":27,"column":79}}]},"2":{"type":"branch","line":16,"loc":{"start":{"line":16,"column":18},"end":{"line":23,"column":6}},"locations":[{"start":{"line":16,"column":18},"end":{"line":23,"column":6}}]},"3":{"type":"branch","line":19,"loc":{"start":{"line":19,"column":60},"end":{"line":19,"column":103}},"locations":[{"start":{"line":19,"column":60},"end":{"line":19,"column":103}}]},"4":{"type":"branch","line":20,"loc":{"start":{"line":20,"column":67},"end":{"line":20,"column":122}},"locations":[{"start":{"line":20,"column":67},"end":{"line":20,"column":122}}]},"5":{"type":"branch","line":33,"loc":{"start":{"line":33,"column":7},"end":{"line":39,"column":1}},"locations":[{"start":{"line":33,"column":7},"end":{"line":39,"column":1}}]},"6":{"type":"branch","line":34,"loc":{"start":{"line":34,"column":18},"end":{"line":34,"column":47}},"locations":[{"start":{"line":34,"column":18},"end":{"line":34,"column":47}}]},"7":{"type":"branch","line":34,"loc":{"start":{"line":34,"column":47},"end":{"line":34,"column":60}},"locations":[{"start":{"line":34,"column":47},"end":{"line":34,"column":60}}]},"8":{"type":"branch","line":34,"loc":{"start":{"line":34,"column":54},"end":{"line":35,"column":42}},"locations":[{"start":{"line":34,"column":54},"end":{"line":35,"column":42}}]},"9":{"type":"branch","line":35,"loc":{"start":{"line":35,"column":35},"end":{"line":35,"column":66}},"locations":[{"start":{"line":35,"column":35},"end":{"line":35,"column":66}}]},"10":{"type":"branch","line":35,"loc":{"start":{"line":35,"column":64},"end":{"line":36,"column":37}},"locations":[{"start":{"line":35,"column":64},"end":{"line":36,"column":37}}]},"11":{"type":"branch","line":36,"loc":{"start":{"line":36,"column":30},"end":{"line":36,"column":54}},"locations":[{"start":{"line":36,"column":30},"end":{"line":36,"column":54}}]},"12":{"type":"branch","line":36,"loc":{"start":{"line":36,"column":52},"end":{"line":37,"column":42}},"locations":[{"start":{"line":36,"column":52},"end":{"line":37,"column":42}}]},"13":{"type":"branch","line":37,"loc":{"start":{"line":37,"column":35},"end":{"line":39,"column":1}},"locations":[{"start":{"line":37,"column":35},"end":{"line":39,"column":1}}]},"14":{"type":"branch","line":42,"loc":{"start":{"line":42,"column":7},"end":{"line":53,"column":1}},"locations":[{"start":{"line":42,"column":7},"end":{"line":53,"column":1}}]},"15":{"type":"branch","line":59,"loc":{"start":{"line":59,"column":7},"end":{"line":68,"column":1}},"locations":[{"start":{"line":59,"column":7},"end":{"line":68,"column":1}}]},"16":{"type":"branch","line":60,"loc":{"start":{"line":60,"column":30},"end":{"line":66,"column":5}},"locations":[{"start":{"line":60,"column":30},"end":{"line":66,"column":5}}]},"17":{"type":"branch","line":64,"loc":{"start":{"line":64,"column":53},"end":{"line":64,"column":88}},"locations":[{"start":{"line":64,"column":53},"end":{"line":64,"column":88}}]},"18":{"type":"branch","line":64,"loc":{"start":{"line":64,"column":83},"end":{"line":64,"column":115}},"locations":[{"start":{"line":64,"column":83},"end":{"line":64,"column":115}}]},"19":{"type":"branch","line":65,"loc":{"start":{"line":65,"column":20},"end":{"line":65,"column":50}},"locations":[{"start":{"line":65,"column":20},"end":{"line":65,"column":50}}]},"20":{"type":"branch","line":65,"loc":{"start":{"line":65,"column":34},"end":{"line":65,"column":50}},"locations":[{"start":{"line":65,"column":34},"end":{"line":65,"column":50}}]},"21":{"type":"branch","line":66,"loc":{"start":{"line":66,"column":4},"end":{"line":68,"column":1}},"locations":[{"start":{"line":66,"column":4},"end":{"line":68,"column":1}}]},"22":{"type":"branch","line":61,"loc":{"start":{"line":61,"column":42},"end":{"line":61,"column":67}},"locations":[{"start":{"line":61,"column":42},"end":{"line":61,"column":67}}]},"23":{"type":"branch","line":62,"loc":{"start":{"line":62,"column":42},"end":{"line":62,"column":67}},"locations":[{"start":{"line":62,"column":42},"end":{"line":62,"column":67}}]},"24":{"type":"branch","line":63,"loc":{"start":{"line":63,"column":42},"end":{"line":63,"column":67}},"locations":[{"start":{"line":63,"column":42},"end":{"line":63,"column":67}}]},"25":{"type":"branch","line":71,"loc":{"start":{"line":71,"column":7},"end":{"line":80,"column":1}},"locations":[{"start":{"line":71,"column":7},"end":{"line":80,"column":1}}]},"26":{"type":"branch","line":72,"loc":{"start":{"line":72,"column":30},"end":{"line":78,"column":5}},"locations":[{"start":{"line":72,"column":30},"end":{"line":78,"column":5}}]},"27":{"type":"branch","line":76,"loc":{"start":{"line":76,"column":53},"end":{"line":76,"column":88}},"locations":[{"start":{"line":76,"column":53},"end":{"line":76,"column":88}}]},"28":{"type":"branch","line":76,"loc":{"start":{"line":76,"column":83},"end":{"line":76,"column":115}},"locations":[{"start":{"line":76,"column":83},"end":{"line":76,"column":115}}]},"29":{"type":"branch","line":77,"loc":{"start":{"line":77,"column":30},"end":{"line":77,"column":42}},"locations":[{"start":{"line":77,"column":30},"end":{"line":77,"column":42}}]},"30":{"type":"branch","line":78,"loc":{"start":{"line":78,"column":4},"end":{"line":80,"column":1}},"locations":[{"start":{"line":78,"column":4},"end":{"line":80,"column":1}}]},"31":{"type":"branch","line":73,"loc":{"start":{"line":73,"column":42},"end":{"line":73,"column":67}},"locations":[{"start":{"line":73,"column":42},"end":{"line":73,"column":67}}]},"32":{"type":"branch","line":74,"loc":{"start":{"line":74,"column":42},"end":{"line":74,"column":67}},"locations":[{"start":{"line":74,"column":42},"end":{"line":74,"column":67}}]},"33":{"type":"branch","line":75,"loc":{"start":{"line":75,"column":42},"end":{"line":75,"column":67}},"locations":[{"start":{"line":75,"column":42},"end":{"line":75,"column":67}}]}},"b":{"0":[12],"1":[0],"2":[23],"3":[2],"4":[0],"5":[11],"6":[10],"7":[2],"8":[9],"9":[3],"10":[6],"11":[2],"12":[4],"13":[2],"14":[8],"15":[31],"16":[172],"17":[161],"18":[161],"19":[12],"20":[11],"21":[19],"22":[307],"23":[307],"24":[307],"25":[16],"26":[40],"27":[38],"28":[38],"29":[2],"30":[14],"31":[65],"32":[65],"33":[65]},"fnMap":{"0":{"name":"useDefaultReset","decl":{"start":{"line":12,"column":7},"end":{"line":30,"column":1}},"loc":{"start":{"line":12,"column":7},"end":{"line":30,"column":1}},"line":12},"1":{"name":"state.reset","decl":{"start":{"line":16,"column":18},"end":{"line":23,"column":6}},"loc":{"start":{"line":16,"column":18},"end":{"line":23,"column":6}},"line":16},"2":{"name":"debounce","decl":{"start":{"line":27,"column":37},"end":{"line":27,"column":58}},"loc":{"start":{"line":27,"column":37},"end":{"line":27,"column":58}},"line":27},"3":{"name":"isNotEmpty","decl":{"start":{"line":33,"column":7},"end":{"line":39,"column":1}},"loc":{"start":{"line":33,"column":7},"end":{"line":39,"column":1}},"line":33},"4":{"name":"watchValid","decl":{"start":{"line":42,"column":7},"end":{"line":53,"column":1}},"loc":{"start":{"line":42,"column":7},"end":{"line":53,"column":1}},"line":42},"5":{"name":"handle","decl":{"start":{"line":47,"column":33},"end":{"line":51,"column":7}},"loc":{"start":{"line":47,"column":33},"end":{"line":51,"column":7}},"line":47},"6":{"name":"getIn","decl":{"start":{"line":59,"column":7},"end":{"line":68,"column":1}},"loc":{"start":{"line":59,"column":7},"end":{"line":68,"column":1}},"line":59},"7":{"name":"anyIsFalseIn","decl":{"start":{"line":71,"column":7},"end":{"line":80,"column":1}},"loc":{"start":{"line":71,"column":7},"end":{"line":80,"column":1}},"line":71}},"f":{"0":12,"1":23,"2":0,"3":11,"4":8,"5":0,"6":31,"7":16}}
}
